
build/release/echo.elf:     file format elf32-littleriscv
build/release/echo.elf
architecture: riscv:rv32, flags 0x00000112:
EXEC_P, HAS_SYMS, D_PAGED
start address 0x08005000

Program Header:
    LOAD off    0x00001000 vaddr 0x08005000 paddr 0x08005000 align 2**12
         filesz 0x000000e8 memsz 0x000008e8 flags rwx

Sections:
Idx Name              Size      VMA       LMA       File off  Algn  Flags
  0 .text             000000d8  08005000  08005000  00001000  2**3  CONTENTS, ALLOC, LOAD, READONLY, CODE
  1 .rodata           00000008  080050d8  080050d8  000010d8  2**3  CONTENTS, ALLOC, LOAD, READONLY, DATA
  2 .data             00000008  080050e0  080050e0  000010e0  2**3  CONTENTS, ALLOC, LOAD, DATA
  3 .heap             00000800  080050e8  080050e8  000010e8  2**3  ALLOC
  4 .riscv.attributes 0000001c  00000000  00000000  000010e8  2**0  CONTENTS, READONLY
  5 .comment          00000028  00000000  00000000  00001104  2**0  CONTENTS, READONLY
SYMBOL TABLE:
08005000 l    d  .text	00000000 .text
080050d8 l    d  .rodata	00000000 .rodata
080050e0 l    d  .data	00000000 .data
080050e8 l    d  .heap	00000000 .heap
00000000 l    d  .riscv.attributes	00000000 .riscv.attributes
00000000 l    d  .comment	00000000 .comment
00000000 l    df *ABS*	00000000 servers.c
00000000 l    df *ABS*	00000000 echo.c
080050e4 g     O .data	00000004 earth
00000800 g       *ABS*	00000000 __heap_size
080050e0 g     O .data	00000004 grass
0800503c g     F .text	0000009c main
08005000 g       .text	00000000 _enter
08008000 g       *ABS*	00000000 __heap_end
080050e8 g       .heap	00000000 __heap_start
08005010 g     F .text	0000002c exit



Disassembly of section .text:

08005000 <_enter>:
_enter():
 8005000:	00052503          	lw	a0,0(a0)
 8005004:	80002137          	lui	sp,0x80002
 8005008:	034000ef          	jal	ra,800503c <main>
 800500c:	004000ef          	jal	ra,8005010 <exit>

08005010 <exit>:
exit():
 8005010:	fe010113          	addi	sp,sp,-32 # 80001fe0 <__heap_end+0x77ff9fe0>
 8005014:	00112e23          	sw	ra,28(sp)
 8005018:	00812c23          	sw	s0,24(sp)
 800501c:	02010413          	addi	s0,sp,32
 8005020:	fea42623          	sw	a0,-20(s0)
 8005024:	080057b7          	lui	a5,0x8005
 8005028:	0e07a783          	lw	a5,224(a5) # 80050e0 <grass>
 800502c:	0a47a783          	lw	a5,164(a5)
 8005030:	fec42503          	lw	a0,-20(s0)
 8005034:	000780e7          	jalr	a5
 8005038:	0000006f          	j	8005038 <exit+0x28>

0800503c <main>:
main():
 800503c:	fd010113          	addi	sp,sp,-48
 8005040:	02112623          	sw	ra,44(sp)
 8005044:	02812423          	sw	s0,40(sp)
 8005048:	03010413          	addi	s0,sp,48
 800504c:	fca42e23          	sw	a0,-36(s0)
 8005050:	fcb42c23          	sw	a1,-40(s0)
 8005054:	00100793          	li	a5,1
 8005058:	fef42623          	sw	a5,-20(s0)
 800505c:	0400006f          	j	800509c <main+0x60>
 8005060:	080057b7          	lui	a5,0x8005
 8005064:	0e47a783          	lw	a5,228(a5) # 80050e4 <earth>
 8005068:	0347a683          	lw	a3,52(a5)
 800506c:	fec42783          	lw	a5,-20(s0)
 8005070:	00279793          	slli	a5,a5,0x2
 8005074:	fd842703          	lw	a4,-40(s0)
 8005078:	00f707b3          	add	a5,a4,a5
 800507c:	0007a783          	lw	a5,0(a5)
 8005080:	00078593          	mv	a1,a5
 8005084:	080057b7          	lui	a5,0x8005
 8005088:	0d878513          	addi	a0,a5,216 # 80050d8 <main+0x9c>
 800508c:	000680e7          	jalr	a3
 8005090:	fec42783          	lw	a5,-20(s0)
 8005094:	00178793          	addi	a5,a5,1
 8005098:	fef42623          	sw	a5,-20(s0)
 800509c:	fec42703          	lw	a4,-20(s0)
 80050a0:	fdc42783          	lw	a5,-36(s0)
 80050a4:	faf74ee3          	blt	a4,a5,8005060 <main+0x24>
 80050a8:	080057b7          	lui	a5,0x8005
 80050ac:	0e47a783          	lw	a5,228(a5) # 80050e4 <earth>
 80050b0:	0347a703          	lw	a4,52(a5)
 80050b4:	080057b7          	lui	a5,0x8005
 80050b8:	0dc78513          	addi	a0,a5,220 # 80050dc <main+0xa0>
 80050bc:	000700e7          	jalr	a4
 80050c0:	00000793          	li	a5,0
 80050c4:	00078513          	mv	a0,a5
 80050c8:	02c12083          	lw	ra,44(sp)
 80050cc:	02812403          	lw	s0,40(sp)
 80050d0:	03010113          	addi	sp,sp,48
 80050d4:	00008067          	ret
