
build/release/k.elf:     file format elf32-littleriscv
build/release/k.elf
architecture: riscv:rv32, flags 0x00000112:
EXEC_P, HAS_SYMS, D_PAGED
start address 0x08005000

Program Header:
    LOAD off    0x00001000 vaddr 0x08005000 paddr 0x08005000 align 2**12
         filesz 0x00000194 memsz 0x00000998 flags rwx

Sections:
Idx Name              Size      VMA       LMA       File off  Algn  Flags
  0 .text             00000190  08005000  08005000  00001000  2**3  CONTENTS, ALLOC, LOAD, READONLY, CODE
  1 .rodata           00000000  08005190  08005190  00001198  2**3  CONTENTS, ALLOC, LOAD, DATA
  2 .data             00000004  08005190  08005190  00001190  2**3  CONTENTS, ALLOC, LOAD, DATA
  3 .heap             00000800  08005198  08005198  00001194  2**3  ALLOC
  4 .riscv.attributes 0000001c  00000000  00000000  00001198  2**0  CONTENTS, READONLY
  5 .comment          00000028  00000000  00000000  000011b4  2**0  CONTENTS, READONLY
SYMBOL TABLE:
08005000 l    d  .text	00000000 .text
08005190 l    d  .rodata	00000000 .rodata
08005190 l    d  .data	00000000 .data
08005198 l    d  .heap	00000000 .heap
00000000 l    d  .riscv.attributes	00000000 .riscv.attributes
00000000 l    d  .comment	00000000 .comment
00000000 l    df *ABS*	00000000 servers.c
00000000 l    df *ABS*	00000000 k.c
0800503c g     F .text	00000088 kill
00000800 g       *ABS*	00000000 __heap_size
08005190 g     O .data	00000004 grass
080050c4 g     F .text	000000cc main
08005000 g       .text	00000000 _enter
08008000 g       *ABS*	00000000 __heap_end
08005198 g       .heap	00000000 __heap_start
08005010 g     F .text	0000002c exit



Disassembly of section .text:

08005000 <_enter>:
_enter():
 8005000:	00052503          	lw	a0,0(a0)
 8005004:	80002137          	lui	sp,0x80002
 8005008:	0bc000ef          	jal	ra,80050c4 <main>
 800500c:	004000ef          	jal	ra,8005010 <exit>

08005010 <exit>:
exit():
 8005010:	fe010113          	addi	sp,sp,-32 # 80001fe0 <__heap_end+0x77ff9fe0>
 8005014:	00112e23          	sw	ra,28(sp)
 8005018:	00812c23          	sw	s0,24(sp)
 800501c:	02010413          	addi	s0,sp,32
 8005020:	fea42623          	sw	a0,-20(s0)
 8005024:	080057b7          	lui	a5,0x8005
 8005028:	1907a783          	lw	a5,400(a5) # 8005190 <grass>
 800502c:	0a47a783          	lw	a5,164(a5)
 8005030:	fec42503          	lw	a0,-20(s0)
 8005034:	000780e7          	jalr	a5
 8005038:	0000006f          	j	8005038 <exit+0x28>

0800503c <kill>:
kill():
 800503c:	dd010113          	addi	sp,sp,-560
 8005040:	22112623          	sw	ra,556(sp)
 8005044:	22812423          	sw	s0,552(sp)
 8005048:	23010413          	addi	s0,sp,560
 800504c:	dca42e23          	sw	a0,-548(s0)
 8005050:	00500793          	li	a5,5
 8005054:	def42423          	sw	a5,-536(s0)
 8005058:	00100793          	li	a5,1
 800505c:	def42623          	sw	a5,-532(s0)
 8005060:	ddc42783          	lw	a5,-548(s0)
 8005064:	0ff7f793          	andi	a5,a5,255
 8005068:	def40823          	sb	a5,-528(s0)
 800506c:	080057b7          	lui	a5,0x8005
 8005070:	1907a783          	lw	a5,400(a5) # 8005190 <grass>
 8005074:	0a87a703          	lw	a4,168(a5)
 8005078:	de840793          	addi	a5,s0,-536
 800507c:	20800613          	li	a2,520
 8005080:	00078593          	mv	a1,a5
 8005084:	00100513          	li	a0,1
 8005088:	000700e7          	jalr	a4
 800508c:	080057b7          	lui	a5,0x8005
 8005090:	1907a783          	lw	a5,400(a5) # 8005190 <grass>
 8005094:	0ac7a703          	lw	a4,172(a5)
 8005098:	de440793          	addi	a5,s0,-540
 800509c:	00400613          	li	a2,4
 80050a0:	00078593          	mv	a1,a5
 80050a4:	00000513          	li	a0,0
 80050a8:	000700e7          	jalr	a4
 80050ac:	00100793          	li	a5,1
 80050b0:	00078513          	mv	a0,a5
 80050b4:	22c12083          	lw	ra,556(sp)
 80050b8:	22812403          	lw	s0,552(sp)
 80050bc:	23010113          	addi	sp,sp,560
 80050c0:	00008067          	ret

080050c4 <main>:
main():
 80050c4:	fd010113          	addi	sp,sp,-48
 80050c8:	02112623          	sw	ra,44(sp)
 80050cc:	02812423          	sw	s0,40(sp)
 80050d0:	03010413          	addi	s0,sp,48
 80050d4:	fca42e23          	sw	a0,-36(s0)
 80050d8:	fcb42c23          	sw	a1,-40(s0)
 80050dc:	080057b7          	lui	a5,0x8005
 80050e0:	1907a783          	lw	a5,400(a5) # 8005190 <grass>
 80050e4:	09c7a783          	lw	a5,156(a5)
 80050e8:	000780e7          	jalr	a5
 80050ec:	fea42423          	sw	a0,-24(s0)
 80050f0:	fe042623          	sw	zero,-20(s0)
 80050f4:	0780006f          	j	800516c <main+0xa8>
 80050f8:	fec42703          	lw	a4,-20(s0)
 80050fc:	00070793          	mv	a5,a4
 8005100:	00279793          	slli	a5,a5,0x2
 8005104:	00e787b3          	add	a5,a5,a4
 8005108:	00279793          	slli	a5,a5,0x2
 800510c:	00e787b3          	add	a5,a5,a4
 8005110:	00279793          	slli	a5,a5,0x2
 8005114:	00078713          	mv	a4,a5
 8005118:	fe842783          	lw	a5,-24(s0)
 800511c:	00e787b3          	add	a5,a5,a4
 8005120:	0007a703          	lw	a4,0(a5)
 8005124:	00400793          	li	a5,4
 8005128:	02e7dc63          	bge	a5,a4,8005160 <main+0x9c>
 800512c:	fec42703          	lw	a4,-20(s0)
 8005130:	00070793          	mv	a5,a4
 8005134:	00279793          	slli	a5,a5,0x2
 8005138:	00e787b3          	add	a5,a5,a4
 800513c:	00279793          	slli	a5,a5,0x2
 8005140:	00e787b3          	add	a5,a5,a4
 8005144:	00279793          	slli	a5,a5,0x2
 8005148:	00078713          	mv	a4,a5
 800514c:	fe842783          	lw	a5,-24(s0)
 8005150:	00e787b3          	add	a5,a5,a4
 8005154:	0007a783          	lw	a5,0(a5)
 8005158:	00078513          	mv	a0,a5
 800515c:	ee1ff0ef          	jal	ra,800503c <kill>
 8005160:	fec42783          	lw	a5,-20(s0)
 8005164:	00178793          	addi	a5,a5,1
 8005168:	fef42623          	sw	a5,-20(s0)
 800516c:	fec42703          	lw	a4,-20(s0)
 8005170:	00f00793          	li	a5,15
 8005174:	f8e7d2e3          	bge	a5,a4,80050f8 <main+0x34>
 8005178:	00000793          	li	a5,0
 800517c:	00078513          	mv	a0,a5
 8005180:	02c12083          	lw	ra,44(sp)
 8005184:	02812403          	lw	s0,40(sp)
 8005188:	03010113          	addi	sp,sp,48
 800518c:	00008067          	ret
