
build/release/ps.elf:     file format elf32-littleriscv
build/release/ps.elf
architecture: riscv:rv32, flags 0x00000112:
EXEC_P, HAS_SYMS, D_PAGED
start address 0x08005000

Program Header:
    LOAD off    0x00001000 vaddr 0x08005000 paddr 0x08005000 align 2**12
         filesz 0x00000150 memsz 0x00000950 flags rwx

Sections:
Idx Name              Size      VMA       LMA       File off  Algn  Flags
  0 .text             00000130  08005000  08005000  00001000  2**3  CONTENTS, ALLOC, LOAD, READONLY, CODE
  1 .rodata           00000018  08005130  08005130  00001130  2**3  CONTENTS, ALLOC, LOAD, READONLY, DATA
  2 .data             00000008  08005148  08005148  00001148  2**3  CONTENTS, ALLOC, LOAD, DATA
  3 .heap             00000800  08005150  08005150  00001150  2**3  ALLOC
  4 .riscv.attributes 0000001c  00000000  00000000  00001150  2**0  CONTENTS, READONLY
  5 .comment          00000028  00000000  00000000  0000116c  2**0  CONTENTS, READONLY
SYMBOL TABLE:
08005000 l    d  .text	00000000 .text
08005130 l    d  .rodata	00000000 .rodata
08005148 l    d  .data	00000000 .data
08005150 l    d  .heap	00000000 .heap
00000000 l    d  .riscv.attributes	00000000 .riscv.attributes
00000000 l    d  .comment	00000000 .comment
00000000 l    df *ABS*	00000000 servers.c
00000000 l    df *ABS*	00000000 ps.c
0800514c g     O .data	00000004 earth
00000800 g       *ABS*	00000000 __heap_size
08005148 g     O .data	00000004 grass
0800503c g     F .text	000000f4 main
08005000 g       .text	00000000 _enter
08008000 g       *ABS*	00000000 __heap_end
08005150 g       .heap	00000000 __heap_start
08005010 g     F .text	0000002c exit



Disassembly of section .text:

08005000 <_enter>:
_enter():
 8005000:	00052503          	lw	a0,0(a0)
 8005004:	80002137          	lui	sp,0x80002
 8005008:	034000ef          	jal	ra,800503c <main>
 800500c:	004000ef          	jal	ra,8005010 <exit>

08005010 <exit>:
exit():
 8005010:	fe010113          	addi	sp,sp,-32 # 80001fe0 <__heap_end+0x77ff9fe0>
 8005014:	00112e23          	sw	ra,28(sp)
 8005018:	00812c23          	sw	s0,24(sp)
 800501c:	02010413          	addi	s0,sp,32
 8005020:	fea42623          	sw	a0,-20(s0)
 8005024:	080057b7          	lui	a5,0x8005
 8005028:	1487a783          	lw	a5,328(a5) # 8005148 <grass>
 800502c:	0a47a783          	lw	a5,164(a5)
 8005030:	fec42503          	lw	a0,-20(s0)
 8005034:	000780e7          	jalr	a5
 8005038:	0000006f          	j	8005038 <exit+0x28>

0800503c <main>:
main():
 800503c:	fd010113          	addi	sp,sp,-48
 8005040:	02112623          	sw	ra,44(sp)
 8005044:	02812423          	sw	s0,40(sp)
 8005048:	03010413          	addi	s0,sp,48
 800504c:	fca42e23          	sw	a0,-36(s0)
 8005050:	fcb42c23          	sw	a1,-40(s0)
 8005054:	080057b7          	lui	a5,0x8005
 8005058:	1487a783          	lw	a5,328(a5) # 8005148 <grass>
 800505c:	09c7a783          	lw	a5,156(a5)
 8005060:	000780e7          	jalr	a5
 8005064:	fea42423          	sw	a0,-24(s0)
 8005068:	080057b7          	lui	a5,0x8005
 800506c:	14c7a783          	lw	a5,332(a5) # 800514c <earth>
 8005070:	0347a703          	lw	a4,52(a5)
 8005074:	080057b7          	lui	a5,0x8005
 8005078:	13078513          	addi	a0,a5,304 # 8005130 <main+0xf4>
 800507c:	000700e7          	jalr	a4
 8005080:	fe042623          	sw	zero,-20(s0)
 8005084:	0880006f          	j	800510c <main+0xd0>
 8005088:	fec42703          	lw	a4,-20(s0)
 800508c:	00070793          	mv	a5,a4
 8005090:	00279793          	slli	a5,a5,0x2
 8005094:	00e787b3          	add	a5,a5,a4
 8005098:	00279793          	slli	a5,a5,0x2
 800509c:	00e787b3          	add	a5,a5,a4
 80050a0:	00279793          	slli	a5,a5,0x2
 80050a4:	00078713          	mv	a4,a5
 80050a8:	fe842783          	lw	a5,-24(s0)
 80050ac:	00e787b3          	add	a5,a5,a4
 80050b0:	0047a783          	lw	a5,4(a5)
 80050b4:	04078663          	beqz	a5,8005100 <main+0xc4>
 80050b8:	080057b7          	lui	a5,0x8005
 80050bc:	14c7a783          	lw	a5,332(a5) # 800514c <earth>
 80050c0:	0347a683          	lw	a3,52(a5)
 80050c4:	fec42703          	lw	a4,-20(s0)
 80050c8:	00070793          	mv	a5,a4
 80050cc:	00279793          	slli	a5,a5,0x2
 80050d0:	00e787b3          	add	a5,a5,a4
 80050d4:	00279793          	slli	a5,a5,0x2
 80050d8:	00e787b3          	add	a5,a5,a4
 80050dc:	00279793          	slli	a5,a5,0x2
 80050e0:	00078713          	mv	a4,a5
 80050e4:	fe842783          	lw	a5,-24(s0)
 80050e8:	00e787b3          	add	a5,a5,a4
 80050ec:	0007a783          	lw	a5,0(a5)
 80050f0:	00078593          	mv	a1,a5
 80050f4:	080057b7          	lui	a5,0x8005
 80050f8:	13c78513          	addi	a0,a5,316 # 800513c <main+0x100>
 80050fc:	000680e7          	jalr	a3
 8005100:	fec42783          	lw	a5,-20(s0)
 8005104:	00178793          	addi	a5,a5,1
 8005108:	fef42623          	sw	a5,-20(s0)
 800510c:	fec42703          	lw	a4,-20(s0)
 8005110:	00f00793          	li	a5,15
 8005114:	f6e7dae3          	bge	a5,a4,8005088 <main+0x4c>
 8005118:	00000793          	li	a5,0
 800511c:	00078513          	mv	a0,a5
 8005120:	02c12083          	lw	ra,44(sp)
 8005124:	02812403          	lw	s0,40(sp)
 8005128:	03010113          	addi	sp,sp,48
 800512c:	00008067          	ret
