
build/release/pwd.elf:     file format elf32-littleriscv
build/release/pwd.elf
architecture: riscv:rv32, flags 0x00000112:
EXEC_P, HAS_SYMS, D_PAGED
start address 0x08005000

Program Header:
    LOAD off    0x00001000 vaddr 0x08005000 paddr 0x08005000 align 2**12
         filesz 0x000000a8 memsz 0x000008a8 flags rwx

Sections:
Idx Name              Size      VMA       LMA       File off  Algn  Flags
  0 .text             00000094  08005000  08005000  00001000  2**3  CONTENTS, ALLOC, LOAD, READONLY, CODE
  1 .rodata           00000008  08005098  08005098  00001098  2**3  CONTENTS, ALLOC, LOAD, READONLY, DATA
  2 .data             00000008  080050a0  080050a0  000010a0  2**3  CONTENTS, ALLOC, LOAD, DATA
  3 .heap             00000800  080050a8  080050a8  000010a8  2**3  ALLOC
  4 .riscv.attributes 0000001c  00000000  00000000  000010a8  2**0  CONTENTS, READONLY
  5 .comment          00000028  00000000  00000000  000010c4  2**0  CONTENTS, READONLY
SYMBOL TABLE:
08005000 l    d  .text	00000000 .text
08005098 l    d  .rodata	00000000 .rodata
080050a0 l    d  .data	00000000 .data
080050a8 l    d  .heap	00000000 .heap
00000000 l    d  .riscv.attributes	00000000 .riscv.attributes
00000000 l    d  .comment	00000000 .comment
00000000 l    df *ABS*	00000000 servers.c
00000000 l    df *ABS*	00000000 pwd.c
080050a4 g     O .data	00000004 earth
00000800 g       *ABS*	00000000 __heap_size
080050a0 g     O .data	00000004 grass
0800503c g     F .text	00000058 main
08005000 g       .text	00000000 _enter
08008000 g       *ABS*	00000000 __heap_end
080050a8 g       .heap	00000000 __heap_start
08005010 g     F .text	0000002c exit



Disassembly of section .text:

08005000 <_enter>:
_enter():
 8005000:	00052503          	lw	a0,0(a0)
 8005004:	80002137          	lui	sp,0x80002
 8005008:	034000ef          	jal	ra,800503c <main>
 800500c:	004000ef          	jal	ra,8005010 <exit>

08005010 <exit>:
exit():
 8005010:	fe010113          	addi	sp,sp,-32 # 80001fe0 <__heap_end+0x77ff9fe0>
 8005014:	00112e23          	sw	ra,28(sp)
 8005018:	00812c23          	sw	s0,24(sp)
 800501c:	02010413          	addi	s0,sp,32
 8005020:	fea42623          	sw	a0,-20(s0)
 8005024:	080057b7          	lui	a5,0x8005
 8005028:	0a07a783          	lw	a5,160(a5) # 80050a0 <grass>
 800502c:	0a47a783          	lw	a5,164(a5)
 8005030:	fec42503          	lw	a0,-20(s0)
 8005034:	000780e7          	jalr	a5
 8005038:	0000006f          	j	8005038 <exit+0x28>

0800503c <main>:
main():
 800503c:	fe010113          	addi	sp,sp,-32
 8005040:	00112e23          	sw	ra,28(sp)
 8005044:	00812c23          	sw	s0,24(sp)
 8005048:	02010413          	addi	s0,sp,32
 800504c:	fea42623          	sw	a0,-20(s0)
 8005050:	feb42423          	sw	a1,-24(s0)
 8005054:	080057b7          	lui	a5,0x8005
 8005058:	0a47a783          	lw	a5,164(a5) # 80050a4 <earth>
 800505c:	0347a703          	lw	a4,52(a5)
 8005060:	080057b7          	lui	a5,0x8005
 8005064:	0a07a783          	lw	a5,160(a5) # 80050a0 <grass>
 8005068:	00478793          	addi	a5,a5,4
 800506c:	00078593          	mv	a1,a5
 8005070:	080057b7          	lui	a5,0x8005
 8005074:	09878513          	addi	a0,a5,152 # 8005098 <main+0x5c>
 8005078:	000700e7          	jalr	a4
 800507c:	00000793          	li	a5,0
 8005080:	00078513          	mv	a0,a5
 8005084:	01c12083          	lw	ra,28(sp)
 8005088:	01812403          	lw	s0,24(sp)
 800508c:	02010113          	addi	sp,sp,32
 8005090:	00008067          	ret
