
build/release/sys_dir.elf:     file format elf32-littleriscv
build/release/sys_dir.elf
architecture: riscv:rv32, flags 0x00000112:
EXEC_P, HAS_SYMS, D_PAGED
start address 0x08005000

Program Header:
    LOAD off    0x00001000 vaddr 0x08005000 paddr 0x08005000 align 2**12
         filesz 0x00000fa4 memsz 0x00001bb0 flags rwx

Sections:
Idx Name              Size      VMA       LMA       File off  Algn  Flags
  0 .text             000009c8  08005000  08005000  00001000  2**3  CONTENTS, ALLOC, LOAD, READONLY, CODE
  1 .rodata           000001a8  080059c8  080059c8  000019c8  2**3  CONTENTS, ALLOC, LOAD, READONLY, DATA
  2 .data             00000434  08005b70  08005b70  00001b70  2**3  CONTENTS, ALLOC, LOAD, DATA
  3 .bss              00000404  08005fa8  08005fa8  00001fa4  2**3  ALLOC
  4 .heap             00000800  080063b0  080063b0  00001fa4  2**3  ALLOC
  5 .riscv.attributes 0000001c  00000000  00000000  00001fa4  2**0  CONTENTS, READONLY
  6 .comment          00000028  00000000  00000000  00001fc0  2**0  CONTENTS, READONLY
  7 .debug_line       00000202  00000000  00000000  00001fe8  2**0  CONTENTS, READONLY, DEBUGGING
  8 .debug_info       0000004c  00000000  00000000  000021ea  2**0  CONTENTS, READONLY, DEBUGGING
  9 .debug_abbrev     00000028  00000000  00000000  00002236  2**0  CONTENTS, READONLY, DEBUGGING
 10 .debug_aranges    00000040  00000000  00000000  00002260  2**3  CONTENTS, READONLY, DEBUGGING
 11 .debug_str        00000141  00000000  00000000  000022a0  2**0  CONTENTS, READONLY, DEBUGGING
SYMBOL TABLE:
08005000 l    d  .text	00000000 .text
080059c8 l    d  .rodata	00000000 .rodata
08005b70 l    d  .data	00000000 .data
08005fa8 l    d  .bss	00000000 .bss
080063b0 l    d  .heap	00000000 .heap
00000000 l    d  .riscv.attributes	00000000 .riscv.attributes
00000000 l    d  .comment	00000000 .comment
00000000 l    d  .debug_line	00000000 .debug_line
00000000 l    d  .debug_info	00000000 .debug_info
00000000 l    d  .debug_abbrev	00000000 .debug_abbrev
00000000 l    d  .debug_aranges	00000000 .debug_aranges
00000000 l    d  .debug_str	00000000 .debug_str
00000000 l    df *ABS*	00000000 servers.c
08005fa8 l     O .bss	00000004 sender
08005fac l     O .bss	00000400 buf
00000000 l    df *ABS*	00000000 sys_dir.c
00000000 l    df *ABS*	00000000 atoi.c
00000000 l    df *ABS*	00000000 memcpy.c
00000000 l    df *ABS*	00000000 strlen.c
00000000 l    df *ABS*	00000000 strncmp.c
00000000 l    df *ABS*	00000000 strtol.c
08005668 l     F .text	0000024c _strtol_l.isra.0
00000000 l    df *ABS*	00000000 ctype_.c
00000000 l    df *ABS*	00000000 impure.c
08005b70 l     O .data	00000428 impure_data
080053d0 g     F .text	0000011c memcpy
0800591c g     F .text	00000048 .hidden __udivsi3
08005f9c g     O .data	00000004 earth
080058b8 g     F .text	0000001c strtol_l
080058d4 g     F .text	0000001c strtol
00000800 g       *ABS*	00000000 __heap_size
08005964 g     F .text	00000010 .hidden __umodsi3
080053c4 g     F .text	0000000c _atoi_r
0800512c g     F .text	00000118 dir_do_lookup
0800503c g     F .text	000000f0 file_read
08005578 g     F .text	000000f0 strncmp
08005f98 g     O .data	00000004 grass
080058f0 g     F .text	00000024 .hidden __mulsi3
08005244 g     F .text	00000174 main
080058b4 g     F .text	00000004 _strtol_r
08005914 g     F .text	00000084 .hidden __divsi3
08005000 g       .text	00000000 _enter
08008000 g       *ABS*	00000000 __heap_end
08005fa0 g     O .data	00000004 _impure_ptr
080063b0 g       .heap	00000000 __heap_start
08005010 g     F .text	0000002c exit
08005998 g     F .text	00000030 .hidden __modsi3
080053b8 g     F .text	0000000c atoi
08005a6c g     O .rodata	00000101 _ctype_
080054ec g     F .text	0000008c strlen



Disassembly of section .text:

08005000 <_enter>:
_enter():
 8005000:	00052503          	lw	a0,0(a0)
 8005004:	80002137          	lui	sp,0x80002
 8005008:	23c000ef          	jal	ra,8005244 <main>
 800500c:	004000ef          	jal	ra,8005010 <exit>

08005010 <exit>:
exit():
 8005010:	fe010113          	addi	sp,sp,-32 # 80001fe0 <__heap_end+0x77ff9fe0>
 8005014:	00112e23          	sw	ra,28(sp)
 8005018:	00812c23          	sw	s0,24(sp)
 800501c:	02010413          	addi	s0,sp,32
 8005020:	fea42623          	sw	a0,-20(s0)
 8005024:	080067b7          	lui	a5,0x8006
 8005028:	f987a783          	lw	a5,-104(a5) # 8005f98 <grass>
 800502c:	0a47a783          	lw	a5,164(a5)
 8005030:	fec42503          	lw	a0,-20(s0)
 8005034:	000780e7          	jalr	a5
 8005038:	0000006f          	j	8005038 <exit+0x28>

0800503c <file_read>:
file_read():
 800503c:	dd010113          	addi	sp,sp,-560
 8005040:	22112623          	sw	ra,556(sp)
 8005044:	22812423          	sw	s0,552(sp)
 8005048:	23010413          	addi	s0,sp,560
 800504c:	dca42e23          	sw	a0,-548(s0)
 8005050:	dcb42c23          	sw	a1,-552(s0)
 8005054:	dcc42a23          	sw	a2,-556(s0)
 8005058:	00100793          	li	a5,1
 800505c:	def42023          	sw	a5,-544(s0)
 8005060:	ddc42783          	lw	a5,-548(s0)
 8005064:	def42223          	sw	a5,-540(s0)
 8005068:	dd842783          	lw	a5,-552(s0)
 800506c:	def42423          	sw	a5,-536(s0)
 8005070:	080067b7          	lui	a5,0x8006
 8005074:	f987a783          	lw	a5,-104(a5) # 8005f98 <grass>
 8005078:	0a87a703          	lw	a4,168(a5)
 800507c:	de040793          	addi	a5,s0,-544
 8005080:	20c00613          	li	a2,524
 8005084:	00078593          	mv	a1,a5
 8005088:	00200513          	li	a0,2
 800508c:	000700e7          	jalr	a4
 8005090:	080067b7          	lui	a5,0x8006
 8005094:	f987a783          	lw	a5,-104(a5) # 8005f98 <grass>
 8005098:	0ac7a703          	lw	a4,172(a5)
 800509c:	40000613          	li	a2,1024
 80050a0:	080067b7          	lui	a5,0x8006
 80050a4:	fac78593          	addi	a1,a5,-84 # 8005fac <buf>
 80050a8:	080067b7          	lui	a5,0x8006
 80050ac:	fa878513          	addi	a0,a5,-88 # 8005fa8 <sender>
 80050b0:	000700e7          	jalr	a4
 80050b4:	080067b7          	lui	a5,0x8006
 80050b8:	fa87a703          	lw	a4,-88(a5) # 8005fa8 <sender>
 80050bc:	00200793          	li	a5,2
 80050c0:	00f70e63          	beq	a4,a5,80050dc <file_read+0xa0>
 80050c4:	080067b7          	lui	a5,0x8006
 80050c8:	f9c7a783          	lw	a5,-100(a5) # 8005f9c <earth>
 80050cc:	03c7a703          	lw	a4,60(a5)
 80050d0:	080067b7          	lui	a5,0x8006
 80050d4:	9e878513          	addi	a0,a5,-1560 # 80059e8 <__modsi3+0x50>
 80050d8:	000700e7          	jalr	a4
 80050dc:	080067b7          	lui	a5,0x8006
 80050e0:	fac78793          	addi	a5,a5,-84 # 8005fac <buf>
 80050e4:	fef42623          	sw	a5,-20(s0)
 80050e8:	fec42783          	lw	a5,-20(s0)
 80050ec:	00478793          	addi	a5,a5,4
 80050f0:	20000613          	li	a2,512
 80050f4:	00078593          	mv	a1,a5
 80050f8:	dd442503          	lw	a0,-556(s0)
 80050fc:	2d4000ef          	jal	ra,80053d0 <memcpy>
 8005100:	fec42783          	lw	a5,-20(s0)
 8005104:	0007a783          	lw	a5,0(a5)
 8005108:	00079663          	bnez	a5,8005114 <file_read+0xd8>
 800510c:	00000793          	li	a5,0
 8005110:	0080006f          	j	8005118 <file_read+0xdc>
 8005114:	fff00793          	li	a5,-1
 8005118:	00078513          	mv	a0,a5
 800511c:	22c12083          	lw	ra,556(sp)
 8005120:	22812403          	lw	s0,552(sp)
 8005124:	23010113          	addi	sp,sp,560
 8005128:	00008067          	ret

0800512c <dir_do_lookup>:
dir_do_lookup():
 800512c:	dd010113          	addi	sp,sp,-560
 8005130:	22112623          	sw	ra,556(sp)
 8005134:	22812423          	sw	s0,552(sp)
 8005138:	23010413          	addi	s0,sp,560
 800513c:	dca42e23          	sw	a0,-548(s0)
 8005140:	dcb42c23          	sw	a1,-552(s0)
 8005144:	de840793          	addi	a5,s0,-536
 8005148:	00078613          	mv	a2,a5
 800514c:	00000593          	li	a1,0
 8005150:	ddc42503          	lw	a0,-548(s0)
 8005154:	ee9ff0ef          	jal	ra,800503c <file_read>
 8005158:	fe042623          	sw	zero,-20(s0)
 800515c:	dd842503          	lw	a0,-552(s0)
 8005160:	38c000ef          	jal	ra,80054ec <strlen>
 8005164:	00050793          	mv	a5,a0
 8005168:	fef42423          	sw	a5,-24(s0)
 800516c:	0a00006f          	j	800520c <dir_do_lookup+0xe0>
 8005170:	fec42783          	lw	a5,-20(s0)
 8005174:	de840713          	addi	a4,s0,-536
 8005178:	00f707b3          	add	a5,a4,a5
 800517c:	fe842703          	lw	a4,-24(s0)
 8005180:	00070613          	mv	a2,a4
 8005184:	00078593          	mv	a1,a5
 8005188:	dd842503          	lw	a0,-552(s0)
 800518c:	3ec000ef          	jal	ra,8005578 <strncmp>
 8005190:	00050793          	mv	a5,a0
 8005194:	06079663          	bnez	a5,8005200 <dir_do_lookup+0xd4>
 8005198:	fec42703          	lw	a4,-20(s0)
 800519c:	fe842783          	lw	a5,-24(s0)
 80051a0:	00f707b3          	add	a5,a4,a5
 80051a4:	ff040713          	addi	a4,s0,-16
 80051a8:	00f707b3          	add	a5,a4,a5
 80051ac:	df87c703          	lbu	a4,-520(a5)
 80051b0:	02000793          	li	a5,32
 80051b4:	04f71663          	bne	a4,a5,8005200 <dir_do_lookup+0xd4>
 80051b8:	fec42783          	lw	a5,-20(s0)
 80051bc:	02078063          	beqz	a5,80051dc <dir_do_lookup+0xb0>
 80051c0:	fec42783          	lw	a5,-20(s0)
 80051c4:	fff78793          	addi	a5,a5,-1
 80051c8:	ff040713          	addi	a4,s0,-16
 80051cc:	00f707b3          	add	a5,a4,a5
 80051d0:	df87c703          	lbu	a4,-520(a5)
 80051d4:	02000793          	li	a5,32
 80051d8:	02f71463          	bne	a4,a5,8005200 <dir_do_lookup+0xd4>
 80051dc:	fec42703          	lw	a4,-20(s0)
 80051e0:	fe842783          	lw	a5,-24(s0)
 80051e4:	00f707b3          	add	a5,a4,a5
 80051e8:	de840713          	addi	a4,s0,-536
 80051ec:	00f707b3          	add	a5,a4,a5
 80051f0:	00078513          	mv	a0,a5
 80051f4:	1c4000ef          	jal	ra,80053b8 <atoi>
 80051f8:	00050793          	mv	a5,a0
 80051fc:	0340006f          	j	8005230 <dir_do_lookup+0x104>
 8005200:	fec42783          	lw	a5,-20(s0)
 8005204:	00178793          	addi	a5,a5,1
 8005208:	fef42623          	sw	a5,-20(s0)
 800520c:	de840793          	addi	a5,s0,-536
 8005210:	00078513          	mv	a0,a5
 8005214:	2d8000ef          	jal	ra,80054ec <strlen>
 8005218:	00050713          	mv	a4,a0
 800521c:	fe842783          	lw	a5,-24(s0)
 8005220:	40f70733          	sub	a4,a4,a5
 8005224:	fec42783          	lw	a5,-20(s0)
 8005228:	f4e7e4e3          	bltu	a5,a4,8005170 <dir_do_lookup+0x44>
 800522c:	fff00793          	li	a5,-1
 8005230:	00078513          	mv	a0,a5
 8005234:	22c12083          	lw	ra,556(sp)
 8005238:	22812403          	lw	s0,552(sp)
 800523c:	23010113          	addi	sp,sp,560
 8005240:	00008067          	ret

08005244 <main>:
main():
 8005244:	be010113          	addi	sp,sp,-1056
 8005248:	40112e23          	sw	ra,1052(sp)
 800524c:	40812c23          	sw	s0,1048(sp)
 8005250:	42010413          	addi	s0,sp,1056
 8005254:	080067b7          	lui	a5,0x8006
 8005258:	f9c7a783          	lw	a5,-100(a5) # 8005f9c <earth>
 800525c:	0407a703          	lw	a4,64(a5)
 8005260:	080067b7          	lui	a5,0x8006
 8005264:	a0878513          	addi	a0,a5,-1528 # 8005a08 <__modsi3+0x70>
 8005268:	000700e7          	jalr	a4
 800526c:	be840793          	addi	a5,s0,-1048
 8005270:	08006737          	lui	a4,0x8006
 8005274:	a2870713          	addi	a4,a4,-1496 # 8005a28 <__modsi3+0x90>
 8005278:	00072303          	lw	t1,0(a4)
 800527c:	00472883          	lw	a7,4(a4)
 8005280:	00872803          	lw	a6,8(a4)
 8005284:	00c72503          	lw	a0,12(a4)
 8005288:	01072583          	lw	a1,16(a4)
 800528c:	01472603          	lw	a2,20(a4)
 8005290:	01872683          	lw	a3,24(a4)
 8005294:	0067a023          	sw	t1,0(a5)
 8005298:	0117a223          	sw	a7,4(a5)
 800529c:	0107a423          	sw	a6,8(a5)
 80052a0:	00a7a623          	sw	a0,12(a5)
 80052a4:	00b7a823          	sw	a1,16(a5)
 80052a8:	00c7aa23          	sw	a2,20(a5)
 80052ac:	00d7ac23          	sw	a3,24(a5)
 80052b0:	01c75683          	lhu	a3,28(a4)
 80052b4:	00d79e23          	sh	a3,28(a5)
 80052b8:	01e74703          	lbu	a4,30(a4)
 80052bc:	00e78f23          	sb	a4,30(a5)
 80052c0:	080067b7          	lui	a5,0x8006
 80052c4:	f987a783          	lw	a5,-104(a5) # 8005f98 <grass>
 80052c8:	0a87a703          	lw	a4,168(a5)
 80052cc:	be840793          	addi	a5,s0,-1048
 80052d0:	01f00613          	li	a2,31
 80052d4:	00078593          	mv	a1,a5
 80052d8:	00100513          	li	a0,1
 80052dc:	000700e7          	jalr	a4
 80052e0:	be840793          	addi	a5,s0,-1048
 80052e4:	fef42623          	sw	a5,-20(s0)
 80052e8:	be840793          	addi	a5,s0,-1048
 80052ec:	fef42423          	sw	a5,-24(s0)
 80052f0:	080067b7          	lui	a5,0x8006
 80052f4:	f987a783          	lw	a5,-104(a5) # 8005f98 <grass>
 80052f8:	0ac7a683          	lw	a3,172(a5)
 80052fc:	be840713          	addi	a4,s0,-1048
 8005300:	be440793          	addi	a5,s0,-1052
 8005304:	40000613          	li	a2,1024
 8005308:	00070593          	mv	a1,a4
 800530c:	00078513          	mv	a0,a5
 8005310:	000680e7          	jalr	a3
 8005314:	fec42783          	lw	a5,-20(s0)
 8005318:	0007a703          	lw	a4,0(a5)
 800531c:	00100793          	li	a5,1
 8005320:	06f71863          	bne	a4,a5,8005390 <main+0x14c>
 8005324:	fec42783          	lw	a5,-20(s0)
 8005328:	0047a703          	lw	a4,4(a5)
 800532c:	fec42783          	lw	a5,-20(s0)
 8005330:	00878793          	addi	a5,a5,8
 8005334:	00078593          	mv	a1,a5
 8005338:	00070513          	mv	a0,a4
 800533c:	df1ff0ef          	jal	ra,800512c <dir_do_lookup>
 8005340:	00050713          	mv	a4,a0
 8005344:	fe842783          	lw	a5,-24(s0)
 8005348:	00e7a223          	sw	a4,4(a5)
 800534c:	fe842783          	lw	a5,-24(s0)
 8005350:	0047a783          	lw	a5,4(a5)
 8005354:	00178793          	addi	a5,a5,1
 8005358:	0017b793          	seqz	a5,a5
 800535c:	0ff7f793          	andi	a5,a5,255
 8005360:	00078713          	mv	a4,a5
 8005364:	fe842783          	lw	a5,-24(s0)
 8005368:	00e7a023          	sw	a4,0(a5)
 800536c:	080067b7          	lui	a5,0x8006
 8005370:	f987a783          	lw	a5,-104(a5) # 8005f98 <grass>
 8005374:	0a87a703          	lw	a4,168(a5)
 8005378:	be442783          	lw	a5,-1052(s0)
 800537c:	00800613          	li	a2,8
 8005380:	fe842583          	lw	a1,-24(s0)
 8005384:	00078513          	mv	a0,a5
 8005388:	000700e7          	jalr	a4
 800538c:	0280006f          	j	80053b4 <main+0x170>
 8005390:	080067b7          	lui	a5,0x8006
 8005394:	f9c7a783          	lw	a5,-100(a5) # 8005f9c <earth>
 8005398:	03c7a703          	lw	a4,60(a5)
 800539c:	fec42783          	lw	a5,-20(s0)
 80053a0:	0007a783          	lw	a5,0(a5)
 80053a4:	00078593          	mv	a1,a5
 80053a8:	080067b7          	lui	a5,0x8006
 80053ac:	a4878513          	addi	a0,a5,-1464 # 8005a48 <__modsi3+0xb0>
 80053b0:	000700e7          	jalr	a4
 80053b4:	f2dff06f          	j	80052e0 <main+0x9c>

080053b8 <atoi>:
atoi():
 80053b8:	00a00613          	li	a2,10
 80053bc:	00000593          	li	a1,0
 80053c0:	5140006f          	j	80058d4 <strtol>

080053c4 <_atoi_r>:
_atoi_r():
 80053c4:	00a00693          	li	a3,10
 80053c8:	00000613          	li	a2,0
 80053cc:	4e80006f          	j	80058b4 <_strtol_r>

080053d0 <memcpy>:
memcpy():
 80053d0:	00a5c7b3          	xor	a5,a1,a0
 80053d4:	0037f793          	andi	a5,a5,3
 80053d8:	00c508b3          	add	a7,a0,a2
 80053dc:	06079263          	bnez	a5,8005440 <memcpy+0x70>
 80053e0:	00300793          	li	a5,3
 80053e4:	04c7fe63          	bgeu	a5,a2,8005440 <memcpy+0x70>
 80053e8:	00357793          	andi	a5,a0,3
 80053ec:	00050713          	mv	a4,a0
 80053f0:	06079863          	bnez	a5,8005460 <memcpy+0x90>
 80053f4:	ffc8f613          	andi	a2,a7,-4
 80053f8:	fe060793          	addi	a5,a2,-32
 80053fc:	08f76c63          	bltu	a4,a5,8005494 <memcpy+0xc4>
 8005400:	02c77c63          	bgeu	a4,a2,8005438 <memcpy+0x68>
 8005404:	00058693          	mv	a3,a1
 8005408:	00070793          	mv	a5,a4
 800540c:	0006a803          	lw	a6,0(a3)
 8005410:	00478793          	addi	a5,a5,4
 8005414:	00468693          	addi	a3,a3,4
 8005418:	ff07ae23          	sw	a6,-4(a5)
 800541c:	fec7e8e3          	bltu	a5,a2,800540c <memcpy+0x3c>
 8005420:	fff60793          	addi	a5,a2,-1
 8005424:	40e787b3          	sub	a5,a5,a4
 8005428:	ffc7f793          	andi	a5,a5,-4
 800542c:	00478793          	addi	a5,a5,4
 8005430:	00f70733          	add	a4,a4,a5
 8005434:	00f585b3          	add	a1,a1,a5
 8005438:	01176863          	bltu	a4,a7,8005448 <memcpy+0x78>
 800543c:	00008067          	ret
 8005440:	00050713          	mv	a4,a0
 8005444:	ff157ce3          	bgeu	a0,a7,800543c <memcpy+0x6c>
 8005448:	0005c783          	lbu	a5,0(a1)
 800544c:	00170713          	addi	a4,a4,1
 8005450:	00158593          	addi	a1,a1,1
 8005454:	fef70fa3          	sb	a5,-1(a4)
 8005458:	ff1768e3          	bltu	a4,a7,8005448 <memcpy+0x78>
 800545c:	00008067          	ret
 8005460:	0005c683          	lbu	a3,0(a1)
 8005464:	00170713          	addi	a4,a4,1
 8005468:	00377793          	andi	a5,a4,3
 800546c:	fed70fa3          	sb	a3,-1(a4)
 8005470:	00158593          	addi	a1,a1,1
 8005474:	f80780e3          	beqz	a5,80053f4 <memcpy+0x24>
 8005478:	0005c683          	lbu	a3,0(a1)
 800547c:	00170713          	addi	a4,a4,1
 8005480:	00377793          	andi	a5,a4,3
 8005484:	fed70fa3          	sb	a3,-1(a4)
 8005488:	00158593          	addi	a1,a1,1
 800548c:	fc079ae3          	bnez	a5,8005460 <memcpy+0x90>
 8005490:	f65ff06f          	j	80053f4 <memcpy+0x24>
 8005494:	0005a683          	lw	a3,0(a1)
 8005498:	0045a283          	lw	t0,4(a1)
 800549c:	0085af83          	lw	t6,8(a1)
 80054a0:	00c5af03          	lw	t5,12(a1)
 80054a4:	0105ae83          	lw	t4,16(a1)
 80054a8:	0145ae03          	lw	t3,20(a1)
 80054ac:	0185a303          	lw	t1,24(a1)
 80054b0:	01c5a803          	lw	a6,28(a1)
 80054b4:	02458593          	addi	a1,a1,36
 80054b8:	00d72023          	sw	a3,0(a4)
 80054bc:	ffc5a683          	lw	a3,-4(a1)
 80054c0:	00572223          	sw	t0,4(a4)
 80054c4:	01f72423          	sw	t6,8(a4)
 80054c8:	01e72623          	sw	t5,12(a4)
 80054cc:	01d72823          	sw	t4,16(a4)
 80054d0:	01c72a23          	sw	t3,20(a4)
 80054d4:	00672c23          	sw	t1,24(a4)
 80054d8:	01072e23          	sw	a6,28(a4)
 80054dc:	02470713          	addi	a4,a4,36
 80054e0:	fed72e23          	sw	a3,-4(a4)
 80054e4:	faf768e3          	bltu	a4,a5,8005494 <memcpy+0xc4>
 80054e8:	f19ff06f          	j	8005400 <memcpy+0x30>

080054ec <strlen>:
strlen():
 80054ec:	00357793          	andi	a5,a0,3
 80054f0:	00050713          	mv	a4,a0
 80054f4:	04079c63          	bnez	a5,800554c <strlen+0x60>
 80054f8:	7f7f86b7          	lui	a3,0x7f7f8
 80054fc:	f7f68693          	addi	a3,a3,-129 # 7f7f7f7f <__heap_end+0x777eff7f>
 8005500:	fff00593          	li	a1,-1
 8005504:	00470713          	addi	a4,a4,4
 8005508:	ffc72603          	lw	a2,-4(a4)
 800550c:	00d677b3          	and	a5,a2,a3
 8005510:	00d787b3          	add	a5,a5,a3
 8005514:	00c7e7b3          	or	a5,a5,a2
 8005518:	00d7e7b3          	or	a5,a5,a3
 800551c:	feb784e3          	beq	a5,a1,8005504 <strlen+0x18>
 8005520:	ffc74683          	lbu	a3,-4(a4)
 8005524:	40a707b3          	sub	a5,a4,a0
 8005528:	ffd74603          	lbu	a2,-3(a4)
 800552c:	ffe74503          	lbu	a0,-2(a4)
 8005530:	04068063          	beqz	a3,8005570 <strlen+0x84>
 8005534:	02060a63          	beqz	a2,8005568 <strlen+0x7c>
 8005538:	00a03533          	snez	a0,a0
 800553c:	00f50533          	add	a0,a0,a5
 8005540:	ffe50513          	addi	a0,a0,-2
 8005544:	00008067          	ret
 8005548:	fa0688e3          	beqz	a3,80054f8 <strlen+0xc>
 800554c:	00074783          	lbu	a5,0(a4)
 8005550:	00170713          	addi	a4,a4,1
 8005554:	00377693          	andi	a3,a4,3
 8005558:	fe0798e3          	bnez	a5,8005548 <strlen+0x5c>
 800555c:	40a70733          	sub	a4,a4,a0
 8005560:	fff70513          	addi	a0,a4,-1
 8005564:	00008067          	ret
 8005568:	ffd78513          	addi	a0,a5,-3
 800556c:	00008067          	ret
 8005570:	ffc78513          	addi	a0,a5,-4
 8005574:	00008067          	ret

08005578 <strncmp>:
strncmp():
 8005578:	0c060a63          	beqz	a2,800564c <strncmp+0xd4>
 800557c:	00b567b3          	or	a5,a0,a1
 8005580:	0037f793          	andi	a5,a5,3
 8005584:	08079063          	bnez	a5,8005604 <strncmp+0x8c>
 8005588:	00300793          	li	a5,3
 800558c:	06c7fc63          	bgeu	a5,a2,8005604 <strncmp+0x8c>
 8005590:	00052783          	lw	a5,0(a0)
 8005594:	0005a703          	lw	a4,0(a1)
 8005598:	0ae79e63          	bne	a5,a4,8005654 <strncmp+0xdc>
 800559c:	ffc60613          	addi	a2,a2,-4
 80055a0:	0a060663          	beqz	a2,800564c <strncmp+0xd4>
 80055a4:	feff0337          	lui	t1,0xfeff0
 80055a8:	eff30313          	addi	t1,t1,-257 # fefefeff <__heap_end+0xf6fe7eff>
 80055ac:	00678733          	add	a4,a5,t1
 80055b0:	808088b7          	lui	a7,0x80808
 80055b4:	fff7c793          	not	a5,a5
 80055b8:	00f777b3          	and	a5,a4,a5
 80055bc:	08088893          	addi	a7,a7,128 # 80808080 <__heap_end+0x78800080>
 80055c0:	0117f7b3          	and	a5,a5,a7
 80055c4:	08079463          	bnez	a5,800564c <strncmp+0xd4>
 80055c8:	00300e13          	li	t3,3
 80055cc:	02c0006f          	j	80055f8 <strncmp+0x80>
 80055d0:	00052703          	lw	a4,0(a0)
 80055d4:	0005a683          	lw	a3,0(a1)
 80055d8:	006707b3          	add	a5,a4,t1
 80055dc:	fff74813          	not	a6,a4
 80055e0:	0107f7b3          	and	a5,a5,a6
 80055e4:	0117f7b3          	and	a5,a5,a7
 80055e8:	06d71663          	bne	a4,a3,8005654 <strncmp+0xdc>
 80055ec:	ffc60613          	addi	a2,a2,-4
 80055f0:	04060e63          	beqz	a2,800564c <strncmp+0xd4>
 80055f4:	04079c63          	bnez	a5,800564c <strncmp+0xd4>
 80055f8:	00450513          	addi	a0,a0,4
 80055fc:	00458593          	addi	a1,a1,4
 8005600:	fcce68e3          	bltu	t3,a2,80055d0 <strncmp+0x58>
 8005604:	00054703          	lbu	a4,0(a0)
 8005608:	0005c683          	lbu	a3,0(a1)
 800560c:	fff60613          	addi	a2,a2,-1
 8005610:	02e69a63          	bne	a3,a4,8005644 <strncmp+0xcc>
 8005614:	02060c63          	beqz	a2,800564c <strncmp+0xd4>
 8005618:	02070a63          	beqz	a4,800564c <strncmp+0xd4>
 800561c:	00150793          	addi	a5,a0,1
 8005620:	00c50633          	add	a2,a0,a2
 8005624:	0100006f          	j	8005634 <strncmp+0xbc>
 8005628:	02f60263          	beq	a2,a5,800564c <strncmp+0xd4>
 800562c:	00178793          	addi	a5,a5,1
 8005630:	00070e63          	beqz	a4,800564c <strncmp+0xd4>
 8005634:	00158593          	addi	a1,a1,1
 8005638:	0007c703          	lbu	a4,0(a5)
 800563c:	0005c683          	lbu	a3,0(a1)
 8005640:	fed704e3          	beq	a4,a3,8005628 <strncmp+0xb0>
 8005644:	40d70533          	sub	a0,a4,a3
 8005648:	00008067          	ret
 800564c:	00000513          	li	a0,0
 8005650:	00008067          	ret
 8005654:	00054703          	lbu	a4,0(a0)
 8005658:	0005c683          	lbu	a3,0(a1)
 800565c:	fff60613          	addi	a2,a2,-1
 8005660:	fae68ce3          	beq	a3,a4,8005618 <strncmp+0xa0>
 8005664:	fe1ff06f          	j	8005644 <strncmp+0xcc>

08005668 <_strtol_l.isra.0>:
_strtol_l.isra.0():
 8005668:	fb010113          	addi	sp,sp,-80
 800566c:	03412c23          	sw	s4,56(sp)
 8005670:	03512a23          	sw	s5,52(sp)
 8005674:	03912223          	sw	s9,36(sp)
 8005678:	04112623          	sw	ra,76(sp)
 800567c:	00068c93          	mv	s9,a3
 8005680:	04812423          	sw	s0,72(sp)
 8005684:	04912223          	sw	s1,68(sp)
 8005688:	05212023          	sw	s2,64(sp)
 800568c:	03312e23          	sw	s3,60(sp)
 8005690:	03612823          	sw	s6,48(sp)
 8005694:	03712623          	sw	s7,44(sp)
 8005698:	03812423          	sw	s8,40(sp)
 800569c:	03a12023          	sw	s10,32(sp)
 80056a0:	01b12e23          	sw	s11,28(sp)
 80056a4:	00058a13          	mv	s4,a1
 80056a8:	00a12623          	sw	a0,12(sp)
 80056ac:	00060a93          	mv	s5,a2
 80056b0:	00058793          	mv	a5,a1
 80056b4:	00000697          	auipc	a3,0x0
 80056b8:	3b968693          	addi	a3,a3,953 # 8005a6d <_ctype_+0x1>
 80056bc:	0080006f          	j	80056c4 <_strtol_l.isra.0+0x5c>
 80056c0:	00048793          	mv	a5,s1
 80056c4:	00178493          	addi	s1,a5,1
 80056c8:	fff4c403          	lbu	s0,-1(s1)
 80056cc:	00868733          	add	a4,a3,s0
 80056d0:	00074703          	lbu	a4,0(a4)
 80056d4:	00877713          	andi	a4,a4,8
 80056d8:	fe0714e3          	bnez	a4,80056c0 <_strtol_l.isra.0+0x58>
 80056dc:	02d00713          	li	a4,45
 80056e0:	16e40863          	beq	s0,a4,8005850 <_strtol_l.isra.0+0x1e8>
 80056e4:	02b00713          	li	a4,43
 80056e8:	00000b93          	li	s7,0
 80056ec:	10e40e63          	beq	s0,a4,8005808 <_strtol_l.isra.0+0x1a0>
 80056f0:	120c8463          	beqz	s9,8005818 <_strtol_l.isra.0+0x1b0>
 80056f4:	01000793          	li	a5,16
 80056f8:	000c8913          	mv	s2,s9
 80056fc:	16fc8263          	beq	s9,a5,8005860 <_strtol_l.isra.0+0x1f8>
 8005700:	800009b7          	lui	s3,0x80000
 8005704:	000b9463          	bnez	s7,800570c <_strtol_l.isra.0+0xa4>
 8005708:	fff9c993          	not	s3,s3
 800570c:	00090593          	mv	a1,s2
 8005710:	00098513          	mv	a0,s3
 8005714:	250000ef          	jal	ra,8005964 <__umodsi3>
 8005718:	00a12423          	sw	a0,8(sp)
 800571c:	00090593          	mv	a1,s2
 8005720:	00098513          	mv	a0,s3
 8005724:	1f8000ef          	jal	ra,800591c <__udivsi3>
 8005728:	00900d13          	li	s10,9
 800572c:	fd040793          	addi	a5,s0,-48
 8005730:	00050c13          	mv	s8,a0
 8005734:	00000713          	li	a4,0
 8005738:	00000593          	li	a1,0
 800573c:	01900b13          	li	s6,25
 8005740:	fff00d93          	li	s11,-1
 8005744:	02fd6e63          	bltu	s10,a5,8005780 <_strtol_l.isra.0+0x118>
 8005748:	00078413          	mv	s0,a5
 800574c:	05945263          	bge	s0,s9,8005790 <_strtol_l.isra.0+0x128>
 8005750:	03b70063          	beq	a4,s11,8005770 <_strtol_l.isra.0+0x108>
 8005754:	fff00713          	li	a4,-1
 8005758:	00bc6c63          	bltu	s8,a1,8005770 <_strtol_l.isra.0+0x108>
 800575c:	0abc0063          	beq	s8,a1,80057fc <_strtol_l.isra.0+0x194>
 8005760:	00090513          	mv	a0,s2
 8005764:	18c000ef          	jal	ra,80058f0 <__mulsi3>
 8005768:	00a405b3          	add	a1,s0,a0
 800576c:	00100713          	li	a4,1
 8005770:	00148493          	addi	s1,s1,1
 8005774:	fff4c403          	lbu	s0,-1(s1)
 8005778:	fd040793          	addi	a5,s0,-48
 800577c:	fcfd76e3          	bgeu	s10,a5,8005748 <_strtol_l.isra.0+0xe0>
 8005780:	fbf40793          	addi	a5,s0,-65
 8005784:	06fb6463          	bltu	s6,a5,80057ec <_strtol_l.isra.0+0x184>
 8005788:	fc940413          	addi	s0,s0,-55
 800578c:	fd9442e3          	blt	s0,s9,8005750 <_strtol_l.isra.0+0xe8>
 8005790:	fff00793          	li	a5,-1
 8005794:	08f70c63          	beq	a4,a5,800582c <_strtol_l.isra.0+0x1c4>
 8005798:	000b8463          	beqz	s7,80057a0 <_strtol_l.isra.0+0x138>
 800579c:	40b005b3          	neg	a1,a1
 80057a0:	000a8663          	beqz	s5,80057ac <_strtol_l.isra.0+0x144>
 80057a4:	0c071e63          	bnez	a4,8005880 <_strtol_l.isra.0+0x218>
 80057a8:	014aa023          	sw	s4,0(s5)
 80057ac:	04c12083          	lw	ra,76(sp)
 80057b0:	04812403          	lw	s0,72(sp)
 80057b4:	04412483          	lw	s1,68(sp)
 80057b8:	04012903          	lw	s2,64(sp)
 80057bc:	03c12983          	lw	s3,60(sp)
 80057c0:	03812a03          	lw	s4,56(sp)
 80057c4:	03412a83          	lw	s5,52(sp)
 80057c8:	03012b03          	lw	s6,48(sp)
 80057cc:	02c12b83          	lw	s7,44(sp)
 80057d0:	02812c03          	lw	s8,40(sp)
 80057d4:	02412c83          	lw	s9,36(sp)
 80057d8:	02012d03          	lw	s10,32(sp)
 80057dc:	01c12d83          	lw	s11,28(sp)
 80057e0:	00058513          	mv	a0,a1
 80057e4:	05010113          	addi	sp,sp,80
 80057e8:	00008067          	ret
 80057ec:	f9f40793          	addi	a5,s0,-97
 80057f0:	fafb60e3          	bltu	s6,a5,8005790 <_strtol_l.isra.0+0x128>
 80057f4:	fa940413          	addi	s0,s0,-87
 80057f8:	f55ff06f          	j	800574c <_strtol_l.isra.0+0xe4>
 80057fc:	00812783          	lw	a5,8(sp)
 8005800:	f687c8e3          	blt	a5,s0,8005770 <_strtol_l.isra.0+0x108>
 8005804:	f5dff06f          	j	8005760 <_strtol_l.isra.0+0xf8>
 8005808:	0004c403          	lbu	s0,0(s1)
 800580c:	00000b93          	li	s7,0
 8005810:	00278493          	addi	s1,a5,2
 8005814:	ee0c90e3          	bnez	s9,80056f4 <_strtol_l.isra.0+0x8c>
 8005818:	03000793          	li	a5,48
 800581c:	06f40663          	beq	s0,a5,8005888 <_strtol_l.isra.0+0x220>
 8005820:	00a00913          	li	s2,10
 8005824:	00a00c93          	li	s9,10
 8005828:	ed9ff06f          	j	8005700 <_strtol_l.isra.0+0x98>
 800582c:	00c12703          	lw	a4,12(sp)
 8005830:	02200793          	li	a5,34
 8005834:	00098593          	mv	a1,s3
 8005838:	00f72023          	sw	a5,0(a4)
 800583c:	f60a88e3          	beqz	s5,80057ac <_strtol_l.isra.0+0x144>
 8005840:	fff48a13          	addi	s4,s1,-1
 8005844:	00098593          	mv	a1,s3
 8005848:	014aa023          	sw	s4,0(s5)
 800584c:	f61ff06f          	j	80057ac <_strtol_l.isra.0+0x144>
 8005850:	0004c403          	lbu	s0,0(s1)
 8005854:	00100b93          	li	s7,1
 8005858:	00278493          	addi	s1,a5,2
 800585c:	e95ff06f          	j	80056f0 <_strtol_l.isra.0+0x88>
 8005860:	03000793          	li	a5,48
 8005864:	00f41a63          	bne	s0,a5,8005878 <_strtol_l.isra.0+0x210>
 8005868:	0004c783          	lbu	a5,0(s1)
 800586c:	05800713          	li	a4,88
 8005870:	0df7f793          	andi	a5,a5,223
 8005874:	02e78663          	beq	a5,a4,80058a0 <_strtol_l.isra.0+0x238>
 8005878:	01000913          	li	s2,16
 800587c:	e85ff06f          	j	8005700 <_strtol_l.isra.0+0x98>
 8005880:	00058993          	mv	s3,a1
 8005884:	fbdff06f          	j	8005840 <_strtol_l.isra.0+0x1d8>
 8005888:	0004c783          	lbu	a5,0(s1)
 800588c:	05800713          	li	a4,88
 8005890:	00800913          	li	s2,8
 8005894:	0df7f793          	andi	a5,a5,223
 8005898:	00800c93          	li	s9,8
 800589c:	e6e792e3          	bne	a5,a4,8005700 <_strtol_l.isra.0+0x98>
 80058a0:	0014c403          	lbu	s0,1(s1)
 80058a4:	01000913          	li	s2,16
 80058a8:	00248493          	addi	s1,s1,2
 80058ac:	01000c93          	li	s9,16
 80058b0:	e51ff06f          	j	8005700 <_strtol_l.isra.0+0x98>

080058b4 <_strtol_r>:
_strtol_r():
 80058b4:	db5ff06f          	j	8005668 <_strtol_l.isra.0>

080058b8 <strtol_l>:
strtol_l():
 80058b8:	00000797          	auipc	a5,0x0
 80058bc:	6e878793          	addi	a5,a5,1768 # 8005fa0 <_impure_ptr>
 80058c0:	00060693          	mv	a3,a2
 80058c4:	00058613          	mv	a2,a1
 80058c8:	00050593          	mv	a1,a0
 80058cc:	0007a503          	lw	a0,0(a5)
 80058d0:	d99ff06f          	j	8005668 <_strtol_l.isra.0>

080058d4 <strtol>:
strtol():
 80058d4:	00000797          	auipc	a5,0x0
 80058d8:	6cc78793          	addi	a5,a5,1740 # 8005fa0 <_impure_ptr>
 80058dc:	00060693          	mv	a3,a2
 80058e0:	00058613          	mv	a2,a1
 80058e4:	00050593          	mv	a1,a0
 80058e8:	0007a503          	lw	a0,0(a5)
 80058ec:	d7dff06f          	j	8005668 <_strtol_l.isra.0>

080058f0 <__mulsi3>:
__mulsi3():
/scratch/jenkins/workspace/tpp-freedom-tools/tpp03--build-binary-packages--parameterized/obj/x86_64-linux-ubuntu14/build/riscv-gnu-toolchain/build-gcc-newlib-stage2/riscv64-unknown-elf/rv32i/ilp32/libgcc/../../../../../riscv-gcc/libgcc/config/riscv/muldi3.S:37
 80058f0:	00050613          	mv	a2,a0
/scratch/jenkins/workspace/tpp-freedom-tools/tpp03--build-binary-packages--parameterized/obj/x86_64-linux-ubuntu14/build/riscv-gnu-toolchain/build-gcc-newlib-stage2/riscv64-unknown-elf/rv32i/ilp32/libgcc/../../../../../riscv-gcc/libgcc/config/riscv/muldi3.S:38
 80058f4:	00000513          	li	a0,0
/scratch/jenkins/workspace/tpp-freedom-tools/tpp03--build-binary-packages--parameterized/obj/x86_64-linux-ubuntu14/build/riscv-gnu-toolchain/build-gcc-newlib-stage2/riscv64-unknown-elf/rv32i/ilp32/libgcc/../../../../../riscv-gcc/libgcc/config/riscv/muldi3.S:40
 80058f8:	0015f693          	andi	a3,a1,1
/scratch/jenkins/workspace/tpp-freedom-tools/tpp03--build-binary-packages--parameterized/obj/x86_64-linux-ubuntu14/build/riscv-gnu-toolchain/build-gcc-newlib-stage2/riscv64-unknown-elf/rv32i/ilp32/libgcc/../../../../../riscv-gcc/libgcc/config/riscv/muldi3.S:41
 80058fc:	00068463          	beqz	a3,8005904 <__mulsi3+0x14>
/scratch/jenkins/workspace/tpp-freedom-tools/tpp03--build-binary-packages--parameterized/obj/x86_64-linux-ubuntu14/build/riscv-gnu-toolchain/build-gcc-newlib-stage2/riscv64-unknown-elf/rv32i/ilp32/libgcc/../../../../../riscv-gcc/libgcc/config/riscv/muldi3.S:42
 8005900:	00c50533          	add	a0,a0,a2
/scratch/jenkins/workspace/tpp-freedom-tools/tpp03--build-binary-packages--parameterized/obj/x86_64-linux-ubuntu14/build/riscv-gnu-toolchain/build-gcc-newlib-stage2/riscv64-unknown-elf/rv32i/ilp32/libgcc/../../../../../riscv-gcc/libgcc/config/riscv/muldi3.S:44
 8005904:	0015d593          	srli	a1,a1,0x1
/scratch/jenkins/workspace/tpp-freedom-tools/tpp03--build-binary-packages--parameterized/obj/x86_64-linux-ubuntu14/build/riscv-gnu-toolchain/build-gcc-newlib-stage2/riscv64-unknown-elf/rv32i/ilp32/libgcc/../../../../../riscv-gcc/libgcc/config/riscv/muldi3.S:45
 8005908:	00161613          	slli	a2,a2,0x1
/scratch/jenkins/workspace/tpp-freedom-tools/tpp03--build-binary-packages--parameterized/obj/x86_64-linux-ubuntu14/build/riscv-gnu-toolchain/build-gcc-newlib-stage2/riscv64-unknown-elf/rv32i/ilp32/libgcc/../../../../../riscv-gcc/libgcc/config/riscv/muldi3.S:46
 800590c:	fe0596e3          	bnez	a1,80058f8 <__mulsi3+0x8>
/scratch/jenkins/workspace/tpp-freedom-tools/tpp03--build-binary-packages--parameterized/obj/x86_64-linux-ubuntu14/build/riscv-gnu-toolchain/build-gcc-newlib-stage2/riscv64-unknown-elf/rv32i/ilp32/libgcc/../../../../../riscv-gcc/libgcc/config/riscv/muldi3.S:47
 8005910:	00008067          	ret

08005914 <__divsi3>:
__divsi3():
/scratch/jenkins/workspace/tpp-freedom-tools/tpp03--build-binary-packages--parameterized/obj/x86_64-linux-ubuntu14/build/riscv-gnu-toolchain/build-gcc-newlib-stage2/riscv64-unknown-elf/rv32i/ilp32/libgcc/../../../../../riscv-gcc/libgcc/config/riscv/div.S:69
 8005914:	06054063          	bltz	a0,8005974 <__umodsi3+0x10>
/scratch/jenkins/workspace/tpp-freedom-tools/tpp03--build-binary-packages--parameterized/obj/x86_64-linux-ubuntu14/build/riscv-gnu-toolchain/build-gcc-newlib-stage2/riscv64-unknown-elf/rv32i/ilp32/libgcc/../../../../../riscv-gcc/libgcc/config/riscv/div.S:70
 8005918:	0605c663          	bltz	a1,8005984 <__umodsi3+0x20>

0800591c <__udivsi3>:
/scratch/jenkins/workspace/tpp-freedom-tools/tpp03--build-binary-packages--parameterized/obj/x86_64-linux-ubuntu14/build/riscv-gnu-toolchain/build-gcc-newlib-stage2/riscv64-unknown-elf/rv32i/ilp32/libgcc/../../../../../riscv-gcc/libgcc/config/riscv/div.S:74
 800591c:	00058613          	mv	a2,a1
/scratch/jenkins/workspace/tpp-freedom-tools/tpp03--build-binary-packages--parameterized/obj/x86_64-linux-ubuntu14/build/riscv-gnu-toolchain/build-gcc-newlib-stage2/riscv64-unknown-elf/rv32i/ilp32/libgcc/../../../../../riscv-gcc/libgcc/config/riscv/div.S:75
 8005920:	00050593          	mv	a1,a0
/scratch/jenkins/workspace/tpp-freedom-tools/tpp03--build-binary-packages--parameterized/obj/x86_64-linux-ubuntu14/build/riscv-gnu-toolchain/build-gcc-newlib-stage2/riscv64-unknown-elf/rv32i/ilp32/libgcc/../../../../../riscv-gcc/libgcc/config/riscv/div.S:76
 8005924:	fff00513          	li	a0,-1
/scratch/jenkins/workspace/tpp-freedom-tools/tpp03--build-binary-packages--parameterized/obj/x86_64-linux-ubuntu14/build/riscv-gnu-toolchain/build-gcc-newlib-stage2/riscv64-unknown-elf/rv32i/ilp32/libgcc/../../../../../riscv-gcc/libgcc/config/riscv/div.S:77
 8005928:	02060c63          	beqz	a2,8005960 <__udivsi3+0x44>
/scratch/jenkins/workspace/tpp-freedom-tools/tpp03--build-binary-packages--parameterized/obj/x86_64-linux-ubuntu14/build/riscv-gnu-toolchain/build-gcc-newlib-stage2/riscv64-unknown-elf/rv32i/ilp32/libgcc/../../../../../riscv-gcc/libgcc/config/riscv/div.S:78
 800592c:	00100693          	li	a3,1
/scratch/jenkins/workspace/tpp-freedom-tools/tpp03--build-binary-packages--parameterized/obj/x86_64-linux-ubuntu14/build/riscv-gnu-toolchain/build-gcc-newlib-stage2/riscv64-unknown-elf/rv32i/ilp32/libgcc/../../../../../riscv-gcc/libgcc/config/riscv/div.S:79
 8005930:	00b67a63          	bgeu	a2,a1,8005944 <__udivsi3+0x28>
/scratch/jenkins/workspace/tpp-freedom-tools/tpp03--build-binary-packages--parameterized/obj/x86_64-linux-ubuntu14/build/riscv-gnu-toolchain/build-gcc-newlib-stage2/riscv64-unknown-elf/rv32i/ilp32/libgcc/../../../../../riscv-gcc/libgcc/config/riscv/div.S:81
 8005934:	00c05863          	blez	a2,8005944 <__udivsi3+0x28>
/scratch/jenkins/workspace/tpp-freedom-tools/tpp03--build-binary-packages--parameterized/obj/x86_64-linux-ubuntu14/build/riscv-gnu-toolchain/build-gcc-newlib-stage2/riscv64-unknown-elf/rv32i/ilp32/libgcc/../../../../../riscv-gcc/libgcc/config/riscv/div.S:82
 8005938:	00161613          	slli	a2,a2,0x1
/scratch/jenkins/workspace/tpp-freedom-tools/tpp03--build-binary-packages--parameterized/obj/x86_64-linux-ubuntu14/build/riscv-gnu-toolchain/build-gcc-newlib-stage2/riscv64-unknown-elf/rv32i/ilp32/libgcc/../../../../../riscv-gcc/libgcc/config/riscv/div.S:83
 800593c:	00169693          	slli	a3,a3,0x1
/scratch/jenkins/workspace/tpp-freedom-tools/tpp03--build-binary-packages--parameterized/obj/x86_64-linux-ubuntu14/build/riscv-gnu-toolchain/build-gcc-newlib-stage2/riscv64-unknown-elf/rv32i/ilp32/libgcc/../../../../../riscv-gcc/libgcc/config/riscv/div.S:84
 8005940:	feb66ae3          	bltu	a2,a1,8005934 <__udivsi3+0x18>
/scratch/jenkins/workspace/tpp-freedom-tools/tpp03--build-binary-packages--parameterized/obj/x86_64-linux-ubuntu14/build/riscv-gnu-toolchain/build-gcc-newlib-stage2/riscv64-unknown-elf/rv32i/ilp32/libgcc/../../../../../riscv-gcc/libgcc/config/riscv/div.S:86
 8005944:	00000513          	li	a0,0
/scratch/jenkins/workspace/tpp-freedom-tools/tpp03--build-binary-packages--parameterized/obj/x86_64-linux-ubuntu14/build/riscv-gnu-toolchain/build-gcc-newlib-stage2/riscv64-unknown-elf/rv32i/ilp32/libgcc/../../../../../riscv-gcc/libgcc/config/riscv/div.S:88
 8005948:	00c5e663          	bltu	a1,a2,8005954 <__udivsi3+0x38>
/scratch/jenkins/workspace/tpp-freedom-tools/tpp03--build-binary-packages--parameterized/obj/x86_64-linux-ubuntu14/build/riscv-gnu-toolchain/build-gcc-newlib-stage2/riscv64-unknown-elf/rv32i/ilp32/libgcc/../../../../../riscv-gcc/libgcc/config/riscv/div.S:89
 800594c:	40c585b3          	sub	a1,a1,a2
/scratch/jenkins/workspace/tpp-freedom-tools/tpp03--build-binary-packages--parameterized/obj/x86_64-linux-ubuntu14/build/riscv-gnu-toolchain/build-gcc-newlib-stage2/riscv64-unknown-elf/rv32i/ilp32/libgcc/../../../../../riscv-gcc/libgcc/config/riscv/div.S:90
 8005950:	00d56533          	or	a0,a0,a3
/scratch/jenkins/workspace/tpp-freedom-tools/tpp03--build-binary-packages--parameterized/obj/x86_64-linux-ubuntu14/build/riscv-gnu-toolchain/build-gcc-newlib-stage2/riscv64-unknown-elf/rv32i/ilp32/libgcc/../../../../../riscv-gcc/libgcc/config/riscv/div.S:92
 8005954:	0016d693          	srli	a3,a3,0x1
/scratch/jenkins/workspace/tpp-freedom-tools/tpp03--build-binary-packages--parameterized/obj/x86_64-linux-ubuntu14/build/riscv-gnu-toolchain/build-gcc-newlib-stage2/riscv64-unknown-elf/rv32i/ilp32/libgcc/../../../../../riscv-gcc/libgcc/config/riscv/div.S:93
 8005958:	00165613          	srli	a2,a2,0x1
/scratch/jenkins/workspace/tpp-freedom-tools/tpp03--build-binary-packages--parameterized/obj/x86_64-linux-ubuntu14/build/riscv-gnu-toolchain/build-gcc-newlib-stage2/riscv64-unknown-elf/rv32i/ilp32/libgcc/../../../../../riscv-gcc/libgcc/config/riscv/div.S:94
 800595c:	fe0696e3          	bnez	a3,8005948 <__udivsi3+0x2c>
/scratch/jenkins/workspace/tpp-freedom-tools/tpp03--build-binary-packages--parameterized/obj/x86_64-linux-ubuntu14/build/riscv-gnu-toolchain/build-gcc-newlib-stage2/riscv64-unknown-elf/rv32i/ilp32/libgcc/../../../../../riscv-gcc/libgcc/config/riscv/div.S:96
 8005960:	00008067          	ret

08005964 <__umodsi3>:
/scratch/jenkins/workspace/tpp-freedom-tools/tpp03--build-binary-packages--parameterized/obj/x86_64-linux-ubuntu14/build/riscv-gnu-toolchain/build-gcc-newlib-stage2/riscv64-unknown-elf/rv32i/ilp32/libgcc/../../../../../riscv-gcc/libgcc/config/riscv/div.S:101
 8005964:	00008293          	mv	t0,ra
/scratch/jenkins/workspace/tpp-freedom-tools/tpp03--build-binary-packages--parameterized/obj/x86_64-linux-ubuntu14/build/riscv-gnu-toolchain/build-gcc-newlib-stage2/riscv64-unknown-elf/rv32i/ilp32/libgcc/../../../../../riscv-gcc/libgcc/config/riscv/div.S:102
 8005968:	fb5ff0ef          	jal	ra,800591c <__udivsi3>
/scratch/jenkins/workspace/tpp-freedom-tools/tpp03--build-binary-packages--parameterized/obj/x86_64-linux-ubuntu14/build/riscv-gnu-toolchain/build-gcc-newlib-stage2/riscv64-unknown-elf/rv32i/ilp32/libgcc/../../../../../riscv-gcc/libgcc/config/riscv/div.S:103
 800596c:	00058513          	mv	a0,a1
/scratch/jenkins/workspace/tpp-freedom-tools/tpp03--build-binary-packages--parameterized/obj/x86_64-linux-ubuntu14/build/riscv-gnu-toolchain/build-gcc-newlib-stage2/riscv64-unknown-elf/rv32i/ilp32/libgcc/../../../../../riscv-gcc/libgcc/config/riscv/div.S:104
 8005970:	00028067          	jr	t0
/scratch/jenkins/workspace/tpp-freedom-tools/tpp03--build-binary-packages--parameterized/obj/x86_64-linux-ubuntu14/build/riscv-gnu-toolchain/build-gcc-newlib-stage2/riscv64-unknown-elf/rv32i/ilp32/libgcc/../../../../../riscv-gcc/libgcc/config/riscv/div.S:109
 8005974:	40a00533          	neg	a0,a0
/scratch/jenkins/workspace/tpp-freedom-tools/tpp03--build-binary-packages--parameterized/obj/x86_64-linux-ubuntu14/build/riscv-gnu-toolchain/build-gcc-newlib-stage2/riscv64-unknown-elf/rv32i/ilp32/libgcc/../../../../../riscv-gcc/libgcc/config/riscv/div.S:110
 8005978:	0005d863          	bgez	a1,8005988 <__umodsi3+0x24>
/scratch/jenkins/workspace/tpp-freedom-tools/tpp03--build-binary-packages--parameterized/obj/x86_64-linux-ubuntu14/build/riscv-gnu-toolchain/build-gcc-newlib-stage2/riscv64-unknown-elf/rv32i/ilp32/libgcc/../../../../../riscv-gcc/libgcc/config/riscv/div.S:111
 800597c:	40b005b3          	neg	a1,a1
/scratch/jenkins/workspace/tpp-freedom-tools/tpp03--build-binary-packages--parameterized/obj/x86_64-linux-ubuntu14/build/riscv-gnu-toolchain/build-gcc-newlib-stage2/riscv64-unknown-elf/rv32i/ilp32/libgcc/../../../../../riscv-gcc/libgcc/config/riscv/div.S:112
 8005980:	f9dff06f          	j	800591c <__udivsi3>
/scratch/jenkins/workspace/tpp-freedom-tools/tpp03--build-binary-packages--parameterized/obj/x86_64-linux-ubuntu14/build/riscv-gnu-toolchain/build-gcc-newlib-stage2/riscv64-unknown-elf/rv32i/ilp32/libgcc/../../../../../riscv-gcc/libgcc/config/riscv/div.S:114
 8005984:	40b005b3          	neg	a1,a1
/scratch/jenkins/workspace/tpp-freedom-tools/tpp03--build-binary-packages--parameterized/obj/x86_64-linux-ubuntu14/build/riscv-gnu-toolchain/build-gcc-newlib-stage2/riscv64-unknown-elf/rv32i/ilp32/libgcc/../../../../../riscv-gcc/libgcc/config/riscv/div.S:116
 8005988:	00008293          	mv	t0,ra
/scratch/jenkins/workspace/tpp-freedom-tools/tpp03--build-binary-packages--parameterized/obj/x86_64-linux-ubuntu14/build/riscv-gnu-toolchain/build-gcc-newlib-stage2/riscv64-unknown-elf/rv32i/ilp32/libgcc/../../../../../riscv-gcc/libgcc/config/riscv/div.S:117
 800598c:	f91ff0ef          	jal	ra,800591c <__udivsi3>
/scratch/jenkins/workspace/tpp-freedom-tools/tpp03--build-binary-packages--parameterized/obj/x86_64-linux-ubuntu14/build/riscv-gnu-toolchain/build-gcc-newlib-stage2/riscv64-unknown-elf/rv32i/ilp32/libgcc/../../../../../riscv-gcc/libgcc/config/riscv/div.S:118
 8005990:	40a00533          	neg	a0,a0
/scratch/jenkins/workspace/tpp-freedom-tools/tpp03--build-binary-packages--parameterized/obj/x86_64-linux-ubuntu14/build/riscv-gnu-toolchain/build-gcc-newlib-stage2/riscv64-unknown-elf/rv32i/ilp32/libgcc/../../../../../riscv-gcc/libgcc/config/riscv/div.S:119
 8005994:	00028067          	jr	t0

08005998 <__modsi3>:
__modsi3():
/scratch/jenkins/workspace/tpp-freedom-tools/tpp03--build-binary-packages--parameterized/obj/x86_64-linux-ubuntu14/build/riscv-gnu-toolchain/build-gcc-newlib-stage2/riscv64-unknown-elf/rv32i/ilp32/libgcc/../../../../../riscv-gcc/libgcc/config/riscv/div.S:123
 8005998:	00008293          	mv	t0,ra
/scratch/jenkins/workspace/tpp-freedom-tools/tpp03--build-binary-packages--parameterized/obj/x86_64-linux-ubuntu14/build/riscv-gnu-toolchain/build-gcc-newlib-stage2/riscv64-unknown-elf/rv32i/ilp32/libgcc/../../../../../riscv-gcc/libgcc/config/riscv/div.S:124
 800599c:	0005ca63          	bltz	a1,80059b0 <__modsi3+0x18>
/scratch/jenkins/workspace/tpp-freedom-tools/tpp03--build-binary-packages--parameterized/obj/x86_64-linux-ubuntu14/build/riscv-gnu-toolchain/build-gcc-newlib-stage2/riscv64-unknown-elf/rv32i/ilp32/libgcc/../../../../../riscv-gcc/libgcc/config/riscv/div.S:125
 80059a0:	00054c63          	bltz	a0,80059b8 <__modsi3+0x20>
/scratch/jenkins/workspace/tpp-freedom-tools/tpp03--build-binary-packages--parameterized/obj/x86_64-linux-ubuntu14/build/riscv-gnu-toolchain/build-gcc-newlib-stage2/riscv64-unknown-elf/rv32i/ilp32/libgcc/../../../../../riscv-gcc/libgcc/config/riscv/div.S:127
 80059a4:	f79ff0ef          	jal	ra,800591c <__udivsi3>
/scratch/jenkins/workspace/tpp-freedom-tools/tpp03--build-binary-packages--parameterized/obj/x86_64-linux-ubuntu14/build/riscv-gnu-toolchain/build-gcc-newlib-stage2/riscv64-unknown-elf/rv32i/ilp32/libgcc/../../../../../riscv-gcc/libgcc/config/riscv/div.S:128
 80059a8:	00058513          	mv	a0,a1
/scratch/jenkins/workspace/tpp-freedom-tools/tpp03--build-binary-packages--parameterized/obj/x86_64-linux-ubuntu14/build/riscv-gnu-toolchain/build-gcc-newlib-stage2/riscv64-unknown-elf/rv32i/ilp32/libgcc/../../../../../riscv-gcc/libgcc/config/riscv/div.S:129
 80059ac:	00028067          	jr	t0
/scratch/jenkins/workspace/tpp-freedom-tools/tpp03--build-binary-packages--parameterized/obj/x86_64-linux-ubuntu14/build/riscv-gnu-toolchain/build-gcc-newlib-stage2/riscv64-unknown-elf/rv32i/ilp32/libgcc/../../../../../riscv-gcc/libgcc/config/riscv/div.S:131
 80059b0:	40b005b3          	neg	a1,a1
/scratch/jenkins/workspace/tpp-freedom-tools/tpp03--build-binary-packages--parameterized/obj/x86_64-linux-ubuntu14/build/riscv-gnu-toolchain/build-gcc-newlib-stage2/riscv64-unknown-elf/rv32i/ilp32/libgcc/../../../../../riscv-gcc/libgcc/config/riscv/div.S:132
 80059b4:	fe0558e3          	bgez	a0,80059a4 <__modsi3+0xc>
/scratch/jenkins/workspace/tpp-freedom-tools/tpp03--build-binary-packages--parameterized/obj/x86_64-linux-ubuntu14/build/riscv-gnu-toolchain/build-gcc-newlib-stage2/riscv64-unknown-elf/rv32i/ilp32/libgcc/../../../../../riscv-gcc/libgcc/config/riscv/div.S:134
 80059b8:	40a00533          	neg	a0,a0
/scratch/jenkins/workspace/tpp-freedom-tools/tpp03--build-binary-packages--parameterized/obj/x86_64-linux-ubuntu14/build/riscv-gnu-toolchain/build-gcc-newlib-stage2/riscv64-unknown-elf/rv32i/ilp32/libgcc/../../../../../riscv-gcc/libgcc/config/riscv/div.S:135
 80059bc:	f61ff0ef          	jal	ra,800591c <__udivsi3>
/scratch/jenkins/workspace/tpp-freedom-tools/tpp03--build-binary-packages--parameterized/obj/x86_64-linux-ubuntu14/build/riscv-gnu-toolchain/build-gcc-newlib-stage2/riscv64-unknown-elf/rv32i/ilp32/libgcc/../../../../../riscv-gcc/libgcc/config/riscv/div.S:136
 80059c0:	40b00533          	neg	a0,a1
/scratch/jenkins/workspace/tpp-freedom-tools/tpp03--build-binary-packages--parameterized/obj/x86_64-linux-ubuntu14/build/riscv-gnu-toolchain/build-gcc-newlib-stage2/riscv64-unknown-elf/rv32i/ilp32/libgcc/../../../../../riscv-gcc/libgcc/config/riscv/div.S:137
 80059c4:	00028067          	jr	t0
