
build/release/sys_shell.elf:     file format elf32-littleriscv
build/release/sys_shell.elf
architecture: riscv:rv32, flags 0x00000112:
EXEC_P, HAS_SYMS, D_PAGED
start address 0x08005000

Program Header:
    LOAD off    0x00001000 vaddr 0x08005000 paddr 0x08005000 align 2**12
         filesz 0x000006d0 memsz 0x00000ed0 flags rwx

Sections:
Idx Name              Size      VMA       LMA       File off  Algn  Flags
  0 .text             00000628  08005000  08005000  00001000  2**3  CONTENTS, ALLOC, LOAD, READONLY, CODE
  1 .rodata           000000a0  08005628  08005628  00001628  2**3  CONTENTS, ALLOC, LOAD, READONLY, DATA
  2 .data             00000008  080056c8  080056c8  000016c8  2**3  CONTENTS, ALLOC, LOAD, DATA
  3 .heap             00000800  080056d0  080056d0  000016d0  2**3  ALLOC
  4 .riscv.attributes 0000001c  00000000  00000000  000016d0  2**0  CONTENTS, READONLY
  5 .comment          00000028  00000000  00000000  000016ec  2**0  CONTENTS, READONLY
SYMBOL TABLE:
08005000 l    d  .text	00000000 .text
08005628 l    d  .rodata	00000000 .rodata
080056c8 l    d  .data	00000000 .data
080056d0 l    d  .heap	00000000 .heap
00000000 l    d  .riscv.attributes	00000000 .riscv.attributes
00000000 l    d  .comment	00000000 .comment
00000000 l    df *ABS*	00000000 servers.c
00000000 l    df *ABS*	00000000 sys_shell.c
00000000 l    df *ABS*	00000000 strlen.c
080056cc g     O .data	00000004 earth
00000800 g       *ABS*	00000000 __heap_size
080056c8 g     O .data	00000004 grass
08005344 g     F .text	000000dc memset
08005180 g     F .text	000001c4 main
08005000 g       .text	00000000 _enter
08005420 g     F .text	0000017c strcmp
08008000 g       *ABS*	00000000 __heap_end
0800503c g     F .text	00000144 parse_request
080056d0 g       .heap	00000000 __heap_start
08005010 g     F .text	0000002c exit
0800559c g     F .text	0000008c strlen



Disassembly of section .text:

08005000 <_enter>:
_enter():
 8005000:	00052503          	lw	a0,0(a0)
 8005004:	80002137          	lui	sp,0x80002
 8005008:	178000ef          	jal	ra,8005180 <main>
 800500c:	004000ef          	jal	ra,8005010 <exit>

08005010 <exit>:
exit():
 8005010:	fe010113          	addi	sp,sp,-32 # 80001fe0 <__heap_end+0x77ff9fe0>
 8005014:	00112e23          	sw	ra,28(sp)
 8005018:	00812c23          	sw	s0,24(sp)
 800501c:	02010413          	addi	s0,sp,32
 8005020:	fea42623          	sw	a0,-20(s0)
 8005024:	080057b7          	lui	a5,0x8005
 8005028:	6c87a783          	lw	a5,1736(a5) # 80056c8 <grass>
 800502c:	0a47a783          	lw	a5,164(a5)
 8005030:	fec42503          	lw	a0,-20(s0)
 8005034:	000780e7          	jalr	a5
 8005038:	0000006f          	j	8005038 <exit+0x28>

0800503c <parse_request>:
parse_request():
 800503c:	fd010113          	addi	sp,sp,-48
 8005040:	02112623          	sw	ra,44(sp)
 8005044:	02812423          	sw	s0,40(sp)
 8005048:	03010413          	addi	s0,sp,48
 800504c:	fca42e23          	sw	a0,-36(s0)
 8005050:	fcb42c23          	sw	a1,-40(s0)
 8005054:	fe042623          	sw	zero,-20(s0)
 8005058:	fe042423          	sw	zero,-24(s0)
 800505c:	fd842783          	lw	a5,-40(s0)
 8005060:	00878793          	addi	a5,a5,8
 8005064:	20000613          	li	a2,512
 8005068:	00000593          	li	a1,0
 800506c:	00078513          	mv	a0,a5
 8005070:	2d4000ef          	jal	ra,8005344 <memset>
 8005074:	fe042223          	sw	zero,-28(s0)
 8005078:	0bc0006f          	j	8005134 <parse_request+0xf8>
 800507c:	fe442783          	lw	a5,-28(s0)
 8005080:	fdc42703          	lw	a4,-36(s0)
 8005084:	00f707b3          	add	a5,a4,a5
 8005088:	0007c703          	lbu	a4,0(a5)
 800508c:	02000793          	li	a5,32
 8005090:	04f70863          	beq	a4,a5,80050e0 <parse_request+0xa4>
 8005094:	fe442783          	lw	a5,-28(s0)
 8005098:	fdc42703          	lw	a4,-36(s0)
 800509c:	00f707b3          	add	a5,a4,a5
 80050a0:	0007c703          	lbu	a4,0(a5)
 80050a4:	fd842683          	lw	a3,-40(s0)
 80050a8:	fe842783          	lw	a5,-24(s0)
 80050ac:	00579793          	slli	a5,a5,0x5
 80050b0:	00f686b3          	add	a3,a3,a5
 80050b4:	fec42783          	lw	a5,-20(s0)
 80050b8:	00f687b3          	add	a5,a3,a5
 80050bc:	00e78423          	sb	a4,8(a5)
 80050c0:	fec42783          	lw	a5,-20(s0)
 80050c4:	00178793          	addi	a5,a5,1
 80050c8:	fef42623          	sw	a5,-20(s0)
 80050cc:	fec42703          	lw	a4,-20(s0)
 80050d0:	01f00793          	li	a5,31
 80050d4:	04e7da63          	bge	a5,a4,8005128 <parse_request+0xec>
 80050d8:	fff00793          	li	a5,-1
 80050dc:	0900006f          	j	800516c <parse_request+0x130>
 80050e0:	fec42783          	lw	a5,-20(s0)
 80050e4:	04078263          	beqz	a5,8005128 <parse_request+0xec>
 80050e8:	fd842703          	lw	a4,-40(s0)
 80050ec:	fe842783          	lw	a5,-24(s0)
 80050f0:	00579793          	slli	a5,a5,0x5
 80050f4:	00f70733          	add	a4,a4,a5
 80050f8:	fec42783          	lw	a5,-20(s0)
 80050fc:	00f707b3          	add	a5,a4,a5
 8005100:	00078423          	sb	zero,8(a5)
 8005104:	fe042623          	sw	zero,-20(s0)
 8005108:	fe842783          	lw	a5,-24(s0)
 800510c:	00178793          	addi	a5,a5,1
 8005110:	fef42423          	sw	a5,-24(s0)
 8005114:	fe842703          	lw	a4,-24(s0)
 8005118:	00f00793          	li	a5,15
 800511c:	00e7d663          	bge	a5,a4,8005128 <parse_request+0xec>
 8005120:	fff00793          	li	a5,-1
 8005124:	0480006f          	j	800516c <parse_request+0x130>
 8005128:	fe442783          	lw	a5,-28(s0)
 800512c:	00178793          	addi	a5,a5,1
 8005130:	fef42223          	sw	a5,-28(s0)
 8005134:	fdc42503          	lw	a0,-36(s0)
 8005138:	464000ef          	jal	ra,800559c <strlen>
 800513c:	00050713          	mv	a4,a0
 8005140:	fe442783          	lw	a5,-28(s0)
 8005144:	f2e7ece3          	bltu	a5,a4,800507c <parse_request+0x40>
 8005148:	fec42783          	lw	a5,-20(s0)
 800514c:	00078863          	beqz	a5,800515c <parse_request+0x120>
 8005150:	fe842783          	lw	a5,-24(s0)
 8005154:	00178793          	addi	a5,a5,1
 8005158:	0080006f          	j	8005160 <parse_request+0x124>
 800515c:	fe842783          	lw	a5,-24(s0)
 8005160:	fd842703          	lw	a4,-40(s0)
 8005164:	00f72223          	sw	a5,4(a4)
 8005168:	00000793          	li	a5,0
 800516c:	00078513          	mv	a0,a5
 8005170:	02c12083          	lw	ra,44(sp)
 8005174:	02812403          	lw	s0,40(sp)
 8005178:	03010113          	addi	sp,sp,48
 800517c:	00008067          	ret

08005180 <main>:
main():
 8005180:	ce010113          	addi	sp,sp,-800
 8005184:	30112e23          	sw	ra,796(sp)
 8005188:	30812c23          	sw	s0,792(sp)
 800518c:	32010413          	addi	s0,sp,800
 8005190:	080057b7          	lui	a5,0x8005
 8005194:	6cc7a783          	lw	a5,1740(a5) # 80056cc <earth>
 8005198:	0447a703          	lw	a4,68(a5)
 800519c:	080057b7          	lui	a5,0x8005
 80051a0:	62878513          	addi	a0,a5,1576 # 8005628 <strlen+0x8c>
 80051a4:	000700e7          	jalr	a4
 80051a8:	000067b7          	lui	a5,0x6
 80051ac:	46378793          	addi	a5,a5,1123 # 6463 <__heap_size+0x5c63>
 80051b0:	eef42823          	sw	a5,-272(s0)
 80051b4:	ef440793          	addi	a5,s0,-268
 80051b8:	0fc00713          	li	a4,252
 80051bc:	00070613          	mv	a2,a4
 80051c0:	00000593          	li	a1,0
 80051c4:	00078513          	mv	a0,a5
 80051c8:	17c000ef          	jal	ra,8005344 <memset>
 80051cc:	ef040713          	addi	a4,s0,-272
 80051d0:	080057b7          	lui	a5,0x8005
 80051d4:	64878593          	addi	a1,a5,1608 # 8005648 <strlen+0xac>
 80051d8:	00070513          	mv	a0,a4
 80051dc:	244000ef          	jal	ra,8005420 <strcmp>
 80051e0:	00050793          	mv	a5,a0
 80051e4:	02079863          	bnez	a5,8005214 <main+0x94>
 80051e8:	00200793          	li	a5,2
 80051ec:	cef42223          	sw	a5,-796(s0)
 80051f0:	080057b7          	lui	a5,0x8005
 80051f4:	6c87a783          	lw	a5,1736(a5) # 80056c8 <grass>
 80051f8:	0a87a703          	lw	a4,168(a5)
 80051fc:	ce440793          	addi	a5,s0,-796
 8005200:	20800613          	li	a2,520
 8005204:	00078593          	mv	a1,a5
 8005208:	00100513          	li	a0,1
 800520c:	000700e7          	jalr	a4
 8005210:	0e40006f          	j	80052f4 <main+0x174>
 8005214:	ce042223          	sw	zero,-796(s0)
 8005218:	ce440713          	addi	a4,s0,-796
 800521c:	ef040793          	addi	a5,s0,-272
 8005220:	00070593          	mv	a1,a4
 8005224:	00078513          	mv	a0,a5
 8005228:	e15ff0ef          	jal	ra,800503c <parse_request>
 800522c:	00050793          	mv	a5,a0
 8005230:	02078063          	beqz	a5,8005250 <main+0xd0>
 8005234:	080057b7          	lui	a5,0x8005
 8005238:	6cc7a783          	lw	a5,1740(a5) # 80056cc <earth>
 800523c:	0387a703          	lw	a4,56(a5)
 8005240:	080057b7          	lui	a5,0x8005
 8005244:	65078513          	addi	a0,a5,1616 # 8005650 <strlen+0xb4>
 8005248:	000700e7          	jalr	a4
 800524c:	0a80006f          	j	80052f4 <main+0x174>
 8005250:	080057b7          	lui	a5,0x8005
 8005254:	6c87a783          	lw	a5,1736(a5) # 80056c8 <grass>
 8005258:	0a87a703          	lw	a4,168(a5)
 800525c:	ce440793          	addi	a5,s0,-796
 8005260:	20800613          	li	a2,520
 8005264:	00078593          	mv	a1,a5
 8005268:	00100513          	li	a0,1
 800526c:	000700e7          	jalr	a4
 8005270:	080057b7          	lui	a5,0x8005
 8005274:	6c87a783          	lw	a5,1736(a5) # 80056c8 <grass>
 8005278:	0ac7a703          	lw	a4,172(a5)
 800527c:	eec40793          	addi	a5,s0,-276
 8005280:	00400613          	li	a2,4
 8005284:	00078593          	mv	a1,a5
 8005288:	00000513          	li	a0,0
 800528c:	000700e7          	jalr	a4
 8005290:	eec42783          	lw	a5,-276(s0)
 8005294:	02078063          	beqz	a5,80052b4 <main+0x134>
 8005298:	080057b7          	lui	a5,0x8005
 800529c:	6cc7a783          	lw	a5,1740(a5) # 80056cc <earth>
 80052a0:	0387a703          	lw	a4,56(a5)
 80052a4:	080057b7          	lui	a5,0x8005
 80052a8:	68478513          	addi	a0,a5,1668 # 8005684 <strlen+0xe8>
 80052ac:	000700e7          	jalr	a4
 80052b0:	0440006f          	j	80052f4 <main+0x174>
 80052b4:	ce842783          	lw	a5,-792(s0)
 80052b8:	fff78793          	addi	a5,a5,-1
 80052bc:	00579793          	slli	a5,a5,0x5
 80052c0:	ff040713          	addi	a4,s0,-16
 80052c4:	00f707b3          	add	a5,a4,a5
 80052c8:	cfc7c703          	lbu	a4,-772(a5)
 80052cc:	02600793          	li	a5,38
 80052d0:	02f70263          	beq	a4,a5,80052f4 <main+0x174>
 80052d4:	080057b7          	lui	a5,0x8005
 80052d8:	6c87a783          	lw	a5,1736(a5) # 80056c8 <grass>
 80052dc:	0ac7a703          	lw	a4,172(a5)
 80052e0:	eec40793          	addi	a5,s0,-276
 80052e4:	00400613          	li	a2,4
 80052e8:	00078593          	mv	a1,a5
 80052ec:	00000513          	li	a0,0
 80052f0:	000700e7          	jalr	a4
 80052f4:	080057b7          	lui	a5,0x8005
 80052f8:	6cc7a783          	lw	a5,1740(a5) # 80056cc <earth>
 80052fc:	0347a703          	lw	a4,52(a5)
 8005300:	080057b7          	lui	a5,0x8005
 8005304:	6c87a783          	lw	a5,1736(a5) # 80056c8 <grass>
 8005308:	00478793          	addi	a5,a5,4
 800530c:	00078593          	mv	a1,a5
 8005310:	080057b7          	lui	a5,0x8005
 8005314:	6a878513          	addi	a0,a5,1704 # 80056a8 <strlen+0x10c>
 8005318:	000700e7          	jalr	a4
 800531c:	080057b7          	lui	a5,0x8005
 8005320:	6cc7a783          	lw	a5,1740(a5) # 80056cc <earth>
 8005324:	02c7a703          	lw	a4,44(a5)
 8005328:	ef040793          	addi	a5,s0,-272
 800532c:	10000593          	li	a1,256
 8005330:	00078513          	mv	a0,a5
 8005334:	000700e7          	jalr	a4
 8005338:	00050793          	mv	a5,a0
 800533c:	fa078ce3          	beqz	a5,80052f4 <main+0x174>
 8005340:	e8dff06f          	j	80051cc <main+0x4c>

08005344 <memset>:
memset():
 8005344:	00f00313          	li	t1,15
 8005348:	00050713          	mv	a4,a0
 800534c:	02c37e63          	bgeu	t1,a2,8005388 <memset+0x44>
 8005350:	00f77793          	andi	a5,a4,15
 8005354:	0a079063          	bnez	a5,80053f4 <memset+0xb0>
 8005358:	08059263          	bnez	a1,80053dc <memset+0x98>
 800535c:	ff067693          	andi	a3,a2,-16
 8005360:	00f67613          	andi	a2,a2,15
 8005364:	00e686b3          	add	a3,a3,a4
 8005368:	00b72023          	sw	a1,0(a4)
 800536c:	00b72223          	sw	a1,4(a4)
 8005370:	00b72423          	sw	a1,8(a4)
 8005374:	00b72623          	sw	a1,12(a4)
 8005378:	01070713          	addi	a4,a4,16
 800537c:	fed766e3          	bltu	a4,a3,8005368 <memset+0x24>
 8005380:	00061463          	bnez	a2,8005388 <memset+0x44>
 8005384:	00008067          	ret
 8005388:	40c306b3          	sub	a3,t1,a2
 800538c:	00269693          	slli	a3,a3,0x2
 8005390:	00000297          	auipc	t0,0x0
 8005394:	005686b3          	add	a3,a3,t0
 8005398:	00c68067          	jr	12(a3)
 800539c:	00b70723          	sb	a1,14(a4)
 80053a0:	00b706a3          	sb	a1,13(a4)
 80053a4:	00b70623          	sb	a1,12(a4)
 80053a8:	00b705a3          	sb	a1,11(a4)
 80053ac:	00b70523          	sb	a1,10(a4)
 80053b0:	00b704a3          	sb	a1,9(a4)
 80053b4:	00b70423          	sb	a1,8(a4)
 80053b8:	00b703a3          	sb	a1,7(a4)
 80053bc:	00b70323          	sb	a1,6(a4)
 80053c0:	00b702a3          	sb	a1,5(a4)
 80053c4:	00b70223          	sb	a1,4(a4)
 80053c8:	00b701a3          	sb	a1,3(a4)
 80053cc:	00b70123          	sb	a1,2(a4)
 80053d0:	00b700a3          	sb	a1,1(a4)
 80053d4:	00b70023          	sb	a1,0(a4)
 80053d8:	00008067          	ret
 80053dc:	0ff5f593          	andi	a1,a1,255
 80053e0:	00859693          	slli	a3,a1,0x8
 80053e4:	00d5e5b3          	or	a1,a1,a3
 80053e8:	01059693          	slli	a3,a1,0x10
 80053ec:	00d5e5b3          	or	a1,a1,a3
 80053f0:	f6dff06f          	j	800535c <memset+0x18>
 80053f4:	00279693          	slli	a3,a5,0x2
 80053f8:	00000297          	auipc	t0,0x0
 80053fc:	005686b3          	add	a3,a3,t0
 8005400:	00008293          	mv	t0,ra
 8005404:	fa0680e7          	jalr	-96(a3)
 8005408:	00028093          	mv	ra,t0
 800540c:	ff078793          	addi	a5,a5,-16
 8005410:	40f70733          	sub	a4,a4,a5
 8005414:	00f60633          	add	a2,a2,a5
 8005418:	f6c378e3          	bgeu	t1,a2,8005388 <memset+0x44>
 800541c:	f3dff06f          	j	8005358 <memset+0x14>

08005420 <strcmp>:
strcmp():
 8005420:	00b56733          	or	a4,a0,a1
 8005424:	fff00393          	li	t2,-1
 8005428:	00377713          	andi	a4,a4,3
 800542c:	10071063          	bnez	a4,800552c <strcmp+0x10c>
 8005430:	7f7f87b7          	lui	a5,0x7f7f8
 8005434:	f7f78793          	addi	a5,a5,-129 # 7f7f7f7f <__heap_end+0x777eff7f>
 8005438:	00052603          	lw	a2,0(a0)
 800543c:	0005a683          	lw	a3,0(a1)
 8005440:	00f672b3          	and	t0,a2,a5
 8005444:	00f66333          	or	t1,a2,a5
 8005448:	00f282b3          	add	t0,t0,a5
 800544c:	0062e2b3          	or	t0,t0,t1
 8005450:	10729263          	bne	t0,t2,8005554 <strcmp+0x134>
 8005454:	08d61663          	bne	a2,a3,80054e0 <strcmp+0xc0>
 8005458:	00452603          	lw	a2,4(a0)
 800545c:	0045a683          	lw	a3,4(a1)
 8005460:	00f672b3          	and	t0,a2,a5
 8005464:	00f66333          	or	t1,a2,a5
 8005468:	00f282b3          	add	t0,t0,a5
 800546c:	0062e2b3          	or	t0,t0,t1
 8005470:	0c729e63          	bne	t0,t2,800554c <strcmp+0x12c>
 8005474:	06d61663          	bne	a2,a3,80054e0 <strcmp+0xc0>
 8005478:	00852603          	lw	a2,8(a0)
 800547c:	0085a683          	lw	a3,8(a1)
 8005480:	00f672b3          	and	t0,a2,a5
 8005484:	00f66333          	or	t1,a2,a5
 8005488:	00f282b3          	add	t0,t0,a5
 800548c:	0062e2b3          	or	t0,t0,t1
 8005490:	0c729863          	bne	t0,t2,8005560 <strcmp+0x140>
 8005494:	04d61663          	bne	a2,a3,80054e0 <strcmp+0xc0>
 8005498:	00c52603          	lw	a2,12(a0)
 800549c:	00c5a683          	lw	a3,12(a1)
 80054a0:	00f672b3          	and	t0,a2,a5
 80054a4:	00f66333          	or	t1,a2,a5
 80054a8:	00f282b3          	add	t0,t0,a5
 80054ac:	0062e2b3          	or	t0,t0,t1
 80054b0:	0c729263          	bne	t0,t2,8005574 <strcmp+0x154>
 80054b4:	02d61663          	bne	a2,a3,80054e0 <strcmp+0xc0>
 80054b8:	01052603          	lw	a2,16(a0)
 80054bc:	0105a683          	lw	a3,16(a1)
 80054c0:	00f672b3          	and	t0,a2,a5
 80054c4:	00f66333          	or	t1,a2,a5
 80054c8:	00f282b3          	add	t0,t0,a5
 80054cc:	0062e2b3          	or	t0,t0,t1
 80054d0:	0a729c63          	bne	t0,t2,8005588 <strcmp+0x168>
 80054d4:	01450513          	addi	a0,a0,20
 80054d8:	01458593          	addi	a1,a1,20
 80054dc:	f4d60ee3          	beq	a2,a3,8005438 <strcmp+0x18>
 80054e0:	01061713          	slli	a4,a2,0x10
 80054e4:	01069793          	slli	a5,a3,0x10
 80054e8:	00f71e63          	bne	a4,a5,8005504 <strcmp+0xe4>
 80054ec:	01065713          	srli	a4,a2,0x10
 80054f0:	0106d793          	srli	a5,a3,0x10
 80054f4:	40f70533          	sub	a0,a4,a5
 80054f8:	0ff57593          	andi	a1,a0,255
 80054fc:	02059063          	bnez	a1,800551c <strcmp+0xfc>
 8005500:	00008067          	ret
 8005504:	01075713          	srli	a4,a4,0x10
 8005508:	0107d793          	srli	a5,a5,0x10
 800550c:	40f70533          	sub	a0,a4,a5
 8005510:	0ff57593          	andi	a1,a0,255
 8005514:	00059463          	bnez	a1,800551c <strcmp+0xfc>
 8005518:	00008067          	ret
 800551c:	0ff77713          	andi	a4,a4,255
 8005520:	0ff7f793          	andi	a5,a5,255
 8005524:	40f70533          	sub	a0,a4,a5
 8005528:	00008067          	ret
 800552c:	00054603          	lbu	a2,0(a0)
 8005530:	0005c683          	lbu	a3,0(a1)
 8005534:	00150513          	addi	a0,a0,1
 8005538:	00158593          	addi	a1,a1,1
 800553c:	00d61463          	bne	a2,a3,8005544 <strcmp+0x124>
 8005540:	fe0616e3          	bnez	a2,800552c <strcmp+0x10c>
 8005544:	40d60533          	sub	a0,a2,a3
 8005548:	00008067          	ret
 800554c:	00450513          	addi	a0,a0,4
 8005550:	00458593          	addi	a1,a1,4
 8005554:	fcd61ce3          	bne	a2,a3,800552c <strcmp+0x10c>
 8005558:	00000513          	li	a0,0
 800555c:	00008067          	ret
 8005560:	00850513          	addi	a0,a0,8
 8005564:	00858593          	addi	a1,a1,8
 8005568:	fcd612e3          	bne	a2,a3,800552c <strcmp+0x10c>
 800556c:	00000513          	li	a0,0
 8005570:	00008067          	ret
 8005574:	00c50513          	addi	a0,a0,12
 8005578:	00c58593          	addi	a1,a1,12
 800557c:	fad618e3          	bne	a2,a3,800552c <strcmp+0x10c>
 8005580:	00000513          	li	a0,0
 8005584:	00008067          	ret
 8005588:	01050513          	addi	a0,a0,16
 800558c:	01058593          	addi	a1,a1,16
 8005590:	f8d61ee3          	bne	a2,a3,800552c <strcmp+0x10c>
 8005594:	00000513          	li	a0,0
 8005598:	00008067          	ret

0800559c <strlen>:
strlen():
 800559c:	00357793          	andi	a5,a0,3
 80055a0:	00050713          	mv	a4,a0
 80055a4:	04079c63          	bnez	a5,80055fc <strlen+0x60>
 80055a8:	7f7f86b7          	lui	a3,0x7f7f8
 80055ac:	f7f68693          	addi	a3,a3,-129 # 7f7f7f7f <__heap_end+0x777eff7f>
 80055b0:	fff00593          	li	a1,-1
 80055b4:	00470713          	addi	a4,a4,4
 80055b8:	ffc72603          	lw	a2,-4(a4)
 80055bc:	00d677b3          	and	a5,a2,a3
 80055c0:	00d787b3          	add	a5,a5,a3
 80055c4:	00c7e7b3          	or	a5,a5,a2
 80055c8:	00d7e7b3          	or	a5,a5,a3
 80055cc:	feb784e3          	beq	a5,a1,80055b4 <strlen+0x18>
 80055d0:	ffc74683          	lbu	a3,-4(a4)
 80055d4:	40a707b3          	sub	a5,a4,a0
 80055d8:	ffd74603          	lbu	a2,-3(a4)
 80055dc:	ffe74503          	lbu	a0,-2(a4)
 80055e0:	04068063          	beqz	a3,8005620 <strlen+0x84>
 80055e4:	02060a63          	beqz	a2,8005618 <strlen+0x7c>
 80055e8:	00a03533          	snez	a0,a0
 80055ec:	00f50533          	add	a0,a0,a5
 80055f0:	ffe50513          	addi	a0,a0,-2
 80055f4:	00008067          	ret
 80055f8:	fa0688e3          	beqz	a3,80055a8 <strlen+0xc>
 80055fc:	00074783          	lbu	a5,0(a4)
 8005600:	00170713          	addi	a4,a4,1
 8005604:	00377693          	andi	a3,a4,3
 8005608:	fe0798e3          	bnez	a5,80055f8 <strlen+0x5c>
 800560c:	40a70733          	sub	a4,a4,a0
 8005610:	fff70513          	addi	a0,a4,-1
 8005614:	00008067          	ret
 8005618:	ffd78513          	addi	a0,a5,-3
 800561c:	00008067          	ret
 8005620:	ffc78513          	addi	a0,a5,-4
 8005624:	00008067          	ret
