
build/release/sys_proc.elf:     file format elf32-littleriscv
build/release/sys_proc.elf
architecture: riscv:rv32, flags 0x00000112:
EXEC_P, HAS_SYMS, D_PAGED
start address 0x08005000

Program Header:
    LOAD off    0x00001000 vaddr 0x08005000 paddr 0x08005000 align 2**12
         filesz 0x000011e0 memsz 0x00001df0 flags rwx

Sections:
Idx Name              Size      VMA       LMA       File off  Algn  Flags
  0 .text             00000fc0  08005000  08005000  00001000  2**3  CONTENTS, ALLOC, LOAD, READONLY, CODE
  1 .rodata           00000208  08005fc0  08005fc0  00001fc0  2**3  CONTENTS, ALLOC, LOAD, READONLY, DATA
  2 .data             00000018  080061c8  080061c8  000021c8  2**3  CONTENTS, ALLOC, LOAD, DATA
  3 .bss              00000410  080061e0  080061e0  000021e0  2**3  ALLOC
  4 .heap             00000800  080065f0  080065f0  000021e0  2**3  ALLOC
  5 .riscv.attributes 0000001c  00000000  00000000  000021e0  2**0  CONTENTS, READONLY
  6 .comment          00000028  00000000  00000000  000021fc  2**0  CONTENTS, READONLY
SYMBOL TABLE:
08005000 l    d  .text	00000000 .text
08005fc0 l    d  .rodata	00000000 .rodata
080061c8 l    d  .data	00000000 .data
080061e0 l    d  .bss	00000000 .bss
080065f0 l    d  .heap	00000000 .heap
00000000 l    d  .riscv.attributes	00000000 .riscv.attributes
00000000 l    d  .comment	00000000 .comment
00000000 l    df *ABS*	00000000 elf.c
08005010 l     F .text	0000010c load_grass
0800511c l     F .text	00000384 load_app
00000000 l    df *ABS*	00000000 servers.c
080061e0 l     O .bss	00000004 sender
080061f0 l     O .bss	00000400 buf
00000000 l    df *ABS*	00000000 sys_proc.c
080061e4 l     O .bss	00000004 app_ino
080061e8 l     O .bss	00000004 app_pid
08005c68 l     F .text	000000b0 sys_spawn
08005af8 l     F .text	00000114 app_spawn
08005ab0 l     F .text	00000048 app_read
080061ec l     O .bss	00000004 sys_proc_base
08005c0c l     F .text	0000005c sys_proc_read
00000000 l    df *ABS*	00000000 memcpy.c
00000000 l    df *ABS*	00000000 strcpy.c
08005f10 g     F .text	000000b0 strcpy
08005d18 g     F .text	0000011c memcpy
080061dc g     O .data	00000004 earth
00000800 g       *ABS*	00000000 __heap_size
08005688 g     F .text	000000f0 file_read
080061d8 g     O .data	00000004 grass
080061c8 g     O .data	00000010 sysproc_names
08005e34 g     F .text	000000dc memset
08005778 g     F .text	00000338 main
08005000 g       .text	00000000 _enter
08008000 g       *ABS*	00000000 __heap_end
080065f0 g       .heap	00000000 __heap_start
08005578 g     F .text	0000002c exit
080055a4 g     F .text	000000e4 dir_lookup
080054a0 g     F .text	000000d8 elf_load



Disassembly of section .text:

08005000 <_enter>:
_enter():
 8005000:	00052503          	lw	a0,0(a0)
 8005004:	80002137          	lui	sp,0x80002
 8005008:	770000ef          	jal	ra,8005778 <main>
 800500c:	56c000ef          	jal	ra,8005578 <exit>

08005010 <load_grass>:
load_grass():
 8005010:	fd010113          	addi	sp,sp,-48 # 80001fd0 <__heap_end+0x77ff9fd0>
 8005014:	02112623          	sw	ra,44(sp)
 8005018:	02812423          	sw	s0,40(sp)
 800501c:	03010413          	addi	s0,sp,48
 8005020:	fca42e23          	sw	a0,-36(s0)
 8005024:	fcb42c23          	sw	a1,-40(s0)
 8005028:	080067b7          	lui	a5,0x8006
 800502c:	1dc7a783          	lw	a5,476(a5) # 80061dc <earth>
 8005030:	0387a703          	lw	a4,56(a5)
 8005034:	fd842783          	lw	a5,-40(s0)
 8005038:	0107a783          	lw	a5,16(a5)
 800503c:	00078593          	mv	a1,a5
 8005040:	080067b7          	lui	a5,0x8006
 8005044:	fc078513          	addi	a0,a5,-64 # 8005fc0 <strcpy+0xb0>
 8005048:	000700e7          	jalr	a4
 800504c:	080067b7          	lui	a5,0x8006
 8005050:	1dc7a783          	lw	a5,476(a5) # 80061dc <earth>
 8005054:	0387a703          	lw	a4,56(a5)
 8005058:	fd842783          	lw	a5,-40(s0)
 800505c:	0147a783          	lw	a5,20(a5)
 8005060:	00078593          	mv	a1,a5
 8005064:	080067b7          	lui	a5,0x8006
 8005068:	fe878513          	addi	a0,a5,-24 # 8005fe8 <strcpy+0xd8>
 800506c:	000700e7          	jalr	a4
 8005070:	080037b7          	lui	a5,0x8003
 8005074:	80078793          	addi	a5,a5,-2048 # 8002800 <__heap_size+0x8002000>
 8005078:	fef42223          	sw	a5,-28(s0)
 800507c:	fd842783          	lw	a5,-40(s0)
 8005080:	0047a783          	lw	a5,4(a5)
 8005084:	0097d793          	srli	a5,a5,0x9
 8005088:	fef42623          	sw	a5,-20(s0)
 800508c:	fe042423          	sw	zero,-24(s0)
 8005090:	0380006f          	j	80050c8 <load_grass+0xb8>
 8005094:	fec42783          	lw	a5,-20(s0)
 8005098:	00178713          	addi	a4,a5,1
 800509c:	fee42623          	sw	a4,-20(s0)
 80050a0:	fe842703          	lw	a4,-24(s0)
 80050a4:	fe442683          	lw	a3,-28(s0)
 80050a8:	00e68733          	add	a4,a3,a4
 80050ac:	fdc42683          	lw	a3,-36(s0)
 80050b0:	00070593          	mv	a1,a4
 80050b4:	00078513          	mv	a0,a5
 80050b8:	000680e7          	jalr	a3
 80050bc:	fe842783          	lw	a5,-24(s0)
 80050c0:	20078793          	addi	a5,a5,512
 80050c4:	fef42423          	sw	a5,-24(s0)
 80050c8:	fd842783          	lw	a5,-40(s0)
 80050cc:	0107a703          	lw	a4,16(a5)
 80050d0:	fe842783          	lw	a5,-24(s0)
 80050d4:	fce7e0e3          	bltu	a5,a4,8005094 <load_grass+0x84>
 80050d8:	fd842783          	lw	a5,-40(s0)
 80050dc:	0107a783          	lw	a5,16(a5)
 80050e0:	fe442703          	lw	a4,-28(s0)
 80050e4:	00f706b3          	add	a3,a4,a5
 80050e8:	fd842783          	lw	a5,-40(s0)
 80050ec:	0107a783          	lw	a5,16(a5)
 80050f0:	00010737          	lui	a4,0x10
 80050f4:	40f707b3          	sub	a5,a4,a5
 80050f8:	00078613          	mv	a2,a5
 80050fc:	00000593          	li	a1,0
 8005100:	00068513          	mv	a0,a3
 8005104:	531000ef          	jal	ra,8005e34 <memset>
 8005108:	00000013          	nop
 800510c:	02c12083          	lw	ra,44(sp)
 8005110:	02812403          	lw	s0,40(sp)
 8005114:	03010113          	addi	sp,sp,48
 8005118:	00008067          	ret

0800511c <load_app>:
load_app():
 800511c:	fa010113          	addi	sp,sp,-96
 8005120:	04112e23          	sw	ra,92(sp)
 8005124:	04812c23          	sw	s0,88(sp)
 8005128:	06010413          	addi	s0,sp,96
 800512c:	faa42e23          	sw	a0,-68(s0)
 8005130:	fab42c23          	sw	a1,-72(s0)
 8005134:	fac42a23          	sw	a2,-76(s0)
 8005138:	fad42823          	sw	a3,-80(s0)
 800513c:	fae42623          	sw	a4,-84(s0)
 8005140:	fbc42703          	lw	a4,-68(s0)
 8005144:	00400793          	li	a5,4
 8005148:	04e7c663          	blt	a5,a4,8005194 <load_app+0x78>
 800514c:	080067b7          	lui	a5,0x8006
 8005150:	1dc7a783          	lw	a5,476(a5) # 80061dc <earth>
 8005154:	0387a703          	lw	a4,56(a5)
 8005158:	fac42783          	lw	a5,-84(s0)
 800515c:	0107a783          	lw	a5,16(a5)
 8005160:	00078593          	mv	a1,a5
 8005164:	080067b7          	lui	a5,0x8006
 8005168:	01078513          	addi	a0,a5,16 # 8006010 <strcpy+0x100>
 800516c:	000700e7          	jalr	a4 # 10000 <__heap_size+0xf800>
 8005170:	080067b7          	lui	a5,0x8006
 8005174:	1dc7a783          	lw	a5,476(a5) # 80061dc <earth>
 8005178:	0387a703          	lw	a4,56(a5)
 800517c:	fac42783          	lw	a5,-84(s0)
 8005180:	0147a783          	lw	a5,20(a5)
 8005184:	00078593          	mv	a1,a5
 8005188:	080067b7          	lui	a5,0x8006
 800518c:	02c78513          	addi	a0,a5,44 # 800602c <strcpy+0x11c>
 8005190:	000700e7          	jalr	a4
 8005194:	fac42783          	lw	a5,-84(s0)
 8005198:	0047a783          	lw	a5,4(a5)
 800519c:	0097d793          	srli	a5,a5,0x9
 80051a0:	fef42623          	sw	a5,-20(s0)
 80051a4:	000087b7          	lui	a5,0x8
 80051a8:	00578793          	addi	a5,a5,5 # 8005 <__heap_size+0x7805>
 80051ac:	fef42423          	sw	a5,-24(s0)
 80051b0:	000807b7          	lui	a5,0x80
 80051b4:	fcf42e23          	sw	a5,-36(s0)
 80051b8:	fe042223          	sw	zero,-28(s0)
 80051bc:	0b80006f          	j	8005274 <load_app+0x158>
 80051c0:	fe442703          	lw	a4,-28(s0)
 80051c4:	000017b7          	lui	a5,0x1
 80051c8:	fff78793          	addi	a5,a5,-1 # fff <__heap_size+0x7ff>
 80051cc:	00f777b3          	and	a5,a4,a5
 80051d0:	04079a63          	bnez	a5,8005224 <load_app+0x108>
 80051d4:	080067b7          	lui	a5,0x8006
 80051d8:	1dc7a783          	lw	a5,476(a5) # 80061dc <earth>
 80051dc:	00c7a683          	lw	a3,12(a5)
 80051e0:	fc440713          	addi	a4,s0,-60
 80051e4:	fc040793          	addi	a5,s0,-64
 80051e8:	00070593          	mv	a1,a4
 80051ec:	00078513          	mv	a0,a5
 80051f0:	000680e7          	jalr	a3
 80051f4:	080067b7          	lui	a5,0x8006
 80051f8:	1dc7a783          	lw	a5,476(a5) # 80061dc <earth>
 80051fc:	0147a683          	lw	a3,20(a5)
 8005200:	fe842783          	lw	a5,-24(s0)
 8005204:	00178713          	addi	a4,a5,1
 8005208:	fee42423          	sw	a4,-24(s0)
 800520c:	00078713          	mv	a4,a5
 8005210:	fc042783          	lw	a5,-64(s0)
 8005214:	00078613          	mv	a2,a5
 8005218:	00070593          	mv	a1,a4
 800521c:	fbc42503          	lw	a0,-68(s0)
 8005220:	000680e7          	jalr	a3
 8005224:	fec42683          	lw	a3,-20(s0)
 8005228:	00168793          	addi	a5,a3,1
 800522c:	fef42623          	sw	a5,-20(s0)
 8005230:	fc442603          	lw	a2,-60(s0)
 8005234:	fe442703          	lw	a4,-28(s0)
 8005238:	41f75793          	srai	a5,a4,0x1f
 800523c:	0147d793          	srli	a5,a5,0x14
 8005240:	00f705b3          	add	a1,a4,a5
 8005244:	00001737          	lui	a4,0x1
 8005248:	fff70713          	addi	a4,a4,-1 # fff <__heap_size+0x7ff>
 800524c:	00e5f733          	and	a4,a1,a4
 8005250:	40f707b3          	sub	a5,a4,a5
 8005254:	00f607b3          	add	a5,a2,a5
 8005258:	fb842703          	lw	a4,-72(s0)
 800525c:	00078593          	mv	a1,a5
 8005260:	00068513          	mv	a0,a3
 8005264:	000700e7          	jalr	a4
 8005268:	fe442783          	lw	a5,-28(s0)
 800526c:	20078793          	addi	a5,a5,512
 8005270:	fef42223          	sw	a5,-28(s0)
 8005274:	fac42783          	lw	a5,-84(s0)
 8005278:	0107a703          	lw	a4,16(a5)
 800527c:	fe442783          	lw	a5,-28(s0)
 8005280:	f4e7e0e3          	bltu	a5,a4,80051c0 <load_app+0xa4>
 8005284:	fac42783          	lw	a5,-84(s0)
 8005288:	0107a783          	lw	a5,16(a5)
 800528c:	00078713          	mv	a4,a5
 8005290:	000017b7          	lui	a5,0x1
 8005294:	fff78793          	addi	a5,a5,-1 # fff <__heap_size+0x7ff>
 8005298:	00f777b3          	and	a5,a4,a5
 800529c:	fcf42c23          	sw	a5,-40(s0)
 80052a0:	00001737          	lui	a4,0x1
 80052a4:	fd842783          	lw	a5,-40(s0)
 80052a8:	40f707b3          	sub	a5,a4,a5
 80052ac:	fcf42a23          	sw	a5,-44(s0)
 80052b0:	fd842783          	lw	a5,-40(s0)
 80052b4:	08078663          	beqz	a5,8005340 <load_app+0x224>
 80052b8:	fc442703          	lw	a4,-60(s0)
 80052bc:	fd842783          	lw	a5,-40(s0)
 80052c0:	00f707b3          	add	a5,a4,a5
 80052c4:	fd442703          	lw	a4,-44(s0)
 80052c8:	00070613          	mv	a2,a4
 80052cc:	00000593          	li	a1,0
 80052d0:	00078513          	mv	a0,a5
 80052d4:	361000ef          	jal	ra,8005e34 <memset>
 80052d8:	0680006f          	j	8005340 <load_app+0x224>
 80052dc:	080067b7          	lui	a5,0x8006
 80052e0:	1dc7a783          	lw	a5,476(a5) # 80061dc <earth>
 80052e4:	00c7a683          	lw	a3,12(a5)
 80052e8:	fc440713          	addi	a4,s0,-60
 80052ec:	fc040793          	addi	a5,s0,-64
 80052f0:	00070593          	mv	a1,a4
 80052f4:	00078513          	mv	a0,a5
 80052f8:	000680e7          	jalr	a3
 80052fc:	080067b7          	lui	a5,0x8006
 8005300:	1dc7a783          	lw	a5,476(a5) # 80061dc <earth>
 8005304:	0147a683          	lw	a3,20(a5)
 8005308:	fe842783          	lw	a5,-24(s0)
 800530c:	00178713          	addi	a4,a5,1
 8005310:	fee42423          	sw	a4,-24(s0)
 8005314:	00078713          	mv	a4,a5
 8005318:	fc042783          	lw	a5,-64(s0)
 800531c:	00078613          	mv	a2,a5
 8005320:	00070593          	mv	a1,a4
 8005324:	fbc42503          	lw	a0,-68(s0)
 8005328:	000680e7          	jalr	a3
 800532c:	fc442783          	lw	a5,-60(s0)
 8005330:	00001637          	lui	a2,0x1
 8005334:	00000593          	li	a1,0
 8005338:	00078513          	mv	a0,a5
 800533c:	2f9000ef          	jal	ra,8005e34 <memset>
 8005340:	fe842703          	lw	a4,-24(s0)
 8005344:	000087b7          	lui	a5,0x8
 8005348:	00778793          	addi	a5,a5,7 # 8007 <__heap_size+0x7807>
 800534c:	f8e7f8e3          	bgeu	a5,a4,80052dc <load_app+0x1c0>
 8005350:	080067b7          	lui	a5,0x8006
 8005354:	1dc7a783          	lw	a5,476(a5) # 80061dc <earth>
 8005358:	00c7a683          	lw	a3,12(a5)
 800535c:	fc440713          	addi	a4,s0,-60
 8005360:	fc040793          	addi	a5,s0,-64
 8005364:	00070593          	mv	a1,a4
 8005368:	00078513          	mv	a0,a5
 800536c:	000680e7          	jalr	a3
 8005370:	080067b7          	lui	a5,0x8006
 8005374:	1dc7a783          	lw	a5,476(a5) # 80061dc <earth>
 8005378:	0147a683          	lw	a3,20(a5)
 800537c:	fdc42783          	lw	a5,-36(s0)
 8005380:	00178713          	addi	a4,a5,1
 8005384:	fce42e23          	sw	a4,-36(s0)
 8005388:	00078713          	mv	a4,a5
 800538c:	fc042783          	lw	a5,-64(s0)
 8005390:	00078613          	mv	a2,a5
 8005394:	00070593          	mv	a1,a4
 8005398:	fbc42503          	lw	a0,-68(s0)
 800539c:	000680e7          	jalr	a3
 80053a0:	fc442783          	lw	a5,-60(s0)
 80053a4:	fcf42823          	sw	a5,-48(s0)
 80053a8:	fd042783          	lw	a5,-48(s0)
 80053ac:	00478793          	addi	a5,a5,4
 80053b0:	fcf42623          	sw	a5,-52(s0)
 80053b4:	fcc42783          	lw	a5,-52(s0)
 80053b8:	04078793          	addi	a5,a5,64
 80053bc:	fcf42423          	sw	a5,-56(s0)
 80053c0:	fd042783          	lw	a5,-48(s0)
 80053c4:	fb442703          	lw	a4,-76(s0)
 80053c8:	00e7a023          	sw	a4,0(a5)
 80053cc:	fb042783          	lw	a5,-80(s0)
 80053d0:	00078e63          	beqz	a5,80053ec <load_app+0x2d0>
 80053d4:	fb442783          	lw	a5,-76(s0)
 80053d8:	00579793          	slli	a5,a5,0x5
 80053dc:	00078613          	mv	a2,a5
 80053e0:	fb042583          	lw	a1,-80(s0)
 80053e4:	fc842503          	lw	a0,-56(s0)
 80053e8:	131000ef          	jal	ra,8005d18 <memcpy>
 80053ec:	fe042023          	sw	zero,-32(s0)
 80053f0:	0400006f          	j	8005430 <load_app+0x314>
 80053f4:	fe042783          	lw	a5,-32(s0)
 80053f8:	00579793          	slli	a5,a5,0x5
 80053fc:	00078713          	mv	a4,a5
 8005400:	800007b7          	lui	a5,0x80000
 8005404:	04478793          	addi	a5,a5,68 # 80000044 <__heap_end+0x77ff8044>
 8005408:	00f706b3          	add	a3,a4,a5
 800540c:	fe042783          	lw	a5,-32(s0)
 8005410:	00279793          	slli	a5,a5,0x2
 8005414:	fcc42703          	lw	a4,-52(s0)
 8005418:	00f707b3          	add	a5,a4,a5
 800541c:	00068713          	mv	a4,a3
 8005420:	00e7a023          	sw	a4,0(a5)
 8005424:	fe042783          	lw	a5,-32(s0)
 8005428:	00178793          	addi	a5,a5,1
 800542c:	fef42023          	sw	a5,-32(s0)
 8005430:	fe042703          	lw	a4,-32(s0)
 8005434:	fb442783          	lw	a5,-76(s0)
 8005438:	faf74ee3          	blt	a4,a5,80053f4 <load_app+0x2d8>
 800543c:	080067b7          	lui	a5,0x8006
 8005440:	1dc7a783          	lw	a5,476(a5) # 80061dc <earth>
 8005444:	00c7a683          	lw	a3,12(a5)
 8005448:	fc440713          	addi	a4,s0,-60
 800544c:	fc040793          	addi	a5,s0,-64
 8005450:	00070593          	mv	a1,a4
 8005454:	00078513          	mv	a0,a5
 8005458:	000680e7          	jalr	a3
 800545c:	080067b7          	lui	a5,0x8006
 8005460:	1dc7a783          	lw	a5,476(a5) # 80061dc <earth>
 8005464:	0147a683          	lw	a3,20(a5)
 8005468:	fdc42783          	lw	a5,-36(s0)
 800546c:	00178713          	addi	a4,a5,1
 8005470:	fce42e23          	sw	a4,-36(s0)
 8005474:	00078713          	mv	a4,a5
 8005478:	fc042783          	lw	a5,-64(s0)
 800547c:	00078613          	mv	a2,a5
 8005480:	00070593          	mv	a1,a4
 8005484:	fbc42503          	lw	a0,-68(s0)
 8005488:	000680e7          	jalr	a3
 800548c:	00000013          	nop
 8005490:	05c12083          	lw	ra,92(sp)
 8005494:	05812403          	lw	s0,88(sp)
 8005498:	06010113          	addi	sp,sp,96
 800549c:	00008067          	ret

080054a0 <elf_load>:
elf_load():
 80054a0:	dd010113          	addi	sp,sp,-560
 80054a4:	22112623          	sw	ra,556(sp)
 80054a8:	22812423          	sw	s0,552(sp)
 80054ac:	23010413          	addi	s0,sp,560
 80054b0:	dca42e23          	sw	a0,-548(s0)
 80054b4:	dcb42c23          	sw	a1,-552(s0)
 80054b8:	dcc42a23          	sw	a2,-556(s0)
 80054bc:	dcd42823          	sw	a3,-560(s0)
 80054c0:	de840793          	addi	a5,s0,-536
 80054c4:	dd842703          	lw	a4,-552(s0)
 80054c8:	00078593          	mv	a1,a5
 80054cc:	00000513          	li	a0,0
 80054d0:	000700e7          	jalr	a4 # 1000 <__heap_size+0x800>
 80054d4:	de840793          	addi	a5,s0,-536
 80054d8:	fef42623          	sw	a5,-20(s0)
 80054dc:	fec42783          	lw	a5,-20(s0)
 80054e0:	01c7a783          	lw	a5,28(a5)
 80054e4:	de840713          	addi	a4,s0,-536
 80054e8:	00f707b3          	add	a5,a4,a5
 80054ec:	fef42423          	sw	a5,-24(s0)
 80054f0:	fe842783          	lw	a5,-24(s0)
 80054f4:	0087a703          	lw	a4,8(a5)
 80054f8:	080037b7          	lui	a5,0x8003
 80054fc:	80078793          	addi	a5,a5,-2048 # 8002800 <__heap_size+0x8002000>
 8005500:	00f71a63          	bne	a4,a5,8005514 <elf_load+0x74>
 8005504:	fe842583          	lw	a1,-24(s0)
 8005508:	dd842503          	lw	a0,-552(s0)
 800550c:	b05ff0ef          	jal	ra,8005010 <load_grass>
 8005510:	0540006f          	j	8005564 <elf_load+0xc4>
 8005514:	fe842783          	lw	a5,-24(s0)
 8005518:	0087a703          	lw	a4,8(a5)
 800551c:	080057b7          	lui	a5,0x8005
 8005520:	02f71063          	bne	a4,a5,8005540 <elf_load+0xa0>
 8005524:	fe842703          	lw	a4,-24(s0)
 8005528:	dd042683          	lw	a3,-560(s0)
 800552c:	dd442603          	lw	a2,-556(s0)
 8005530:	dd842583          	lw	a1,-552(s0)
 8005534:	ddc42503          	lw	a0,-548(s0)
 8005538:	be5ff0ef          	jal	ra,800511c <load_app>
 800553c:	0280006f          	j	8005564 <elf_load+0xc4>
 8005540:	080067b7          	lui	a5,0x8006
 8005544:	1dc7a783          	lw	a5,476(a5) # 80061dc <earth>
 8005548:	03c7a703          	lw	a4,60(a5)
 800554c:	fe842783          	lw	a5,-24(s0)
 8005550:	0087a783          	lw	a5,8(a5)
 8005554:	00078593          	mv	a1,a5
 8005558:	080067b7          	lui	a5,0x8006
 800555c:	04c78513          	addi	a0,a5,76 # 800604c <strcpy+0x13c>
 8005560:	000700e7          	jalr	a4
 8005564:	00000013          	nop
 8005568:	22c12083          	lw	ra,556(sp)
 800556c:	22812403          	lw	s0,552(sp)
 8005570:	23010113          	addi	sp,sp,560
 8005574:	00008067          	ret

08005578 <exit>:
exit():
 8005578:	fe010113          	addi	sp,sp,-32
 800557c:	00112e23          	sw	ra,28(sp)
 8005580:	00812c23          	sw	s0,24(sp)
 8005584:	02010413          	addi	s0,sp,32
 8005588:	fea42623          	sw	a0,-20(s0)
 800558c:	080067b7          	lui	a5,0x8006
 8005590:	1d87a783          	lw	a5,472(a5) # 80061d8 <grass>
 8005594:	0a47a783          	lw	a5,164(a5)
 8005598:	fec42503          	lw	a0,-20(s0)
 800559c:	000780e7          	jalr	a5
 80055a0:	0000006f          	j	80055a0 <exit+0x28>

080055a4 <dir_lookup>:
dir_lookup():
 80055a4:	fb010113          	addi	sp,sp,-80
 80055a8:	04112623          	sw	ra,76(sp)
 80055ac:	04812423          	sw	s0,72(sp)
 80055b0:	05010413          	addi	s0,sp,80
 80055b4:	faa42e23          	sw	a0,-68(s0)
 80055b8:	fab42c23          	sw	a1,-72(s0)
 80055bc:	00100793          	li	a5,1
 80055c0:	fcf42223          	sw	a5,-60(s0)
 80055c4:	fbc42783          	lw	a5,-68(s0)
 80055c8:	fcf42423          	sw	a5,-56(s0)
 80055cc:	fc440793          	addi	a5,s0,-60
 80055d0:	00878793          	addi	a5,a5,8
 80055d4:	fb842583          	lw	a1,-72(s0)
 80055d8:	00078513          	mv	a0,a5
 80055dc:	135000ef          	jal	ra,8005f10 <strcpy>
 80055e0:	080067b7          	lui	a5,0x8006
 80055e4:	1d87a783          	lw	a5,472(a5) # 80061d8 <grass>
 80055e8:	0a87a703          	lw	a4,168(a5)
 80055ec:	fc440793          	addi	a5,s0,-60
 80055f0:	02800613          	li	a2,40
 80055f4:	00078593          	mv	a1,a5
 80055f8:	00300513          	li	a0,3
 80055fc:	000700e7          	jalr	a4
 8005600:	080067b7          	lui	a5,0x8006
 8005604:	1d87a783          	lw	a5,472(a5) # 80061d8 <grass>
 8005608:	0ac7a703          	lw	a4,172(a5)
 800560c:	40000613          	li	a2,1024
 8005610:	080067b7          	lui	a5,0x8006
 8005614:	1f078593          	addi	a1,a5,496 # 80061f0 <buf>
 8005618:	080067b7          	lui	a5,0x8006
 800561c:	1e078513          	addi	a0,a5,480 # 80061e0 <sender>
 8005620:	000700e7          	jalr	a4
 8005624:	080067b7          	lui	a5,0x8006
 8005628:	1e07a703          	lw	a4,480(a5) # 80061e0 <sender>
 800562c:	00300793          	li	a5,3
 8005630:	00f70e63          	beq	a4,a5,800564c <dir_lookup+0xa8>
 8005634:	080067b7          	lui	a5,0x8006
 8005638:	1dc7a783          	lw	a5,476(a5) # 80061dc <earth>
 800563c:	03c7a703          	lw	a4,60(a5)
 8005640:	080067b7          	lui	a5,0x8006
 8005644:	07878513          	addi	a0,a5,120 # 8006078 <strcpy+0x168>
 8005648:	000700e7          	jalr	a4
 800564c:	080067b7          	lui	a5,0x8006
 8005650:	1f078793          	addi	a5,a5,496 # 80061f0 <buf>
 8005654:	fef42623          	sw	a5,-20(s0)
 8005658:	fec42783          	lw	a5,-20(s0)
 800565c:	0007a783          	lw	a5,0(a5)
 8005660:	00079863          	bnez	a5,8005670 <dir_lookup+0xcc>
 8005664:	fec42783          	lw	a5,-20(s0)
 8005668:	0047a783          	lw	a5,4(a5)
 800566c:	0080006f          	j	8005674 <dir_lookup+0xd0>
 8005670:	fff00793          	li	a5,-1
 8005674:	00078513          	mv	a0,a5
 8005678:	04c12083          	lw	ra,76(sp)
 800567c:	04812403          	lw	s0,72(sp)
 8005680:	05010113          	addi	sp,sp,80
 8005684:	00008067          	ret

08005688 <file_read>:
file_read():
 8005688:	dd010113          	addi	sp,sp,-560
 800568c:	22112623          	sw	ra,556(sp)
 8005690:	22812423          	sw	s0,552(sp)
 8005694:	23010413          	addi	s0,sp,560
 8005698:	dca42e23          	sw	a0,-548(s0)
 800569c:	dcb42c23          	sw	a1,-552(s0)
 80056a0:	dcc42a23          	sw	a2,-556(s0)
 80056a4:	00100793          	li	a5,1
 80056a8:	def42023          	sw	a5,-544(s0)
 80056ac:	ddc42783          	lw	a5,-548(s0)
 80056b0:	def42223          	sw	a5,-540(s0)
 80056b4:	dd842783          	lw	a5,-552(s0)
 80056b8:	def42423          	sw	a5,-536(s0)
 80056bc:	080067b7          	lui	a5,0x8006
 80056c0:	1d87a783          	lw	a5,472(a5) # 80061d8 <grass>
 80056c4:	0a87a703          	lw	a4,168(a5)
 80056c8:	de040793          	addi	a5,s0,-544
 80056cc:	20c00613          	li	a2,524
 80056d0:	00078593          	mv	a1,a5
 80056d4:	00200513          	li	a0,2
 80056d8:	000700e7          	jalr	a4
 80056dc:	080067b7          	lui	a5,0x8006
 80056e0:	1d87a783          	lw	a5,472(a5) # 80061d8 <grass>
 80056e4:	0ac7a703          	lw	a4,172(a5)
 80056e8:	40000613          	li	a2,1024
 80056ec:	080067b7          	lui	a5,0x8006
 80056f0:	1f078593          	addi	a1,a5,496 # 80061f0 <buf>
 80056f4:	080067b7          	lui	a5,0x8006
 80056f8:	1e078513          	addi	a0,a5,480 # 80061e0 <sender>
 80056fc:	000700e7          	jalr	a4
 8005700:	080067b7          	lui	a5,0x8006
 8005704:	1e07a703          	lw	a4,480(a5) # 80061e0 <sender>
 8005708:	00200793          	li	a5,2
 800570c:	00f70e63          	beq	a4,a5,8005728 <file_read+0xa0>
 8005710:	080067b7          	lui	a5,0x8006
 8005714:	1dc7a783          	lw	a5,476(a5) # 80061dc <earth>
 8005718:	03c7a703          	lw	a4,60(a5)
 800571c:	080067b7          	lui	a5,0x8006
 8005720:	09878513          	addi	a0,a5,152 # 8006098 <strcpy+0x188>
 8005724:	000700e7          	jalr	a4
 8005728:	080067b7          	lui	a5,0x8006
 800572c:	1f078793          	addi	a5,a5,496 # 80061f0 <buf>
 8005730:	fef42623          	sw	a5,-20(s0)
 8005734:	fec42783          	lw	a5,-20(s0)
 8005738:	00478793          	addi	a5,a5,4
 800573c:	20000613          	li	a2,512
 8005740:	00078593          	mv	a1,a5
 8005744:	dd442503          	lw	a0,-556(s0)
 8005748:	5d0000ef          	jal	ra,8005d18 <memcpy>
 800574c:	fec42783          	lw	a5,-20(s0)
 8005750:	0007a783          	lw	a5,0(a5)
 8005754:	00079663          	bnez	a5,8005760 <file_read+0xd8>
 8005758:	00000793          	li	a5,0
 800575c:	0080006f          	j	8005764 <file_read+0xdc>
 8005760:	fff00793          	li	a5,-1
 8005764:	00078513          	mv	a0,a5
 8005768:	22c12083          	lw	ra,556(sp)
 800576c:	22812403          	lw	s0,552(sp)
 8005770:	23010113          	addi	sp,sp,560
 8005774:	00008067          	ret

08005778 <main>:
main():
 8005778:	bd010113          	addi	sp,sp,-1072
 800577c:	42112623          	sw	ra,1068(sp)
 8005780:	42812423          	sw	s0,1064(sp)
 8005784:	43010413          	addi	s0,sp,1072
 8005788:	080067b7          	lui	a5,0x8006
 800578c:	1dc7a783          	lw	a5,476(a5) # 80061dc <earth>
 8005790:	0407a703          	lw	a4,64(a5)
 8005794:	080067b7          	lui	a5,0x8006
 8005798:	0b878513          	addi	a0,a5,184 # 80060b8 <strcpy+0x1a8>
 800579c:	000700e7          	jalr	a4
 80057a0:	000017b7          	lui	a5,0x1
 80057a4:	a0078513          	addi	a0,a5,-1536 # a00 <__heap_size+0x200>
 80057a8:	4c0000ef          	jal	ra,8005c68 <sys_spawn>
 80057ac:	080067b7          	lui	a5,0x8006
 80057b0:	1d87a783          	lw	a5,472(a5) # 80061d8 <grass>
 80057b4:	0ac7a703          	lw	a4,172(a5)
 80057b8:	bdc40793          	addi	a5,s0,-1060
 80057bc:	40000613          	li	a2,1024
 80057c0:	00078593          	mv	a1,a5
 80057c4:	00000513          	li	a0,0
 80057c8:	000700e7          	jalr	a4
 80057cc:	080067b7          	lui	a5,0x8006
 80057d0:	1dc7a783          	lw	a5,476(a5) # 80061dc <earth>
 80057d4:	0387a703          	lw	a4,56(a5)
 80057d8:	bdc40793          	addi	a5,s0,-1060
 80057dc:	00078593          	mv	a1,a5
 80057e0:	080067b7          	lui	a5,0x8006
 80057e4:	0dc78513          	addi	a0,a5,220 # 80060dc <strcpy+0x1cc>
 80057e8:	000700e7          	jalr	a4
 80057ec:	000017b7          	lui	a5,0x1
 80057f0:	b0078513          	addi	a0,a5,-1280 # b00 <__heap_size+0x300>
 80057f4:	474000ef          	jal	ra,8005c68 <sys_spawn>
 80057f8:	080067b7          	lui	a5,0x8006
 80057fc:	1d87a783          	lw	a5,472(a5) # 80061d8 <grass>
 8005800:	0ac7a703          	lw	a4,172(a5)
 8005804:	bdc40793          	addi	a5,s0,-1060
 8005808:	40000613          	li	a2,1024
 800580c:	00078593          	mv	a1,a5
 8005810:	00000513          	li	a0,0
 8005814:	000700e7          	jalr	a4
 8005818:	080067b7          	lui	a5,0x8006
 800581c:	1dc7a783          	lw	a5,476(a5) # 80061dc <earth>
 8005820:	0387a703          	lw	a4,56(a5)
 8005824:	bdc40793          	addi	a5,s0,-1060
 8005828:	00078593          	mv	a1,a5
 800582c:	080067b7          	lui	a5,0x8006
 8005830:	0dc78513          	addi	a0,a5,220 # 80060dc <strcpy+0x1cc>
 8005834:	000700e7          	jalr	a4
 8005838:	000017b7          	lui	a5,0x1
 800583c:	c0078513          	addi	a0,a5,-1024 # c00 <__heap_size+0x400>
 8005840:	428000ef          	jal	ra,8005c68 <sys_spawn>
 8005844:	bdc40793          	addi	a5,s0,-1060
 8005848:	fef42423          	sw	a5,-24(s0)
 800584c:	bdc40793          	addi	a5,s0,-1060
 8005850:	fef42223          	sw	a5,-28(s0)
 8005854:	080067b7          	lui	a5,0x8006
 8005858:	1d87a783          	lw	a5,472(a5) # 80061d8 <grass>
 800585c:	0ac7a683          	lw	a3,172(a5)
 8005860:	bdc40713          	addi	a4,s0,-1060
 8005864:	fdc40793          	addi	a5,s0,-36
 8005868:	40000613          	li	a2,1024
 800586c:	00070593          	mv	a1,a4
 8005870:	00078513          	mv	a0,a5
 8005874:	000680e7          	jalr	a3
 8005878:	fe842783          	lw	a5,-24(s0)
 800587c:	0007a783          	lw	a5,0(a5)
 8005880:	00500713          	li	a4,5
 8005884:	20f76263          	bltu	a4,a5,8005a88 <main+0x310>
 8005888:	00279713          	slli	a4,a5,0x2
 800588c:	080067b7          	lui	a5,0x8006
 8005890:	1b078793          	addi	a5,a5,432 # 80061b0 <strcpy+0x2a0>
 8005894:	00f707b3          	add	a5,a4,a5
 8005898:	0007a783          	lw	a5,0(a5)
 800589c:	00078067          	jr	a5
 80058a0:	fe842503          	lw	a0,-24(s0)
 80058a4:	254000ef          	jal	ra,8005af8 <app_spawn>
 80058a8:	00050793          	mv	a5,a0
 80058ac:	01f7d793          	srli	a5,a5,0x1f
 80058b0:	0ff7f793          	andi	a5,a5,255
 80058b4:	00078713          	mv	a4,a5
 80058b8:	fe442783          	lw	a5,-28(s0)
 80058bc:	00e7a023          	sw	a4,0(a5)
 80058c0:	fe842783          	lw	a5,-24(s0)
 80058c4:	0047a783          	lw	a5,4(a5)
 80058c8:	fff78793          	addi	a5,a5,-1
 80058cc:	fe842703          	lw	a4,-24(s0)
 80058d0:	00579793          	slli	a5,a5,0x5
 80058d4:	00f707b3          	add	a5,a4,a5
 80058d8:	0087c783          	lbu	a5,8(a5)
 80058dc:	fda78793          	addi	a5,a5,-38
 80058e0:	00f037b3          	snez	a5,a5
 80058e4:	0ff7f793          	andi	a5,a5,255
 80058e8:	fef42623          	sw	a5,-20(s0)
 80058ec:	fec42783          	lw	a5,-20(s0)
 80058f0:	02079a63          	bnez	a5,8005924 <main+0x1ac>
 80058f4:	080067b7          	lui	a5,0x8006
 80058f8:	1e87a783          	lw	a5,488(a5) # 80061e8 <app_pid>
 80058fc:	02f05463          	blez	a5,8005924 <main+0x1ac>
 8005900:	080067b7          	lui	a5,0x8006
 8005904:	1dc7a783          	lw	a5,476(a5) # 80061dc <earth>
 8005908:	0387a703          	lw	a4,56(a5)
 800590c:	080067b7          	lui	a5,0x8006
 8005910:	1e87a783          	lw	a5,488(a5) # 80061e8 <app_pid>
 8005914:	00078593          	mv	a1,a5
 8005918:	080067b7          	lui	a5,0x8006
 800591c:	0f478513          	addi	a0,a5,244 # 80060f4 <strcpy+0x1e4>
 8005920:	000700e7          	jalr	a4
 8005924:	080067b7          	lui	a5,0x8006
 8005928:	1d87a783          	lw	a5,472(a5) # 80061d8 <grass>
 800592c:	0a87a783          	lw	a5,168(a5)
 8005930:	00400613          	li	a2,4
 8005934:	fe442583          	lw	a1,-28(s0)
 8005938:	00400513          	li	a0,4
 800593c:	000780e7          	jalr	a5
 8005940:	16c0006f          	j	8005aac <main+0x334>
 8005944:	080067b7          	lui	a5,0x8006
 8005948:	1d87a783          	lw	a5,472(a5) # 80061d8 <grass>
 800594c:	0887a703          	lw	a4,136(a5)
 8005950:	fdc42783          	lw	a5,-36(s0)
 8005954:	00078513          	mv	a0,a5
 8005958:	000700e7          	jalr	a4
 800595c:	fec42783          	lw	a5,-20(s0)
 8005960:	02078a63          	beqz	a5,8005994 <main+0x21c>
 8005964:	080067b7          	lui	a5,0x8006
 8005968:	1e87a703          	lw	a4,488(a5) # 80061e8 <app_pid>
 800596c:	fdc42783          	lw	a5,-36(s0)
 8005970:	02f71263          	bne	a4,a5,8005994 <main+0x21c>
 8005974:	080067b7          	lui	a5,0x8006
 8005978:	1d87a783          	lw	a5,472(a5) # 80061d8 <grass>
 800597c:	0a87a783          	lw	a5,168(a5)
 8005980:	00400613          	li	a2,4
 8005984:	fe442583          	lw	a1,-28(s0)
 8005988:	00400513          	li	a0,4
 800598c:	000780e7          	jalr	a5
 8005990:	11c0006f          	j	8005aac <main+0x334>
 8005994:	080067b7          	lui	a5,0x8006
 8005998:	1dc7a783          	lw	a5,476(a5) # 80061dc <earth>
 800599c:	0387a703          	lw	a4,56(a5)
 80059a0:	fdc42783          	lw	a5,-36(s0)
 80059a4:	00078593          	mv	a1,a5
 80059a8:	080067b7          	lui	a5,0x8006
 80059ac:	11c78513          	addi	a0,a5,284 # 800611c <strcpy+0x20c>
 80059b0:	000700e7          	jalr	a4
 80059b4:	0f80006f          	j	8005aac <main+0x334>
 80059b8:	080067b7          	lui	a5,0x8006
 80059bc:	1d87a783          	lw	a5,472(a5) # 80061d8 <grass>
 80059c0:	0887a783          	lw	a5,136(a5)
 80059c4:	fff00513          	li	a0,-1
 80059c8:	000780e7          	jalr	a5
 80059cc:	0e00006f          	j	8005aac <main+0x334>
 80059d0:	080067b7          	lui	a5,0x8006
 80059d4:	1d87a783          	lw	a5,472(a5) # 80061d8 <grass>
 80059d8:	0947a703          	lw	a4,148(a5)
 80059dc:	fe842783          	lw	a5,-24(s0)
 80059e0:	0087c783          	lbu	a5,8(a5)
 80059e4:	00078513          	mv	a0,a5
 80059e8:	000700e7          	jalr	a4
 80059ec:	080067b7          	lui	a5,0x8006
 80059f0:	1d87a783          	lw	a5,472(a5) # 80061d8 <grass>
 80059f4:	0a87a703          	lw	a4,168(a5)
 80059f8:	fdc42783          	lw	a5,-36(s0)
 80059fc:	00400613          	li	a2,4
 8005a00:	fe442583          	lw	a1,-28(s0)
 8005a04:	00078513          	mv	a0,a5
 8005a08:	000700e7          	jalr	a4
 8005a0c:	0a00006f          	j	8005aac <main+0x334>
 8005a10:	fe842783          	lw	a5,-24(s0)
 8005a14:	0087c783          	lbu	a5,8(a5)
 8005a18:	fef401a3          	sb	a5,-29(s0)
 8005a1c:	fe344703          	lbu	a4,-29(s0)
 8005a20:	fdc42783          	lw	a5,-36(s0)
 8005a24:	02f71463          	bne	a4,a5,8005a4c <main+0x2d4>
 8005a28:	080067b7          	lui	a5,0x8006
 8005a2c:	1d87a783          	lw	a5,472(a5) # 80061d8 <grass>
 8005a30:	0a87a703          	lw	a4,168(a5)
 8005a34:	fdc42783          	lw	a5,-36(s0)
 8005a38:	00400613          	li	a2,4
 8005a3c:	fe442583          	lw	a1,-28(s0)
 8005a40:	00078513          	mv	a0,a5
 8005a44:	000700e7          	jalr	a4
 8005a48:	0640006f          	j	8005aac <main+0x334>
 8005a4c:	080067b7          	lui	a5,0x8006
 8005a50:	1d87a783          	lw	a5,472(a5) # 80061d8 <grass>
 8005a54:	0887a703          	lw	a4,136(a5)
 8005a58:	fe344783          	lbu	a5,-29(s0)
 8005a5c:	00078513          	mv	a0,a5
 8005a60:	000700e7          	jalr	a4
 8005a64:	080067b7          	lui	a5,0x8006
 8005a68:	1d87a783          	lw	a5,472(a5) # 80061d8 <grass>
 8005a6c:	0a87a703          	lw	a4,168(a5)
 8005a70:	fdc42783          	lw	a5,-36(s0)
 8005a74:	00400613          	li	a2,4
 8005a78:	fe442583          	lw	a1,-28(s0)
 8005a7c:	00078513          	mv	a0,a5
 8005a80:	000700e7          	jalr	a4
 8005a84:	0280006f          	j	8005aac <main+0x334>
 8005a88:	080067b7          	lui	a5,0x8006
 8005a8c:	1dc7a783          	lw	a5,476(a5) # 80061dc <earth>
 8005a90:	03c7a703          	lw	a4,60(a5)
 8005a94:	fe842783          	lw	a5,-24(s0)
 8005a98:	0007a783          	lw	a5,0(a5)
 8005a9c:	00078593          	mv	a1,a5
 8005aa0:	080067b7          	lui	a5,0x8006
 8005aa4:	14078513          	addi	a0,a5,320 # 8006140 <strcpy+0x230>
 8005aa8:	000700e7          	jalr	a4
 8005aac:	d99ff06f          	j	8005844 <main+0xcc>

08005ab0 <app_read>:
app_read():
 8005ab0:	fe010113          	addi	sp,sp,-32
 8005ab4:	00112e23          	sw	ra,28(sp)
 8005ab8:	00812c23          	sw	s0,24(sp)
 8005abc:	02010413          	addi	s0,sp,32
 8005ac0:	fea42623          	sw	a0,-20(s0)
 8005ac4:	feb42423          	sw	a1,-24(s0)
 8005ac8:	080067b7          	lui	a5,0x8006
 8005acc:	1e47a783          	lw	a5,484(a5) # 80061e4 <app_ino>
 8005ad0:	fe842603          	lw	a2,-24(s0)
 8005ad4:	fec42583          	lw	a1,-20(s0)
 8005ad8:	00078513          	mv	a0,a5
 8005adc:	badff0ef          	jal	ra,8005688 <file_read>
 8005ae0:	00000013          	nop
 8005ae4:	00078513          	mv	a0,a5
 8005ae8:	01c12083          	lw	ra,28(sp)
 8005aec:	01812403          	lw	s0,24(sp)
 8005af0:	02010113          	addi	sp,sp,32
 8005af4:	00008067          	ret

08005af8 <app_spawn>:
app_spawn():
 8005af8:	fd010113          	addi	sp,sp,-48
 8005afc:	02112623          	sw	ra,44(sp)
 8005b00:	02812423          	sw	s0,40(sp)
 8005b04:	03010413          	addi	s0,sp,48
 8005b08:	fca42e23          	sw	a0,-36(s0)
 8005b0c:	080067b7          	lui	a5,0x8006
 8005b10:	16078593          	addi	a1,a5,352 # 8006160 <strcpy+0x250>
 8005b14:	00000513          	li	a0,0
 8005b18:	a8dff0ef          	jal	ra,80055a4 <dir_lookup>
 8005b1c:	fea42623          	sw	a0,-20(s0)
 8005b20:	fdc42783          	lw	a5,-36(s0)
 8005b24:	00878793          	addi	a5,a5,8
 8005b28:	00078593          	mv	a1,a5
 8005b2c:	fec42503          	lw	a0,-20(s0)
 8005b30:	a75ff0ef          	jal	ra,80055a4 <dir_lookup>
 8005b34:	00050713          	mv	a4,a0
 8005b38:	080067b7          	lui	a5,0x8006
 8005b3c:	1ee7a223          	sw	a4,484(a5) # 80061e4 <app_ino>
 8005b40:	080067b7          	lui	a5,0x8006
 8005b44:	1e47a783          	lw	a5,484(a5) # 80061e4 <app_ino>
 8005b48:	0007d663          	bgez	a5,8005b54 <app_spawn+0x5c>
 8005b4c:	fff00793          	li	a5,-1
 8005b50:	0a80006f          	j	8005bf8 <app_spawn+0x100>
 8005b54:	080067b7          	lui	a5,0x8006
 8005b58:	1d87a783          	lw	a5,472(a5) # 80061d8 <grass>
 8005b5c:	0847a783          	lw	a5,132(a5)
 8005b60:	000780e7          	jalr	a5
 8005b64:	00050713          	mv	a4,a0
 8005b68:	080067b7          	lui	a5,0x8006
 8005b6c:	1ee7a423          	sw	a4,488(a5) # 80061e8 <app_pid>
 8005b70:	fdc42783          	lw	a5,-36(s0)
 8005b74:	0047a783          	lw	a5,4(a5)
 8005b78:	fff78793          	addi	a5,a5,-1
 8005b7c:	fdc42703          	lw	a4,-36(s0)
 8005b80:	00579793          	slli	a5,a5,0x5
 8005b84:	00f707b3          	add	a5,a4,a5
 8005b88:	0087c703          	lbu	a4,8(a5)
 8005b8c:	02600793          	li	a5,38
 8005b90:	00f71a63          	bne	a4,a5,8005ba4 <app_spawn+0xac>
 8005b94:	fdc42783          	lw	a5,-36(s0)
 8005b98:	0047a783          	lw	a5,4(a5)
 8005b9c:	fff78793          	addi	a5,a5,-1
 8005ba0:	00c0006f          	j	8005bac <app_spawn+0xb4>
 8005ba4:	fdc42783          	lw	a5,-36(s0)
 8005ba8:	0047a783          	lw	a5,4(a5)
 8005bac:	fef42423          	sw	a5,-24(s0)
 8005bb0:	080067b7          	lui	a5,0x8006
 8005bb4:	1e87a703          	lw	a4,488(a5) # 80061e8 <app_pid>
 8005bb8:	fdc42783          	lw	a5,-36(s0)
 8005bbc:	00878793          	addi	a5,a5,8
 8005bc0:	00078693          	mv	a3,a5
 8005bc4:	fe842603          	lw	a2,-24(s0)
 8005bc8:	080067b7          	lui	a5,0x8006
 8005bcc:	ab078593          	addi	a1,a5,-1360 # 8005ab0 <app_read>
 8005bd0:	00070513          	mv	a0,a4
 8005bd4:	8cdff0ef          	jal	ra,80054a0 <elf_load>
 8005bd8:	080067b7          	lui	a5,0x8006
 8005bdc:	1d87a783          	lw	a5,472(a5) # 80061d8 <grass>
 8005be0:	08c7a703          	lw	a4,140(a5)
 8005be4:	080067b7          	lui	a5,0x8006
 8005be8:	1e87a783          	lw	a5,488(a5) # 80061e8 <app_pid>
 8005bec:	00078513          	mv	a0,a5
 8005bf0:	000700e7          	jalr	a4
 8005bf4:	00000793          	li	a5,0
 8005bf8:	00078513          	mv	a0,a5
 8005bfc:	02c12083          	lw	ra,44(sp)
 8005c00:	02812403          	lw	s0,40(sp)
 8005c04:	03010113          	addi	sp,sp,48
 8005c08:	00008067          	ret

08005c0c <sys_proc_read>:
sys_proc_read():
 8005c0c:	fe010113          	addi	sp,sp,-32
 8005c10:	00112e23          	sw	ra,28(sp)
 8005c14:	00812c23          	sw	s0,24(sp)
 8005c18:	02010413          	addi	s0,sp,32
 8005c1c:	fea42623          	sw	a0,-20(s0)
 8005c20:	feb42423          	sw	a1,-24(s0)
 8005c24:	080067b7          	lui	a5,0x8006
 8005c28:	1dc7a783          	lw	a5,476(a5) # 80061dc <earth>
 8005c2c:	0207a683          	lw	a3,32(a5)
 8005c30:	080067b7          	lui	a5,0x8006
 8005c34:	1ec7a703          	lw	a4,492(a5) # 80061ec <sys_proc_base>
 8005c38:	fec42783          	lw	a5,-20(s0)
 8005c3c:	00f707b3          	add	a5,a4,a5
 8005c40:	fe842603          	lw	a2,-24(s0)
 8005c44:	00100593          	li	a1,1
 8005c48:	00078513          	mv	a0,a5
 8005c4c:	000680e7          	jalr	a3
 8005c50:	00050793          	mv	a5,a0
 8005c54:	00078513          	mv	a0,a5
 8005c58:	01c12083          	lw	ra,28(sp)
 8005c5c:	01812403          	lw	s0,24(sp)
 8005c60:	02010113          	addi	sp,sp,32
 8005c64:	00008067          	ret

08005c68 <sys_spawn>:
sys_spawn():
 8005c68:	fd010113          	addi	sp,sp,-48
 8005c6c:	02112623          	sw	ra,44(sp)
 8005c70:	02812423          	sw	s0,40(sp)
 8005c74:	03010413          	addi	s0,sp,48
 8005c78:	fca42e23          	sw	a0,-36(s0)
 8005c7c:	080067b7          	lui	a5,0x8006
 8005c80:	1d87a783          	lw	a5,472(a5) # 80061d8 <grass>
 8005c84:	0847a783          	lw	a5,132(a5)
 8005c88:	000780e7          	jalr	a5
 8005c8c:	fea42623          	sw	a0,-20(s0)
 8005c90:	080067b7          	lui	a5,0x8006
 8005c94:	1dc7a783          	lw	a5,476(a5) # 80061dc <earth>
 8005c98:	0387a683          	lw	a3,56(a5)
 8005c9c:	fec42783          	lw	a5,-20(s0)
 8005ca0:	fff78793          	addi	a5,a5,-1
 8005ca4:	08006737          	lui	a4,0x8006
 8005ca8:	1c870713          	addi	a4,a4,456 # 80061c8 <sysproc_names>
 8005cac:	00279793          	slli	a5,a5,0x2
 8005cb0:	00f707b3          	add	a5,a4,a5
 8005cb4:	0007a783          	lw	a5,0(a5)
 8005cb8:	00078613          	mv	a2,a5
 8005cbc:	fec42583          	lw	a1,-20(s0)
 8005cc0:	080067b7          	lui	a5,0x8006
 8005cc4:	19478513          	addi	a0,a5,404 # 8006194 <strcpy+0x284>
 8005cc8:	000680e7          	jalr	a3
 8005ccc:	080067b7          	lui	a5,0x8006
 8005cd0:	fdc42703          	lw	a4,-36(s0)
 8005cd4:	1ee7a623          	sw	a4,492(a5) # 80061ec <sys_proc_base>
 8005cd8:	00000693          	li	a3,0
 8005cdc:	00000613          	li	a2,0
 8005ce0:	080067b7          	lui	a5,0x8006
 8005ce4:	c0c78593          	addi	a1,a5,-1012 # 8005c0c <sys_proc_read>
 8005ce8:	fec42503          	lw	a0,-20(s0)
 8005cec:	fb4ff0ef          	jal	ra,80054a0 <elf_load>
 8005cf0:	080067b7          	lui	a5,0x8006
 8005cf4:	1d87a783          	lw	a5,472(a5) # 80061d8 <grass>
 8005cf8:	08c7a783          	lw	a5,140(a5)
 8005cfc:	fec42503          	lw	a0,-20(s0)
 8005d00:	000780e7          	jalr	a5
 8005d04:	00000013          	nop
 8005d08:	02c12083          	lw	ra,44(sp)
 8005d0c:	02812403          	lw	s0,40(sp)
 8005d10:	03010113          	addi	sp,sp,48
 8005d14:	00008067          	ret

08005d18 <memcpy>:
memcpy():
 8005d18:	00a5c7b3          	xor	a5,a1,a0
 8005d1c:	0037f793          	andi	a5,a5,3
 8005d20:	00c508b3          	add	a7,a0,a2
 8005d24:	06079263          	bnez	a5,8005d88 <memcpy+0x70>
 8005d28:	00300793          	li	a5,3
 8005d2c:	04c7fe63          	bgeu	a5,a2,8005d88 <memcpy+0x70>
 8005d30:	00357793          	andi	a5,a0,3
 8005d34:	00050713          	mv	a4,a0
 8005d38:	06079863          	bnez	a5,8005da8 <memcpy+0x90>
 8005d3c:	ffc8f613          	andi	a2,a7,-4
 8005d40:	fe060793          	addi	a5,a2,-32 # fe0 <__heap_size+0x7e0>
 8005d44:	08f76c63          	bltu	a4,a5,8005ddc <memcpy+0xc4>
 8005d48:	02c77c63          	bgeu	a4,a2,8005d80 <memcpy+0x68>
 8005d4c:	00058693          	mv	a3,a1
 8005d50:	00070793          	mv	a5,a4
 8005d54:	0006a803          	lw	a6,0(a3)
 8005d58:	00478793          	addi	a5,a5,4
 8005d5c:	00468693          	addi	a3,a3,4
 8005d60:	ff07ae23          	sw	a6,-4(a5)
 8005d64:	fec7e8e3          	bltu	a5,a2,8005d54 <memcpy+0x3c>
 8005d68:	fff60793          	addi	a5,a2,-1
 8005d6c:	40e787b3          	sub	a5,a5,a4
 8005d70:	ffc7f793          	andi	a5,a5,-4
 8005d74:	00478793          	addi	a5,a5,4
 8005d78:	00f70733          	add	a4,a4,a5
 8005d7c:	00f585b3          	add	a1,a1,a5
 8005d80:	01176863          	bltu	a4,a7,8005d90 <memcpy+0x78>
 8005d84:	00008067          	ret
 8005d88:	00050713          	mv	a4,a0
 8005d8c:	ff157ce3          	bgeu	a0,a7,8005d84 <memcpy+0x6c>
 8005d90:	0005c783          	lbu	a5,0(a1)
 8005d94:	00170713          	addi	a4,a4,1
 8005d98:	00158593          	addi	a1,a1,1
 8005d9c:	fef70fa3          	sb	a5,-1(a4)
 8005da0:	ff1768e3          	bltu	a4,a7,8005d90 <memcpy+0x78>
 8005da4:	00008067          	ret
 8005da8:	0005c683          	lbu	a3,0(a1)
 8005dac:	00170713          	addi	a4,a4,1
 8005db0:	00377793          	andi	a5,a4,3
 8005db4:	fed70fa3          	sb	a3,-1(a4)
 8005db8:	00158593          	addi	a1,a1,1
 8005dbc:	f80780e3          	beqz	a5,8005d3c <memcpy+0x24>
 8005dc0:	0005c683          	lbu	a3,0(a1)
 8005dc4:	00170713          	addi	a4,a4,1
 8005dc8:	00377793          	andi	a5,a4,3
 8005dcc:	fed70fa3          	sb	a3,-1(a4)
 8005dd0:	00158593          	addi	a1,a1,1
 8005dd4:	fc079ae3          	bnez	a5,8005da8 <memcpy+0x90>
 8005dd8:	f65ff06f          	j	8005d3c <memcpy+0x24>
 8005ddc:	0005a683          	lw	a3,0(a1)
 8005de0:	0045a283          	lw	t0,4(a1)
 8005de4:	0085af83          	lw	t6,8(a1)
 8005de8:	00c5af03          	lw	t5,12(a1)
 8005dec:	0105ae83          	lw	t4,16(a1)
 8005df0:	0145ae03          	lw	t3,20(a1)
 8005df4:	0185a303          	lw	t1,24(a1)
 8005df8:	01c5a803          	lw	a6,28(a1)
 8005dfc:	02458593          	addi	a1,a1,36
 8005e00:	00d72023          	sw	a3,0(a4)
 8005e04:	ffc5a683          	lw	a3,-4(a1)
 8005e08:	00572223          	sw	t0,4(a4)
 8005e0c:	01f72423          	sw	t6,8(a4)
 8005e10:	01e72623          	sw	t5,12(a4)
 8005e14:	01d72823          	sw	t4,16(a4)
 8005e18:	01c72a23          	sw	t3,20(a4)
 8005e1c:	00672c23          	sw	t1,24(a4)
 8005e20:	01072e23          	sw	a6,28(a4)
 8005e24:	02470713          	addi	a4,a4,36
 8005e28:	fed72e23          	sw	a3,-4(a4)
 8005e2c:	faf768e3          	bltu	a4,a5,8005ddc <memcpy+0xc4>
 8005e30:	f19ff06f          	j	8005d48 <memcpy+0x30>

08005e34 <memset>:
memset():
 8005e34:	00f00313          	li	t1,15
 8005e38:	00050713          	mv	a4,a0
 8005e3c:	02c37e63          	bgeu	t1,a2,8005e78 <memset+0x44>
 8005e40:	00f77793          	andi	a5,a4,15
 8005e44:	0a079063          	bnez	a5,8005ee4 <memset+0xb0>
 8005e48:	08059263          	bnez	a1,8005ecc <memset+0x98>
 8005e4c:	ff067693          	andi	a3,a2,-16
 8005e50:	00f67613          	andi	a2,a2,15
 8005e54:	00e686b3          	add	a3,a3,a4
 8005e58:	00b72023          	sw	a1,0(a4)
 8005e5c:	00b72223          	sw	a1,4(a4)
 8005e60:	00b72423          	sw	a1,8(a4)
 8005e64:	00b72623          	sw	a1,12(a4)
 8005e68:	01070713          	addi	a4,a4,16
 8005e6c:	fed766e3          	bltu	a4,a3,8005e58 <memset+0x24>
 8005e70:	00061463          	bnez	a2,8005e78 <memset+0x44>
 8005e74:	00008067          	ret
 8005e78:	40c306b3          	sub	a3,t1,a2
 8005e7c:	00269693          	slli	a3,a3,0x2
 8005e80:	00000297          	auipc	t0,0x0
 8005e84:	005686b3          	add	a3,a3,t0
 8005e88:	00c68067          	jr	12(a3)
 8005e8c:	00b70723          	sb	a1,14(a4)
 8005e90:	00b706a3          	sb	a1,13(a4)
 8005e94:	00b70623          	sb	a1,12(a4)
 8005e98:	00b705a3          	sb	a1,11(a4)
 8005e9c:	00b70523          	sb	a1,10(a4)
 8005ea0:	00b704a3          	sb	a1,9(a4)
 8005ea4:	00b70423          	sb	a1,8(a4)
 8005ea8:	00b703a3          	sb	a1,7(a4)
 8005eac:	00b70323          	sb	a1,6(a4)
 8005eb0:	00b702a3          	sb	a1,5(a4)
 8005eb4:	00b70223          	sb	a1,4(a4)
 8005eb8:	00b701a3          	sb	a1,3(a4)
 8005ebc:	00b70123          	sb	a1,2(a4)
 8005ec0:	00b700a3          	sb	a1,1(a4)
 8005ec4:	00b70023          	sb	a1,0(a4)
 8005ec8:	00008067          	ret
 8005ecc:	0ff5f593          	andi	a1,a1,255
 8005ed0:	00859693          	slli	a3,a1,0x8
 8005ed4:	00d5e5b3          	or	a1,a1,a3
 8005ed8:	01059693          	slli	a3,a1,0x10
 8005edc:	00d5e5b3          	or	a1,a1,a3
 8005ee0:	f6dff06f          	j	8005e4c <memset+0x18>
 8005ee4:	00279693          	slli	a3,a5,0x2
 8005ee8:	00000297          	auipc	t0,0x0
 8005eec:	005686b3          	add	a3,a3,t0
 8005ef0:	00008293          	mv	t0,ra
 8005ef4:	fa0680e7          	jalr	-96(a3)
 8005ef8:	00028093          	mv	ra,t0
 8005efc:	ff078793          	addi	a5,a5,-16
 8005f00:	40f70733          	sub	a4,a4,a5
 8005f04:	00f60633          	add	a2,a2,a5
 8005f08:	f6c378e3          	bgeu	t1,a2,8005e78 <memset+0x44>
 8005f0c:	f3dff06f          	j	8005e48 <memset+0x14>

08005f10 <strcpy>:
strcpy():
 8005f10:	00b567b3          	or	a5,a0,a1
 8005f14:	0037f793          	andi	a5,a5,3
 8005f18:	08079263          	bnez	a5,8005f9c <strcpy+0x8c>
 8005f1c:	0005a703          	lw	a4,0(a1)
 8005f20:	7f7f86b7          	lui	a3,0x7f7f8
 8005f24:	f7f68693          	addi	a3,a3,-129 # 7f7f7f7f <__heap_end+0x777eff7f>
 8005f28:	00d777b3          	and	a5,a4,a3
 8005f2c:	00d787b3          	add	a5,a5,a3
 8005f30:	00e7e7b3          	or	a5,a5,a4
 8005f34:	00d7e7b3          	or	a5,a5,a3
 8005f38:	fff00613          	li	a2,-1
 8005f3c:	06c79e63          	bne	a5,a2,8005fb8 <strcpy+0xa8>
 8005f40:	00050613          	mv	a2,a0
 8005f44:	fff00813          	li	a6,-1
 8005f48:	00460613          	addi	a2,a2,4
 8005f4c:	00458593          	addi	a1,a1,4
 8005f50:	fee62e23          	sw	a4,-4(a2)
 8005f54:	0005a703          	lw	a4,0(a1)
 8005f58:	00d777b3          	and	a5,a4,a3
 8005f5c:	00d787b3          	add	a5,a5,a3
 8005f60:	00e7e7b3          	or	a5,a5,a4
 8005f64:	00d7e7b3          	or	a5,a5,a3
 8005f68:	ff0780e3          	beq	a5,a6,8005f48 <strcpy+0x38>
 8005f6c:	0005c783          	lbu	a5,0(a1)
 8005f70:	0015c703          	lbu	a4,1(a1)
 8005f74:	0025c683          	lbu	a3,2(a1)
 8005f78:	00f60023          	sb	a5,0(a2)
 8005f7c:	00078a63          	beqz	a5,8005f90 <strcpy+0x80>
 8005f80:	00e600a3          	sb	a4,1(a2)
 8005f84:	00070663          	beqz	a4,8005f90 <strcpy+0x80>
 8005f88:	00d60123          	sb	a3,2(a2)
 8005f8c:	00069463          	bnez	a3,8005f94 <strcpy+0x84>
 8005f90:	00008067          	ret
 8005f94:	000601a3          	sb	zero,3(a2)
 8005f98:	00008067          	ret
 8005f9c:	00050793          	mv	a5,a0
 8005fa0:	0005c703          	lbu	a4,0(a1)
 8005fa4:	00178793          	addi	a5,a5,1
 8005fa8:	00158593          	addi	a1,a1,1
 8005fac:	fee78fa3          	sb	a4,-1(a5)
 8005fb0:	fe0718e3          	bnez	a4,8005fa0 <strcpy+0x90>
 8005fb4:	00008067          	ret
 8005fb8:	00050613          	mv	a2,a0
 8005fbc:	fb1ff06f          	j	8005f6c <strcpy+0x5c>
