
build/release/tick.elf:     file format elf32-littleriscv
build/release/tick.elf
architecture: riscv:rv32, flags 0x00000112:
EXEC_P, HAS_SYMS, D_PAGED
start address 0x08005000

Program Header:
    LOAD off    0x00001000 vaddr 0x08005000 paddr 0x08005000 align 2**12
         filesz 0x00000a64 memsz 0x00001668 flags rwx

Sections:
Idx Name              Size      VMA       LMA       File off  Algn  Flags
  0 .text             000004f8  08005000  08005000  00001000  2**3  CONTENTS, ALLOC, LOAD, READONLY, CODE
  1 .rodata           00000138  080054f8  080054f8  000014f8  2**3  CONTENTS, ALLOC, LOAD, READONLY, DATA
  2 .data             00000434  08005630  08005630  00001630  2**3  CONTENTS, ALLOC, LOAD, DATA
  3 .bss              00000400  08005a68  08005a68  00001a64  2**3  ALLOC
  4 .heap             00000800  08005e68  08005e68  00001a64  2**3  ALLOC
  5 .riscv.attributes 0000001c  00000000  00000000  00001a64  2**0  CONTENTS, READONLY
  6 .comment          00000028  00000000  00000000  00001a80  2**0  CONTENTS, READONLY
  7 .debug_line       00000202  00000000  00000000  00001aa8  2**0  CONTENTS, READONLY, DEBUGGING
  8 .debug_info       0000004c  00000000  00000000  00001caa  2**0  CONTENTS, READONLY, DEBUGGING
  9 .debug_abbrev     00000028  00000000  00000000  00001cf6  2**0  CONTENTS, READONLY, DEBUGGING
 10 .debug_aranges    00000040  00000000  00000000  00001d20  2**3  CONTENTS, READONLY, DEBUGGING
 11 .debug_str        00000141  00000000  00000000  00001d60  2**0  CONTENTS, READONLY, DEBUGGING
SYMBOL TABLE:
08005000 l    d  .text	00000000 .text
080054f8 l    d  .rodata	00000000 .rodata
08005630 l    d  .data	00000000 .data
08005a68 l    d  .bss	00000000 .bss
08005e68 l    d  .heap	00000000 .heap
00000000 l    d  .riscv.attributes	00000000 .riscv.attributes
00000000 l    d  .comment	00000000 .comment
00000000 l    d  .debug_line	00000000 .debug_line
00000000 l    d  .debug_info	00000000 .debug_info
00000000 l    d  .debug_abbrev	00000000 .debug_abbrev
00000000 l    d  .debug_aranges	00000000 .debug_aranges
00000000 l    d  .debug_str	00000000 .debug_str
00000000 l    df *ABS*	00000000 servers.c
08005a68 l     O .bss	00000400 buf
00000000 l    df *ABS*	00000000 tick.c
00000000 l    df *ABS*	00000000 atoi.c
00000000 l    df *ABS*	00000000 strtol.c
08005198 l     F .text	0000024c _strtol_l.isra.0
00000000 l    df *ABS*	00000000 ctype_.c
00000000 l    df *ABS*	00000000 impure.c
08005630 l     O .data	00000428 impure_data
0800544c g     F .text	00000048 .hidden __udivsi3
08005a5c g     O .data	00000004 earth
080053e8 g     F .text	0000001c strtol_l
08005404 g     F .text	0000001c strtol
00000800 g       *ABS*	00000000 __heap_size
08005494 g     F .text	00000010 .hidden __umodsi3
0800518c g     F .text	0000000c _atoi_r
08005a58 g     O .data	00000004 grass
08005420 g     F .text	00000024 .hidden __mulsi3
0800503c g     F .text	00000094 settickets
080050d0 g     F .text	000000b0 main
080053e4 g     F .text	00000004 _strtol_r
08005444 g     F .text	00000084 .hidden __divsi3
08005000 g       .text	00000000 _enter
08008000 g       *ABS*	00000000 __heap_end
08005a60 g     O .data	00000004 _impure_ptr
08005e68 g       .heap	00000000 __heap_start
08005010 g     F .text	0000002c exit
080054c8 g     F .text	00000030 .hidden __modsi3
08005180 g     F .text	0000000c atoi
08005528 g     O .rodata	00000101 _ctype_



Disassembly of section .text:

08005000 <_enter>:
_enter():
 8005000:	00052503          	lw	a0,0(a0)
 8005004:	80002137          	lui	sp,0x80002
 8005008:	0c8000ef          	jal	ra,80050d0 <main>
 800500c:	004000ef          	jal	ra,8005010 <exit>

08005010 <exit>:
exit():
 8005010:	fe010113          	addi	sp,sp,-32 # 80001fe0 <__heap_end+0x77ff9fe0>
 8005014:	00112e23          	sw	ra,28(sp)
 8005018:	00812c23          	sw	s0,24(sp)
 800501c:	02010413          	addi	s0,sp,32
 8005020:	fea42623          	sw	a0,-20(s0)
 8005024:	080067b7          	lui	a5,0x8006
 8005028:	a587a783          	lw	a5,-1448(a5) # 8005a58 <grass>
 800502c:	0a47a783          	lw	a5,164(a5)
 8005030:	fec42503          	lw	a0,-20(s0)
 8005034:	000780e7          	jalr	a5
 8005038:	0000006f          	j	8005038 <exit+0x28>

0800503c <settickets>:
settickets():
 800503c:	dd010113          	addi	sp,sp,-560
 8005040:	22112623          	sw	ra,556(sp)
 8005044:	22812423          	sw	s0,552(sp)
 8005048:	23010413          	addi	s0,sp,560
 800504c:	dca42e23          	sw	a0,-548(s0)
 8005050:	00400793          	li	a5,4
 8005054:	def42423          	sw	a5,-536(s0)
 8005058:	00100793          	li	a5,1
 800505c:	def42623          	sw	a5,-532(s0)
 8005060:	ddc42783          	lw	a5,-548(s0)
 8005064:	0ff7f793          	andi	a5,a5,255
 8005068:	def40823          	sb	a5,-528(s0)
 800506c:	080067b7          	lui	a5,0x8006
 8005070:	a587a783          	lw	a5,-1448(a5) # 8005a58 <grass>
 8005074:	0a87a703          	lw	a4,168(a5)
 8005078:	de840793          	addi	a5,s0,-536
 800507c:	20800613          	li	a2,520
 8005080:	00078593          	mv	a1,a5
 8005084:	00100513          	li	a0,1
 8005088:	000700e7          	jalr	a4
 800508c:	080067b7          	lui	a5,0x8006
 8005090:	a6878793          	addi	a5,a5,-1432 # 8005a68 <buf>
 8005094:	def42223          	sw	a5,-540(s0)
 8005098:	080067b7          	lui	a5,0x8006
 800509c:	a587a783          	lw	a5,-1448(a5) # 8005a58 <grass>
 80050a0:	0ac7a703          	lw	a4,172(a5)
 80050a4:	de440793          	addi	a5,s0,-540
 80050a8:	00400613          	li	a2,4
 80050ac:	00078593          	mv	a1,a5
 80050b0:	00000513          	li	a0,0
 80050b4:	000700e7          	jalr	a4
 80050b8:	00100793          	li	a5,1
 80050bc:	00078513          	mv	a0,a5
 80050c0:	22c12083          	lw	ra,556(sp)
 80050c4:	22812403          	lw	s0,552(sp)
 80050c8:	23010113          	addi	sp,sp,560
 80050cc:	00008067          	ret

080050d0 <main>:
main():
 80050d0:	fd010113          	addi	sp,sp,-48
 80050d4:	02112623          	sw	ra,44(sp)
 80050d8:	02812423          	sw	s0,40(sp)
 80050dc:	03010413          	addi	s0,sp,48
 80050e0:	fca42e23          	sw	a0,-36(s0)
 80050e4:	fcb42c23          	sw	a1,-40(s0)
 80050e8:	fdc42703          	lw	a4,-36(s0)
 80050ec:	00300793          	li	a5,3
 80050f0:	02f70263          	beq	a4,a5,8005114 <main+0x44>
 80050f4:	080067b7          	lui	a5,0x8006
 80050f8:	a5c7a783          	lw	a5,-1444(a5) # 8005a5c <earth>
 80050fc:	0347a703          	lw	a4,52(a5)
 8005100:	080057b7          	lui	a5,0x8005
 8005104:	4f878513          	addi	a0,a5,1272 # 80054f8 <__modsi3+0x30>
 8005108:	000700e7          	jalr	a4
 800510c:	00100793          	li	a5,1
 8005110:	05c0006f          	j	800516c <main+0x9c>
 8005114:	fd842783          	lw	a5,-40(s0)
 8005118:	00478793          	addi	a5,a5,4
 800511c:	0007a783          	lw	a5,0(a5)
 8005120:	00078513          	mv	a0,a5
 8005124:	05c000ef          	jal	ra,8005180 <atoi>
 8005128:	fea42623          	sw	a0,-20(s0)
 800512c:	fd842783          	lw	a5,-40(s0)
 8005130:	00878793          	addi	a5,a5,8
 8005134:	0007a783          	lw	a5,0(a5)
 8005138:	00078513          	mv	a0,a5
 800513c:	044000ef          	jal	ra,8005180 <atoi>
 8005140:	fea42423          	sw	a0,-24(s0)
 8005144:	fe842503          	lw	a0,-24(s0)
 8005148:	ef5ff0ef          	jal	ra,800503c <settickets>
 800514c:	080067b7          	lui	a5,0x8006
 8005150:	a5c7a783          	lw	a5,-1444(a5) # 8005a5c <earth>
 8005154:	0347a703          	lw	a4,52(a5)
 8005158:	fec42583          	lw	a1,-20(s0)
 800515c:	080057b7          	lui	a5,0x8005
 8005160:	51478513          	addi	a0,a5,1300 # 8005514 <__modsi3+0x4c>
 8005164:	000700e7          	jalr	a4
 8005168:	fe5ff06f          	j	800514c <main+0x7c>
 800516c:	00078513          	mv	a0,a5
 8005170:	02c12083          	lw	ra,44(sp)
 8005174:	02812403          	lw	s0,40(sp)
 8005178:	03010113          	addi	sp,sp,48
 800517c:	00008067          	ret

08005180 <atoi>:
atoi():
 8005180:	00a00613          	li	a2,10
 8005184:	00000593          	li	a1,0
 8005188:	27c0006f          	j	8005404 <strtol>

0800518c <_atoi_r>:
_atoi_r():
 800518c:	00a00693          	li	a3,10
 8005190:	00000613          	li	a2,0
 8005194:	2500006f          	j	80053e4 <_strtol_r>

08005198 <_strtol_l.isra.0>:
_strtol_l.isra.0():
 8005198:	fb010113          	addi	sp,sp,-80
 800519c:	03412c23          	sw	s4,56(sp)
 80051a0:	03512a23          	sw	s5,52(sp)
 80051a4:	03912223          	sw	s9,36(sp)
 80051a8:	04112623          	sw	ra,76(sp)
 80051ac:	00068c93          	mv	s9,a3
 80051b0:	04812423          	sw	s0,72(sp)
 80051b4:	04912223          	sw	s1,68(sp)
 80051b8:	05212023          	sw	s2,64(sp)
 80051bc:	03312e23          	sw	s3,60(sp)
 80051c0:	03612823          	sw	s6,48(sp)
 80051c4:	03712623          	sw	s7,44(sp)
 80051c8:	03812423          	sw	s8,40(sp)
 80051cc:	03a12023          	sw	s10,32(sp)
 80051d0:	01b12e23          	sw	s11,28(sp)
 80051d4:	00058a13          	mv	s4,a1
 80051d8:	00a12623          	sw	a0,12(sp)
 80051dc:	00060a93          	mv	s5,a2
 80051e0:	00058793          	mv	a5,a1
 80051e4:	00000697          	auipc	a3,0x0
 80051e8:	34568693          	addi	a3,a3,837 # 8005529 <_ctype_+0x1>
 80051ec:	0080006f          	j	80051f4 <_strtol_l.isra.0+0x5c>
 80051f0:	00048793          	mv	a5,s1
 80051f4:	00178493          	addi	s1,a5,1
 80051f8:	fff4c403          	lbu	s0,-1(s1)
 80051fc:	00868733          	add	a4,a3,s0
 8005200:	00074703          	lbu	a4,0(a4)
 8005204:	00877713          	andi	a4,a4,8
 8005208:	fe0714e3          	bnez	a4,80051f0 <_strtol_l.isra.0+0x58>
 800520c:	02d00713          	li	a4,45
 8005210:	16e40863          	beq	s0,a4,8005380 <_strtol_l.isra.0+0x1e8>
 8005214:	02b00713          	li	a4,43
 8005218:	00000b93          	li	s7,0
 800521c:	10e40e63          	beq	s0,a4,8005338 <_strtol_l.isra.0+0x1a0>
 8005220:	120c8463          	beqz	s9,8005348 <_strtol_l.isra.0+0x1b0>
 8005224:	01000793          	li	a5,16
 8005228:	000c8913          	mv	s2,s9
 800522c:	16fc8263          	beq	s9,a5,8005390 <_strtol_l.isra.0+0x1f8>
 8005230:	800009b7          	lui	s3,0x80000
 8005234:	000b9463          	bnez	s7,800523c <_strtol_l.isra.0+0xa4>
 8005238:	fff9c993          	not	s3,s3
 800523c:	00090593          	mv	a1,s2
 8005240:	00098513          	mv	a0,s3
 8005244:	250000ef          	jal	ra,8005494 <__umodsi3>
 8005248:	00a12423          	sw	a0,8(sp)
 800524c:	00090593          	mv	a1,s2
 8005250:	00098513          	mv	a0,s3
 8005254:	1f8000ef          	jal	ra,800544c <__udivsi3>
 8005258:	00900d13          	li	s10,9
 800525c:	fd040793          	addi	a5,s0,-48
 8005260:	00050c13          	mv	s8,a0
 8005264:	00000713          	li	a4,0
 8005268:	00000593          	li	a1,0
 800526c:	01900b13          	li	s6,25
 8005270:	fff00d93          	li	s11,-1
 8005274:	02fd6e63          	bltu	s10,a5,80052b0 <_strtol_l.isra.0+0x118>
 8005278:	00078413          	mv	s0,a5
 800527c:	05945263          	bge	s0,s9,80052c0 <_strtol_l.isra.0+0x128>
 8005280:	03b70063          	beq	a4,s11,80052a0 <_strtol_l.isra.0+0x108>
 8005284:	fff00713          	li	a4,-1
 8005288:	00bc6c63          	bltu	s8,a1,80052a0 <_strtol_l.isra.0+0x108>
 800528c:	0abc0063          	beq	s8,a1,800532c <_strtol_l.isra.0+0x194>
 8005290:	00090513          	mv	a0,s2
 8005294:	18c000ef          	jal	ra,8005420 <__mulsi3>
 8005298:	00a405b3          	add	a1,s0,a0
 800529c:	00100713          	li	a4,1
 80052a0:	00148493          	addi	s1,s1,1
 80052a4:	fff4c403          	lbu	s0,-1(s1)
 80052a8:	fd040793          	addi	a5,s0,-48
 80052ac:	fcfd76e3          	bgeu	s10,a5,8005278 <_strtol_l.isra.0+0xe0>
 80052b0:	fbf40793          	addi	a5,s0,-65
 80052b4:	06fb6463          	bltu	s6,a5,800531c <_strtol_l.isra.0+0x184>
 80052b8:	fc940413          	addi	s0,s0,-55
 80052bc:	fd9442e3          	blt	s0,s9,8005280 <_strtol_l.isra.0+0xe8>
 80052c0:	fff00793          	li	a5,-1
 80052c4:	08f70c63          	beq	a4,a5,800535c <_strtol_l.isra.0+0x1c4>
 80052c8:	000b8463          	beqz	s7,80052d0 <_strtol_l.isra.0+0x138>
 80052cc:	40b005b3          	neg	a1,a1
 80052d0:	000a8663          	beqz	s5,80052dc <_strtol_l.isra.0+0x144>
 80052d4:	0c071e63          	bnez	a4,80053b0 <_strtol_l.isra.0+0x218>
 80052d8:	014aa023          	sw	s4,0(s5)
 80052dc:	04c12083          	lw	ra,76(sp)
 80052e0:	04812403          	lw	s0,72(sp)
 80052e4:	04412483          	lw	s1,68(sp)
 80052e8:	04012903          	lw	s2,64(sp)
 80052ec:	03c12983          	lw	s3,60(sp)
 80052f0:	03812a03          	lw	s4,56(sp)
 80052f4:	03412a83          	lw	s5,52(sp)
 80052f8:	03012b03          	lw	s6,48(sp)
 80052fc:	02c12b83          	lw	s7,44(sp)
 8005300:	02812c03          	lw	s8,40(sp)
 8005304:	02412c83          	lw	s9,36(sp)
 8005308:	02012d03          	lw	s10,32(sp)
 800530c:	01c12d83          	lw	s11,28(sp)
 8005310:	00058513          	mv	a0,a1
 8005314:	05010113          	addi	sp,sp,80
 8005318:	00008067          	ret
 800531c:	f9f40793          	addi	a5,s0,-97
 8005320:	fafb60e3          	bltu	s6,a5,80052c0 <_strtol_l.isra.0+0x128>
 8005324:	fa940413          	addi	s0,s0,-87
 8005328:	f55ff06f          	j	800527c <_strtol_l.isra.0+0xe4>
 800532c:	00812783          	lw	a5,8(sp)
 8005330:	f687c8e3          	blt	a5,s0,80052a0 <_strtol_l.isra.0+0x108>
 8005334:	f5dff06f          	j	8005290 <_strtol_l.isra.0+0xf8>
 8005338:	0004c403          	lbu	s0,0(s1)
 800533c:	00000b93          	li	s7,0
 8005340:	00278493          	addi	s1,a5,2
 8005344:	ee0c90e3          	bnez	s9,8005224 <_strtol_l.isra.0+0x8c>
 8005348:	03000793          	li	a5,48
 800534c:	06f40663          	beq	s0,a5,80053b8 <_strtol_l.isra.0+0x220>
 8005350:	00a00913          	li	s2,10
 8005354:	00a00c93          	li	s9,10
 8005358:	ed9ff06f          	j	8005230 <_strtol_l.isra.0+0x98>
 800535c:	00c12703          	lw	a4,12(sp)
 8005360:	02200793          	li	a5,34
 8005364:	00098593          	mv	a1,s3
 8005368:	00f72023          	sw	a5,0(a4)
 800536c:	f60a88e3          	beqz	s5,80052dc <_strtol_l.isra.0+0x144>
 8005370:	fff48a13          	addi	s4,s1,-1
 8005374:	00098593          	mv	a1,s3
 8005378:	014aa023          	sw	s4,0(s5)
 800537c:	f61ff06f          	j	80052dc <_strtol_l.isra.0+0x144>
 8005380:	0004c403          	lbu	s0,0(s1)
 8005384:	00100b93          	li	s7,1
 8005388:	00278493          	addi	s1,a5,2
 800538c:	e95ff06f          	j	8005220 <_strtol_l.isra.0+0x88>
 8005390:	03000793          	li	a5,48
 8005394:	00f41a63          	bne	s0,a5,80053a8 <_strtol_l.isra.0+0x210>
 8005398:	0004c783          	lbu	a5,0(s1)
 800539c:	05800713          	li	a4,88
 80053a0:	0df7f793          	andi	a5,a5,223
 80053a4:	02e78663          	beq	a5,a4,80053d0 <_strtol_l.isra.0+0x238>
 80053a8:	01000913          	li	s2,16
 80053ac:	e85ff06f          	j	8005230 <_strtol_l.isra.0+0x98>
 80053b0:	00058993          	mv	s3,a1
 80053b4:	fbdff06f          	j	8005370 <_strtol_l.isra.0+0x1d8>
 80053b8:	0004c783          	lbu	a5,0(s1)
 80053bc:	05800713          	li	a4,88
 80053c0:	00800913          	li	s2,8
 80053c4:	0df7f793          	andi	a5,a5,223
 80053c8:	00800c93          	li	s9,8
 80053cc:	e6e792e3          	bne	a5,a4,8005230 <_strtol_l.isra.0+0x98>
 80053d0:	0014c403          	lbu	s0,1(s1)
 80053d4:	01000913          	li	s2,16
 80053d8:	00248493          	addi	s1,s1,2
 80053dc:	01000c93          	li	s9,16
 80053e0:	e51ff06f          	j	8005230 <_strtol_l.isra.0+0x98>

080053e4 <_strtol_r>:
_strtol_r():
 80053e4:	db5ff06f          	j	8005198 <_strtol_l.isra.0>

080053e8 <strtol_l>:
strtol_l():
 80053e8:	00000797          	auipc	a5,0x0
 80053ec:	67878793          	addi	a5,a5,1656 # 8005a60 <_impure_ptr>
 80053f0:	00060693          	mv	a3,a2
 80053f4:	00058613          	mv	a2,a1
 80053f8:	00050593          	mv	a1,a0
 80053fc:	0007a503          	lw	a0,0(a5)
 8005400:	d99ff06f          	j	8005198 <_strtol_l.isra.0>

08005404 <strtol>:
strtol():
 8005404:	00000797          	auipc	a5,0x0
 8005408:	65c78793          	addi	a5,a5,1628 # 8005a60 <_impure_ptr>
 800540c:	00060693          	mv	a3,a2
 8005410:	00058613          	mv	a2,a1
 8005414:	00050593          	mv	a1,a0
 8005418:	0007a503          	lw	a0,0(a5)
 800541c:	d7dff06f          	j	8005198 <_strtol_l.isra.0>

08005420 <__mulsi3>:
__mulsi3():
/scratch/jenkins/workspace/tpp-freedom-tools/tpp03--build-binary-packages--parameterized/obj/x86_64-linux-ubuntu14/build/riscv-gnu-toolchain/build-gcc-newlib-stage2/riscv64-unknown-elf/rv32i/ilp32/libgcc/../../../../../riscv-gcc/libgcc/config/riscv/muldi3.S:37
 8005420:	00050613          	mv	a2,a0
/scratch/jenkins/workspace/tpp-freedom-tools/tpp03--build-binary-packages--parameterized/obj/x86_64-linux-ubuntu14/build/riscv-gnu-toolchain/build-gcc-newlib-stage2/riscv64-unknown-elf/rv32i/ilp32/libgcc/../../../../../riscv-gcc/libgcc/config/riscv/muldi3.S:38
 8005424:	00000513          	li	a0,0
/scratch/jenkins/workspace/tpp-freedom-tools/tpp03--build-binary-packages--parameterized/obj/x86_64-linux-ubuntu14/build/riscv-gnu-toolchain/build-gcc-newlib-stage2/riscv64-unknown-elf/rv32i/ilp32/libgcc/../../../../../riscv-gcc/libgcc/config/riscv/muldi3.S:40
 8005428:	0015f693          	andi	a3,a1,1
/scratch/jenkins/workspace/tpp-freedom-tools/tpp03--build-binary-packages--parameterized/obj/x86_64-linux-ubuntu14/build/riscv-gnu-toolchain/build-gcc-newlib-stage2/riscv64-unknown-elf/rv32i/ilp32/libgcc/../../../../../riscv-gcc/libgcc/config/riscv/muldi3.S:41
 800542c:	00068463          	beqz	a3,8005434 <__mulsi3+0x14>
/scratch/jenkins/workspace/tpp-freedom-tools/tpp03--build-binary-packages--parameterized/obj/x86_64-linux-ubuntu14/build/riscv-gnu-toolchain/build-gcc-newlib-stage2/riscv64-unknown-elf/rv32i/ilp32/libgcc/../../../../../riscv-gcc/libgcc/config/riscv/muldi3.S:42
 8005430:	00c50533          	add	a0,a0,a2
/scratch/jenkins/workspace/tpp-freedom-tools/tpp03--build-binary-packages--parameterized/obj/x86_64-linux-ubuntu14/build/riscv-gnu-toolchain/build-gcc-newlib-stage2/riscv64-unknown-elf/rv32i/ilp32/libgcc/../../../../../riscv-gcc/libgcc/config/riscv/muldi3.S:44
 8005434:	0015d593          	srli	a1,a1,0x1
/scratch/jenkins/workspace/tpp-freedom-tools/tpp03--build-binary-packages--parameterized/obj/x86_64-linux-ubuntu14/build/riscv-gnu-toolchain/build-gcc-newlib-stage2/riscv64-unknown-elf/rv32i/ilp32/libgcc/../../../../../riscv-gcc/libgcc/config/riscv/muldi3.S:45
 8005438:	00161613          	slli	a2,a2,0x1
/scratch/jenkins/workspace/tpp-freedom-tools/tpp03--build-binary-packages--parameterized/obj/x86_64-linux-ubuntu14/build/riscv-gnu-toolchain/build-gcc-newlib-stage2/riscv64-unknown-elf/rv32i/ilp32/libgcc/../../../../../riscv-gcc/libgcc/config/riscv/muldi3.S:46
 800543c:	fe0596e3          	bnez	a1,8005428 <__mulsi3+0x8>
/scratch/jenkins/workspace/tpp-freedom-tools/tpp03--build-binary-packages--parameterized/obj/x86_64-linux-ubuntu14/build/riscv-gnu-toolchain/build-gcc-newlib-stage2/riscv64-unknown-elf/rv32i/ilp32/libgcc/../../../../../riscv-gcc/libgcc/config/riscv/muldi3.S:47
 8005440:	00008067          	ret

08005444 <__divsi3>:
__divsi3():
/scratch/jenkins/workspace/tpp-freedom-tools/tpp03--build-binary-packages--parameterized/obj/x86_64-linux-ubuntu14/build/riscv-gnu-toolchain/build-gcc-newlib-stage2/riscv64-unknown-elf/rv32i/ilp32/libgcc/../../../../../riscv-gcc/libgcc/config/riscv/div.S:69
 8005444:	06054063          	bltz	a0,80054a4 <__umodsi3+0x10>
/scratch/jenkins/workspace/tpp-freedom-tools/tpp03--build-binary-packages--parameterized/obj/x86_64-linux-ubuntu14/build/riscv-gnu-toolchain/build-gcc-newlib-stage2/riscv64-unknown-elf/rv32i/ilp32/libgcc/../../../../../riscv-gcc/libgcc/config/riscv/div.S:70
 8005448:	0605c663          	bltz	a1,80054b4 <__umodsi3+0x20>

0800544c <__udivsi3>:
/scratch/jenkins/workspace/tpp-freedom-tools/tpp03--build-binary-packages--parameterized/obj/x86_64-linux-ubuntu14/build/riscv-gnu-toolchain/build-gcc-newlib-stage2/riscv64-unknown-elf/rv32i/ilp32/libgcc/../../../../../riscv-gcc/libgcc/config/riscv/div.S:74
 800544c:	00058613          	mv	a2,a1
/scratch/jenkins/workspace/tpp-freedom-tools/tpp03--build-binary-packages--parameterized/obj/x86_64-linux-ubuntu14/build/riscv-gnu-toolchain/build-gcc-newlib-stage2/riscv64-unknown-elf/rv32i/ilp32/libgcc/../../../../../riscv-gcc/libgcc/config/riscv/div.S:75
 8005450:	00050593          	mv	a1,a0
/scratch/jenkins/workspace/tpp-freedom-tools/tpp03--build-binary-packages--parameterized/obj/x86_64-linux-ubuntu14/build/riscv-gnu-toolchain/build-gcc-newlib-stage2/riscv64-unknown-elf/rv32i/ilp32/libgcc/../../../../../riscv-gcc/libgcc/config/riscv/div.S:76
 8005454:	fff00513          	li	a0,-1
/scratch/jenkins/workspace/tpp-freedom-tools/tpp03--build-binary-packages--parameterized/obj/x86_64-linux-ubuntu14/build/riscv-gnu-toolchain/build-gcc-newlib-stage2/riscv64-unknown-elf/rv32i/ilp32/libgcc/../../../../../riscv-gcc/libgcc/config/riscv/div.S:77
 8005458:	02060c63          	beqz	a2,8005490 <__udivsi3+0x44>
/scratch/jenkins/workspace/tpp-freedom-tools/tpp03--build-binary-packages--parameterized/obj/x86_64-linux-ubuntu14/build/riscv-gnu-toolchain/build-gcc-newlib-stage2/riscv64-unknown-elf/rv32i/ilp32/libgcc/../../../../../riscv-gcc/libgcc/config/riscv/div.S:78
 800545c:	00100693          	li	a3,1
/scratch/jenkins/workspace/tpp-freedom-tools/tpp03--build-binary-packages--parameterized/obj/x86_64-linux-ubuntu14/build/riscv-gnu-toolchain/build-gcc-newlib-stage2/riscv64-unknown-elf/rv32i/ilp32/libgcc/../../../../../riscv-gcc/libgcc/config/riscv/div.S:79
 8005460:	00b67a63          	bgeu	a2,a1,8005474 <__udivsi3+0x28>
/scratch/jenkins/workspace/tpp-freedom-tools/tpp03--build-binary-packages--parameterized/obj/x86_64-linux-ubuntu14/build/riscv-gnu-toolchain/build-gcc-newlib-stage2/riscv64-unknown-elf/rv32i/ilp32/libgcc/../../../../../riscv-gcc/libgcc/config/riscv/div.S:81
 8005464:	00c05863          	blez	a2,8005474 <__udivsi3+0x28>
/scratch/jenkins/workspace/tpp-freedom-tools/tpp03--build-binary-packages--parameterized/obj/x86_64-linux-ubuntu14/build/riscv-gnu-toolchain/build-gcc-newlib-stage2/riscv64-unknown-elf/rv32i/ilp32/libgcc/../../../../../riscv-gcc/libgcc/config/riscv/div.S:82
 8005468:	00161613          	slli	a2,a2,0x1
/scratch/jenkins/workspace/tpp-freedom-tools/tpp03--build-binary-packages--parameterized/obj/x86_64-linux-ubuntu14/build/riscv-gnu-toolchain/build-gcc-newlib-stage2/riscv64-unknown-elf/rv32i/ilp32/libgcc/../../../../../riscv-gcc/libgcc/config/riscv/div.S:83
 800546c:	00169693          	slli	a3,a3,0x1
/scratch/jenkins/workspace/tpp-freedom-tools/tpp03--build-binary-packages--parameterized/obj/x86_64-linux-ubuntu14/build/riscv-gnu-toolchain/build-gcc-newlib-stage2/riscv64-unknown-elf/rv32i/ilp32/libgcc/../../../../../riscv-gcc/libgcc/config/riscv/div.S:84
 8005470:	feb66ae3          	bltu	a2,a1,8005464 <__udivsi3+0x18>
/scratch/jenkins/workspace/tpp-freedom-tools/tpp03--build-binary-packages--parameterized/obj/x86_64-linux-ubuntu14/build/riscv-gnu-toolchain/build-gcc-newlib-stage2/riscv64-unknown-elf/rv32i/ilp32/libgcc/../../../../../riscv-gcc/libgcc/config/riscv/div.S:86
 8005474:	00000513          	li	a0,0
/scratch/jenkins/workspace/tpp-freedom-tools/tpp03--build-binary-packages--parameterized/obj/x86_64-linux-ubuntu14/build/riscv-gnu-toolchain/build-gcc-newlib-stage2/riscv64-unknown-elf/rv32i/ilp32/libgcc/../../../../../riscv-gcc/libgcc/config/riscv/div.S:88
 8005478:	00c5e663          	bltu	a1,a2,8005484 <__udivsi3+0x38>
/scratch/jenkins/workspace/tpp-freedom-tools/tpp03--build-binary-packages--parameterized/obj/x86_64-linux-ubuntu14/build/riscv-gnu-toolchain/build-gcc-newlib-stage2/riscv64-unknown-elf/rv32i/ilp32/libgcc/../../../../../riscv-gcc/libgcc/config/riscv/div.S:89
 800547c:	40c585b3          	sub	a1,a1,a2
/scratch/jenkins/workspace/tpp-freedom-tools/tpp03--build-binary-packages--parameterized/obj/x86_64-linux-ubuntu14/build/riscv-gnu-toolchain/build-gcc-newlib-stage2/riscv64-unknown-elf/rv32i/ilp32/libgcc/../../../../../riscv-gcc/libgcc/config/riscv/div.S:90
 8005480:	00d56533          	or	a0,a0,a3
/scratch/jenkins/workspace/tpp-freedom-tools/tpp03--build-binary-packages--parameterized/obj/x86_64-linux-ubuntu14/build/riscv-gnu-toolchain/build-gcc-newlib-stage2/riscv64-unknown-elf/rv32i/ilp32/libgcc/../../../../../riscv-gcc/libgcc/config/riscv/div.S:92
 8005484:	0016d693          	srli	a3,a3,0x1
/scratch/jenkins/workspace/tpp-freedom-tools/tpp03--build-binary-packages--parameterized/obj/x86_64-linux-ubuntu14/build/riscv-gnu-toolchain/build-gcc-newlib-stage2/riscv64-unknown-elf/rv32i/ilp32/libgcc/../../../../../riscv-gcc/libgcc/config/riscv/div.S:93
 8005488:	00165613          	srli	a2,a2,0x1
/scratch/jenkins/workspace/tpp-freedom-tools/tpp03--build-binary-packages--parameterized/obj/x86_64-linux-ubuntu14/build/riscv-gnu-toolchain/build-gcc-newlib-stage2/riscv64-unknown-elf/rv32i/ilp32/libgcc/../../../../../riscv-gcc/libgcc/config/riscv/div.S:94
 800548c:	fe0696e3          	bnez	a3,8005478 <__udivsi3+0x2c>
/scratch/jenkins/workspace/tpp-freedom-tools/tpp03--build-binary-packages--parameterized/obj/x86_64-linux-ubuntu14/build/riscv-gnu-toolchain/build-gcc-newlib-stage2/riscv64-unknown-elf/rv32i/ilp32/libgcc/../../../../../riscv-gcc/libgcc/config/riscv/div.S:96
 8005490:	00008067          	ret

08005494 <__umodsi3>:
/scratch/jenkins/workspace/tpp-freedom-tools/tpp03--build-binary-packages--parameterized/obj/x86_64-linux-ubuntu14/build/riscv-gnu-toolchain/build-gcc-newlib-stage2/riscv64-unknown-elf/rv32i/ilp32/libgcc/../../../../../riscv-gcc/libgcc/config/riscv/div.S:101
 8005494:	00008293          	mv	t0,ra
/scratch/jenkins/workspace/tpp-freedom-tools/tpp03--build-binary-packages--parameterized/obj/x86_64-linux-ubuntu14/build/riscv-gnu-toolchain/build-gcc-newlib-stage2/riscv64-unknown-elf/rv32i/ilp32/libgcc/../../../../../riscv-gcc/libgcc/config/riscv/div.S:102
 8005498:	fb5ff0ef          	jal	ra,800544c <__udivsi3>
/scratch/jenkins/workspace/tpp-freedom-tools/tpp03--build-binary-packages--parameterized/obj/x86_64-linux-ubuntu14/build/riscv-gnu-toolchain/build-gcc-newlib-stage2/riscv64-unknown-elf/rv32i/ilp32/libgcc/../../../../../riscv-gcc/libgcc/config/riscv/div.S:103
 800549c:	00058513          	mv	a0,a1
/scratch/jenkins/workspace/tpp-freedom-tools/tpp03--build-binary-packages--parameterized/obj/x86_64-linux-ubuntu14/build/riscv-gnu-toolchain/build-gcc-newlib-stage2/riscv64-unknown-elf/rv32i/ilp32/libgcc/../../../../../riscv-gcc/libgcc/config/riscv/div.S:104
 80054a0:	00028067          	jr	t0
/scratch/jenkins/workspace/tpp-freedom-tools/tpp03--build-binary-packages--parameterized/obj/x86_64-linux-ubuntu14/build/riscv-gnu-toolchain/build-gcc-newlib-stage2/riscv64-unknown-elf/rv32i/ilp32/libgcc/../../../../../riscv-gcc/libgcc/config/riscv/div.S:109
 80054a4:	40a00533          	neg	a0,a0
/scratch/jenkins/workspace/tpp-freedom-tools/tpp03--build-binary-packages--parameterized/obj/x86_64-linux-ubuntu14/build/riscv-gnu-toolchain/build-gcc-newlib-stage2/riscv64-unknown-elf/rv32i/ilp32/libgcc/../../../../../riscv-gcc/libgcc/config/riscv/div.S:110
 80054a8:	0005d863          	bgez	a1,80054b8 <__umodsi3+0x24>
/scratch/jenkins/workspace/tpp-freedom-tools/tpp03--build-binary-packages--parameterized/obj/x86_64-linux-ubuntu14/build/riscv-gnu-toolchain/build-gcc-newlib-stage2/riscv64-unknown-elf/rv32i/ilp32/libgcc/../../../../../riscv-gcc/libgcc/config/riscv/div.S:111
 80054ac:	40b005b3          	neg	a1,a1
/scratch/jenkins/workspace/tpp-freedom-tools/tpp03--build-binary-packages--parameterized/obj/x86_64-linux-ubuntu14/build/riscv-gnu-toolchain/build-gcc-newlib-stage2/riscv64-unknown-elf/rv32i/ilp32/libgcc/../../../../../riscv-gcc/libgcc/config/riscv/div.S:112
 80054b0:	f9dff06f          	j	800544c <__udivsi3>
/scratch/jenkins/workspace/tpp-freedom-tools/tpp03--build-binary-packages--parameterized/obj/x86_64-linux-ubuntu14/build/riscv-gnu-toolchain/build-gcc-newlib-stage2/riscv64-unknown-elf/rv32i/ilp32/libgcc/../../../../../riscv-gcc/libgcc/config/riscv/div.S:114
 80054b4:	40b005b3          	neg	a1,a1
/scratch/jenkins/workspace/tpp-freedom-tools/tpp03--build-binary-packages--parameterized/obj/x86_64-linux-ubuntu14/build/riscv-gnu-toolchain/build-gcc-newlib-stage2/riscv64-unknown-elf/rv32i/ilp32/libgcc/../../../../../riscv-gcc/libgcc/config/riscv/div.S:116
 80054b8:	00008293          	mv	t0,ra
/scratch/jenkins/workspace/tpp-freedom-tools/tpp03--build-binary-packages--parameterized/obj/x86_64-linux-ubuntu14/build/riscv-gnu-toolchain/build-gcc-newlib-stage2/riscv64-unknown-elf/rv32i/ilp32/libgcc/../../../../../riscv-gcc/libgcc/config/riscv/div.S:117
 80054bc:	f91ff0ef          	jal	ra,800544c <__udivsi3>
/scratch/jenkins/workspace/tpp-freedom-tools/tpp03--build-binary-packages--parameterized/obj/x86_64-linux-ubuntu14/build/riscv-gnu-toolchain/build-gcc-newlib-stage2/riscv64-unknown-elf/rv32i/ilp32/libgcc/../../../../../riscv-gcc/libgcc/config/riscv/div.S:118
 80054c0:	40a00533          	neg	a0,a0
/scratch/jenkins/workspace/tpp-freedom-tools/tpp03--build-binary-packages--parameterized/obj/x86_64-linux-ubuntu14/build/riscv-gnu-toolchain/build-gcc-newlib-stage2/riscv64-unknown-elf/rv32i/ilp32/libgcc/../../../../../riscv-gcc/libgcc/config/riscv/div.S:119
 80054c4:	00028067          	jr	t0

080054c8 <__modsi3>:
__modsi3():
/scratch/jenkins/workspace/tpp-freedom-tools/tpp03--build-binary-packages--parameterized/obj/x86_64-linux-ubuntu14/build/riscv-gnu-toolchain/build-gcc-newlib-stage2/riscv64-unknown-elf/rv32i/ilp32/libgcc/../../../../../riscv-gcc/libgcc/config/riscv/div.S:123
 80054c8:	00008293          	mv	t0,ra
/scratch/jenkins/workspace/tpp-freedom-tools/tpp03--build-binary-packages--parameterized/obj/x86_64-linux-ubuntu14/build/riscv-gnu-toolchain/build-gcc-newlib-stage2/riscv64-unknown-elf/rv32i/ilp32/libgcc/../../../../../riscv-gcc/libgcc/config/riscv/div.S:124
 80054cc:	0005ca63          	bltz	a1,80054e0 <__modsi3+0x18>
/scratch/jenkins/workspace/tpp-freedom-tools/tpp03--build-binary-packages--parameterized/obj/x86_64-linux-ubuntu14/build/riscv-gnu-toolchain/build-gcc-newlib-stage2/riscv64-unknown-elf/rv32i/ilp32/libgcc/../../../../../riscv-gcc/libgcc/config/riscv/div.S:125
 80054d0:	00054c63          	bltz	a0,80054e8 <__modsi3+0x20>
/scratch/jenkins/workspace/tpp-freedom-tools/tpp03--build-binary-packages--parameterized/obj/x86_64-linux-ubuntu14/build/riscv-gnu-toolchain/build-gcc-newlib-stage2/riscv64-unknown-elf/rv32i/ilp32/libgcc/../../../../../riscv-gcc/libgcc/config/riscv/div.S:127
 80054d4:	f79ff0ef          	jal	ra,800544c <__udivsi3>
/scratch/jenkins/workspace/tpp-freedom-tools/tpp03--build-binary-packages--parameterized/obj/x86_64-linux-ubuntu14/build/riscv-gnu-toolchain/build-gcc-newlib-stage2/riscv64-unknown-elf/rv32i/ilp32/libgcc/../../../../../riscv-gcc/libgcc/config/riscv/div.S:128
 80054d8:	00058513          	mv	a0,a1
/scratch/jenkins/workspace/tpp-freedom-tools/tpp03--build-binary-packages--parameterized/obj/x86_64-linux-ubuntu14/build/riscv-gnu-toolchain/build-gcc-newlib-stage2/riscv64-unknown-elf/rv32i/ilp32/libgcc/../../../../../riscv-gcc/libgcc/config/riscv/div.S:129
 80054dc:	00028067          	jr	t0
/scratch/jenkins/workspace/tpp-freedom-tools/tpp03--build-binary-packages--parameterized/obj/x86_64-linux-ubuntu14/build/riscv-gnu-toolchain/build-gcc-newlib-stage2/riscv64-unknown-elf/rv32i/ilp32/libgcc/../../../../../riscv-gcc/libgcc/config/riscv/div.S:131
 80054e0:	40b005b3          	neg	a1,a1
/scratch/jenkins/workspace/tpp-freedom-tools/tpp03--build-binary-packages--parameterized/obj/x86_64-linux-ubuntu14/build/riscv-gnu-toolchain/build-gcc-newlib-stage2/riscv64-unknown-elf/rv32i/ilp32/libgcc/../../../../../riscv-gcc/libgcc/config/riscv/div.S:132
 80054e4:	fe0558e3          	bgez	a0,80054d4 <__modsi3+0xc>
/scratch/jenkins/workspace/tpp-freedom-tools/tpp03--build-binary-packages--parameterized/obj/x86_64-linux-ubuntu14/build/riscv-gnu-toolchain/build-gcc-newlib-stage2/riscv64-unknown-elf/rv32i/ilp32/libgcc/../../../../../riscv-gcc/libgcc/config/riscv/div.S:134
 80054e8:	40a00533          	neg	a0,a0
/scratch/jenkins/workspace/tpp-freedom-tools/tpp03--build-binary-packages--parameterized/obj/x86_64-linux-ubuntu14/build/riscv-gnu-toolchain/build-gcc-newlib-stage2/riscv64-unknown-elf/rv32i/ilp32/libgcc/../../../../../riscv-gcc/libgcc/config/riscv/div.S:135
 80054ec:	f61ff0ef          	jal	ra,800544c <__udivsi3>
/scratch/jenkins/workspace/tpp-freedom-tools/tpp03--build-binary-packages--parameterized/obj/x86_64-linux-ubuntu14/build/riscv-gnu-toolchain/build-gcc-newlib-stage2/riscv64-unknown-elf/rv32i/ilp32/libgcc/../../../../../riscv-gcc/libgcc/config/riscv/div.S:136
 80054f0:	40b00533          	neg	a0,a1
/scratch/jenkins/workspace/tpp-freedom-tools/tpp03--build-binary-packages--parameterized/obj/x86_64-linux-ubuntu14/build/riscv-gnu-toolchain/build-gcc-newlib-stage2/riscv64-unknown-elf/rv32i/ilp32/libgcc/../../../../../riscv-gcc/libgcc/config/riscv/div.S:137
 80054f4:	00028067          	jr	t0
