
build/release/ult.elf:     file format elf32-littleriscv
build/release/ult.elf
architecture: riscv:rv32, flags 0x00000112:
EXEC_P, HAS_SYMS, D_PAGED
start address 0x08005000

Program Header:
    LOAD off    0x00001000 vaddr 0x08005000 paddr 0x08005000 align 2**12
         filesz 0x000000c8 memsz 0x000008c8 flags rwx

Sections:
Idx Name              Size      VMA       LMA       File off  Algn  Flags
  0 .text             0000007c  08005000  08005000  00001000  2**3  CONTENTS, ALLOC, LOAD, READONLY, CODE
  1 .rodata           00000040  08005080  08005080  00001080  2**3  CONTENTS, ALLOC, LOAD, READONLY, DATA
  2 .data             00000008  080050c0  080050c0  000010c0  2**3  CONTENTS, ALLOC, LOAD, DATA
  3 .heap             00000800  080050c8  080050c8  000010c8  2**3  ALLOC
  4 .riscv.attributes 0000001c  00000000  00000000  000010c8  2**0  CONTENTS, READONLY
  5 .comment          00000028  00000000  00000000  000010e4  2**0  CONTENTS, READONLY
SYMBOL TABLE:
08005000 l    d  .text	00000000 .text
08005080 l    d  .rodata	00000000 .rodata
080050c0 l    d  .data	00000000 .data
080050c8 l    d  .heap	00000000 .heap
00000000 l    d  .riscv.attributes	00000000 .riscv.attributes
00000000 l    d  .comment	00000000 .comment
00000000 l    df *ABS*	00000000 servers.c
00000000 l    df *ABS*	00000000 ult.c
080050c4 g     O .data	00000004 earth
00000800 g       *ABS*	00000000 __heap_size
080050c0 g     O .data	00000004 grass
0800503c g     F .text	00000040 main
08005000 g       .text	00000000 _enter
08008000 g       *ABS*	00000000 __heap_end
080050c8 g       .heap	00000000 __heap_start
08005010 g     F .text	0000002c exit



Disassembly of section .text:

08005000 <_enter>:
_enter():
 8005000:	00052503          	lw	a0,0(a0)
 8005004:	80002137          	lui	sp,0x80002
 8005008:	034000ef          	jal	ra,800503c <main>
 800500c:	004000ef          	jal	ra,8005010 <exit>

08005010 <exit>:
exit():
 8005010:	fe010113          	addi	sp,sp,-32 # 80001fe0 <__heap_end+0x77ff9fe0>
 8005014:	00112e23          	sw	ra,28(sp)
 8005018:	00812c23          	sw	s0,24(sp)
 800501c:	02010413          	addi	s0,sp,32
 8005020:	fea42623          	sw	a0,-20(s0)
 8005024:	080057b7          	lui	a5,0x8005
 8005028:	0c07a783          	lw	a5,192(a5) # 80050c0 <grass>
 800502c:	0a47a783          	lw	a5,164(a5)
 8005030:	fec42503          	lw	a0,-20(s0)
 8005034:	000780e7          	jalr	a5
 8005038:	0000006f          	j	8005038 <exit+0x28>

0800503c <main>:
main():
 800503c:	ff010113          	addi	sp,sp,-16
 8005040:	00112623          	sw	ra,12(sp)
 8005044:	00812423          	sw	s0,8(sp)
 8005048:	01010413          	addi	s0,sp,16
 800504c:	080057b7          	lui	a5,0x8005
 8005050:	0c47a783          	lw	a5,196(a5) # 80050c4 <earth>
 8005054:	0387a703          	lw	a4,56(a5)
 8005058:	080057b7          	lui	a5,0x8005
 800505c:	09078513          	addi	a0,a5,144 # 8005090 <main+0x54>
 8005060:	000700e7          	jalr	a4
 8005064:	00000793          	li	a5,0
 8005068:	00078513          	mv	a0,a5
 800506c:	00c12083          	lw	ra,12(sp)
 8005070:	00812403          	lw	s0,8(sp)
 8005074:	01010113          	addi	sp,sp,16
 8005078:	00008067          	ret
